[ 2017-05-15T14:19:06+08:00 ] ::1 /
INFO: [ app_init ] --START--
INFO: Run Behavior\BuildLiteBehavior [ RunTime:0.000000s ]
INFO: [ app_init ] --END-- [ RunTime:0.020001s ]
INFO: [ app_begin ] --START--
INFO: Run Behavior\ReadHtmlCacheBehavior [ RunTime:0.012000s ]
INFO: [ app_begin ] --END-- [ RunTime:0.012000s ]
INFO: [ view_parse ] --START--
INFO: [ template_filter ] --START--
INFO: Run Behavior\ContentReplaceBehavior [ RunTime:0.009001s ]
INFO: [ template_filter ] --END-- [ RunTime:0.009001s ]
INFO: Run Behavior\ParseTemplateBehavior [ RunTime:0.068004s ]
INFO: [ view_parse ] --END-- [ RunTime:0.068004s ]
INFO: [ view_filter ] --START--
INFO: Run Behavior\WriteHtmlCacheBehavior [ RunTime:0.024001s ]
INFO: [ view_filter ] --END-- [ RunTime:0.024001s ]
INFO: [ app_end ] --START--
INFO: Run Behavior\ShowPageTraceBehavior [ RunTime:0.013001s ]
INFO: [ app_end ] --END-- [ RunTime:0.013001s ]

[ 2017-05-15T14:19:13+08:00 ] ::1 /
INFO: [ app_init ] --START--
INFO: Run Behavior\BuildLiteBehavior [ RunTime:0.000000s ]
INFO: [ app_init ] --END-- [ RunTime:0.001000s ]
INFO: [ app_begin ] --START--
INFO: Run Behavior\ReadHtmlCacheBehavior [ RunTime:0.001000s ]
INFO: [ app_begin ] --END-- [ RunTime:0.001000s ]
SQL: SHOW COLUMNS FROM `user` [ RunTime:0.0230s ]
SQL: SELECT `user_password` FROM `user` WHERE `user_name` = 'admin' LIMIT 1   [ RunTime:0.0010s ]

[ 2017-05-15T14:19:13+08:00 ] ::1 /index.php/Home/Index/machine.html
INFO: [ app_init ] --START--
INFO: Run Behavior\BuildLiteBehavior [ RunTime:0.000000s ]
INFO: [ app_init ] --END-- [ RunTime:0.000000s ]
INFO: [ app_begin ] --START--
INFO: Run Behavior\ReadHtmlCacheBehavior [ RunTime:0.001000s ]
INFO: [ app_begin ] --END-- [ RunTime:0.001000s ]
SQL: SHOW COLUMNS FROM `machine` [ RunTime:0.0230s ]
SQL: SELECT * FROM `machine`  [ RunTime:0.0000s ]
INFO: [ view_parse ] --START--
INFO: [ template_filter ] --START--
INFO: Run Behavior\ContentReplaceBehavior [ RunTime:0.000000s ]
INFO: [ template_filter ] --END-- [ RunTime:0.000000s ]
NOTIC: [8] Use of undefined constant admin - assumed 'admin' D:\phpStudy\WWW\project1\Application\Runtime\Cache\Home\41b192d2d62aef6b11348b355d64ab16.php 第 25 行.
NOTIC: [8] Undefined variable: username D:\phpStudy\WWW\project1\Application\Runtime\Cache\Home\41b192d2d62aef6b11348b355d64ab16.php 第 32 行.
NOTIC: [8] Use of undefined constant id - assumed 'id' D:\phpStudy\WWW\project1\Application\Runtime\Cache\Home\41b192d2d62aef6b11348b355d64ab16.php 第 60 行.
NOTIC: [8] Use of undefined constant id - assumed 'id' D:\phpStudy\WWW\project1\Application\Runtime\Cache\Home\41b192d2d62aef6b11348b355d64ab16.php 第 60 行.
NOTIC: [8] Use of undefined constant id - assumed 'id' D:\phpStudy\WWW\project1\Application\Runtime\Cache\Home\41b192d2d62aef6b11348b355d64ab16.php 第 60 行.
NOTIC: [8] Use of undefined constant id - assumed 'id' D:\phpStudy\WWW\project1\Application\Runtime\Cache\Home\41b192d2d62aef6b11348b355d64ab16.php 第 60 行.
NOTIC: [8] Use of undefined constant id - assumed 'id' D:\phpStudy\WWW\project1\Application\Runtime\Cache\Home\41b192d2d62aef6b11348b355d64ab16.php 第 60 行.
INFO: Run Behavior\ParseTemplateBehavior [ RunTime:0.066004s ]
INFO: [ view_parse ] --END-- [ RunTime:0.066004s ]
INFO: [ view_filter ] --START--
INFO: Run Behavior\WriteHtmlCacheBehavior [ RunTime:0.001000s ]
INFO: [ view_filter ] --END-- [ RunTime:0.001000s ]
INFO: [ app_end ] --START--
INFO: Run Behavior\ShowPageTraceBehavior [ RunTime:0.001000s ]
INFO: [ app_end ] --END-- [ RunTime:0.001000s ]

[ 2017-05-15T14:19:15+08:00 ] ::1 /index.php/home/index/data/machine_id/2.html
INFO: [ app_init ] --START--
INFO: Run Behavior\BuildLiteBehavior [ RunTime:0.000000s ]
INFO: [ app_init ] --END-- [ RunTime:0.001000s ]
INFO: [ app_begin ] --START--
INFO: Run Behavior\ReadHtmlCacheBehavior [ RunTime:0.000000s ]
INFO: [ app_begin ] --END-- [ RunTime:0.000000s ]
SQL: SHOW COLUMNS FROM `data` [ RunTime:0.0220s ]
SQL: SELECT * FROM `data` WHERE ( machine_id=2 ) ORDER BY id desc LIMIT 1   [ RunTime:0.0010s ]
INFO: [ view_parse ] --START--
INFO: [ template_filter ] --START--
INFO: Run Behavior\ContentReplaceBehavior [ RunTime:0.000000s ]
INFO: [ template_filter ] --END-- [ RunTime:0.000000s ]
NOTIC: [8] Use of undefined constant admin - assumed 'admin' D:\phpStudy\WWW\project1\Application\Runtime\Cache\Home\4c619b7abef6e99f30be44706da11172.php 第 43 行.
NOTIC: [8] Undefined variable: username D:\phpStudy\WWW\project1\Application\Runtime\Cache\Home\4c619b7abef6e99f30be44706da11172.php 第 50 行.
NOTIC: [8] Undefined variable: _page D:\phpStudy\WWW\project1\Application\Runtime\Cache\Home\4c619b7abef6e99f30be44706da11172.php 第 225 行.
INFO: Run Behavior\ParseTemplateBehavior [ RunTime:0.039002s ]
INFO: [ view_parse ] --END-- [ RunTime:0.039002s ]
INFO: [ view_filter ] --START--
INFO: Run Behavior\WriteHtmlCacheBehavior [ RunTime:0.000000s ]
INFO: [ view_filter ] --END-- [ RunTime:0.000000s ]
INFO: [ app_end ] --START--
INFO: Run Behavior\ShowPageTraceBehavior [ RunTime:0.001000s ]
INFO: [ app_end ] --END-- [ RunTime:0.001000s ]

