[ 2017-05-09T19:22:44+08:00 ] ::1 /index.php/Home/Index/index.html
INFO: [ app_init ] --START--
INFO: Run Behavior\BuildLiteBehavior [ RunTime:0.000000s ]
INFO: [ app_init ] --END-- [ RunTime:0.001000s ]
INFO: [ app_begin ] --START--
INFO: Run Behavior\ReadHtmlCacheBehavior [ RunTime:0.001000s ]
INFO: [ app_begin ] --END-- [ RunTime:0.001000s ]
INFO: [ view_parse ] --START--
INFO: [ template_filter ] --START--
INFO: Run Behavior\ContentReplaceBehavior [ RunTime:0.000000s ]
INFO: [ template_filter ] --END-- [ RunTime:0.000000s ]
INFO: Run Behavior\ParseTemplateBehavior [ RunTime:0.011001s ]
INFO: [ view_parse ] --END-- [ RunTime:0.011001s ]
INFO: [ view_filter ] --START--
INFO: Run Behavior\WriteHtmlCacheBehavior [ RunTime:0.001000s ]
INFO: [ view_filter ] --END-- [ RunTime:0.001000s ]
INFO: [ app_end ] --START--
INFO: Run Behavior\ShowPageTraceBehavior [ RunTime:0.003000s ]
INFO: [ app_end ] --END-- [ RunTime:0.003000s ]

[ 2017-05-09T19:22:52+08:00 ] ::1 /index.php/Home/Index/index.html
INFO: [ app_init ] --START--
INFO: Run Behavior\BuildLiteBehavior [ RunTime:0.000000s ]
INFO: [ app_init ] --END-- [ RunTime:0.001000s ]
INFO: [ app_begin ] --START--
INFO: Run Behavior\ReadHtmlCacheBehavior [ RunTime:0.001000s ]
INFO: [ app_begin ] --END-- [ RunTime:0.001000s ]
SQL: SHOW COLUMNS FROM `user` [ RunTime:0.0050s ]
SQL: SELECT `user_password` FROM `user` LIMIT 1   [ RunTime:0.0000s ]

[ 2017-05-09T19:22:52+08:00 ] ::1 /index.php/Home/Index/machine.html
INFO: [ app_init ] --START--
INFO: Run Behavior\BuildLiteBehavior [ RunTime:0.000000s ]
INFO: [ app_init ] --END-- [ RunTime:0.000000s ]
INFO: [ app_begin ] --START--
INFO: Run Behavior\ReadHtmlCacheBehavior [ RunTime:0.001000s ]
INFO: [ app_begin ] --END-- [ RunTime:0.001000s ]
SQL: SHOW COLUMNS FROM `machine` [ RunTime:0.0040s ]
SQL: SELECT * FROM `machine`  [ RunTime:0.0000s ]
INFO: [ view_parse ] --START--
INFO: [ template_filter ] --START--
INFO: Run Behavior\ContentReplaceBehavior [ RunTime:0.000000s ]
INFO: [ template_filter ] --END-- [ RunTime:0.000000s ]
NOTIC: [8] Undefined variable: username D:\phpStudy\WWW\project1\Application\Runtime\Cache\Home\41b192d2d62aef6b11348b355d64ab16.php 第 26 行.
NOTIC: [8] Use of undefined constant status - assumed 'status' D:\phpStudy\WWW\project1\Application\Runtime\Cache\Home\41b192d2d62aef6b11348b355d64ab16.php 第 50 行.
NOTIC: [8] Use of undefined constant id - assumed 'id' D:\phpStudy\WWW\project1\Application\Runtime\Cache\Home\41b192d2d62aef6b11348b355d64ab16.php 第 54 行.
NOTIC: [8] Use of undefined constant status - assumed 'status' D:\phpStudy\WWW\project1\Application\Runtime\Cache\Home\41b192d2d62aef6b11348b355d64ab16.php 第 50 行.
NOTIC: [8] Use of undefined constant id - assumed 'id' D:\phpStudy\WWW\project1\Application\Runtime\Cache\Home\41b192d2d62aef6b11348b355d64ab16.php 第 54 行.
NOTIC: [8] Use of undefined constant status - assumed 'status' D:\phpStudy\WWW\project1\Application\Runtime\Cache\Home\41b192d2d62aef6b11348b355d64ab16.php 第 50 行.
NOTIC: [8] Use of undefined constant id - assumed 'id' D:\phpStudy\WWW\project1\Application\Runtime\Cache\Home\41b192d2d62aef6b11348b355d64ab16.php 第 54 行.
NOTIC: [8] Use of undefined constant status - assumed 'status' D:\phpStudy\WWW\project1\Application\Runtime\Cache\Home\41b192d2d62aef6b11348b355d64ab16.php 第 50 行.
NOTIC: [8] Use of undefined constant id - assumed 'id' D:\phpStudy\WWW\project1\Application\Runtime\Cache\Home\41b192d2d62aef6b11348b355d64ab16.php 第 54 行.
NOTIC: [8] Use of undefined constant status - assumed 'status' D:\phpStudy\WWW\project1\Application\Runtime\Cache\Home\41b192d2d62aef6b11348b355d64ab16.php 第 50 行.
NOTIC: [8] Use of undefined constant id - assumed 'id' D:\phpStudy\WWW\project1\Application\Runtime\Cache\Home\41b192d2d62aef6b11348b355d64ab16.php 第 54 行.
INFO: Run Behavior\ParseTemplateBehavior [ RunTime:0.013001s ]
INFO: [ view_parse ] --END-- [ RunTime:0.013001s ]
INFO: [ view_filter ] --START--
INFO: Run Behavior\WriteHtmlCacheBehavior [ RunTime:0.000000s ]
INFO: [ view_filter ] --END-- [ RunTime:0.000000s ]
INFO: [ app_end ] --START--
INFO: Run Behavior\ShowPageTraceBehavior [ RunTime:0.001000s ]
INFO: [ app_end ] --END-- [ RunTime:0.001000s ]

[ 2017-05-09T19:22:53+08:00 ] ::1 /index.php/home/index/data/machine_id/2.html
INFO: [ app_init ] --START--
INFO: Run Behavior\BuildLiteBehavior [ RunTime:0.000000s ]
INFO: [ app_init ] --END-- [ RunTime:0.001000s ]
INFO: [ app_begin ] --START--
INFO: Run Behavior\ReadHtmlCacheBehavior [ RunTime:0.002000s ]
INFO: [ app_begin ] --END-- [ RunTime:0.002000s ]
SQL: SHOW COLUMNS FROM `data` [ RunTime:0.0060s ]
SQL: SELECT * FROM `data` WHERE ( machine_id=2 ) ORDER BY id desc LIMIT 1   [ RunTime:0.0000s ]
INFO: [ view_parse ] --START--
INFO: [ template_filter ] --START--
INFO: Run Behavior\ContentReplaceBehavior [ RunTime:0.000000s ]
INFO: [ template_filter ] --END-- [ RunTime:0.000000s ]
NOTIC: [8] Undefined variable: username D:\phpStudy\WWW\project1\Application\Runtime\Cache\Home\4c619b7abef6e99f30be44706da11172.php 第 30 行.
NOTIC: [8] Undefined variable: _page D:\phpStudy\WWW\project1\Application\Runtime\Cache\Home\4c619b7abef6e99f30be44706da11172.php 第 76 行.
INFO: Run Behavior\ParseTemplateBehavior [ RunTime:0.013000s ]
INFO: [ view_parse ] --END-- [ RunTime:0.013000s ]
INFO: [ view_filter ] --START--
INFO: Run Behavior\WriteHtmlCacheBehavior [ RunTime:0.001000s ]
INFO: [ view_filter ] --END-- [ RunTime:0.001000s ]
INFO: [ app_end ] --START--
INFO: Run Behavior\ShowPageTraceBehavior [ RunTime:0.001000s ]
INFO: [ app_end ] --END-- [ RunTime:0.001000s ]

[ 2017-05-09T19:25:39+08:00 ] ::1 /index.php/home/index/data/machine_id/2.html
INFO: [ app_init ] --START--
INFO: Run Behavior\BuildLiteBehavior [ RunTime:0.000000s ]
INFO: [ app_init ] --END-- [ RunTime:0.000000s ]
INFO: [ app_begin ] --START--
INFO: Run Behavior\ReadHtmlCacheBehavior [ RunTime:0.000000s ]
INFO: [ app_begin ] --END-- [ RunTime:0.001000s ]
SQL: SHOW COLUMNS FROM `data` [ RunTime:0.0050s ]
SQL: SELECT * FROM `data` WHERE ( machine_id=2 ) ORDER BY id desc LIMIT 1   [ RunTime:0.0010s ]
INFO: [ view_parse ] --START--
INFO: [ template_filter ] --START--
INFO: Run Behavior\ContentReplaceBehavior [ RunTime:0.000000s ]
INFO: [ template_filter ] --END-- [ RunTime:0.000000s ]
NOTIC: [8] Undefined variable: username D:\phpStudy\WWW\project1\Application\Runtime\Cache\Home\4c619b7abef6e99f30be44706da11172.php 第 30 行.
NOTIC: [8] Undefined variable: _page D:\phpStudy\WWW\project1\Application\Runtime\Cache\Home\4c619b7abef6e99f30be44706da11172.php 第 76 行.
INFO: Run Behavior\ParseTemplateBehavior [ RunTime:0.015000s ]
INFO: [ view_parse ] --END-- [ RunTime:0.015000s ]
INFO: [ view_filter ] --START--
INFO: Run Behavior\WriteHtmlCacheBehavior [ RunTime:0.000000s ]
INFO: [ view_filter ] --END-- [ RunTime:0.001001s ]
INFO: [ app_end ] --START--
INFO: Run Behavior\ShowPageTraceBehavior [ RunTime:0.001000s ]
INFO: [ app_end ] --END-- [ RunTime:0.001000s ]

[ 2017-05-09T19:25:40+08:00 ] ::1 /index.php/home/index/data/machine_id/2.html
INFO: [ app_init ] --START--
INFO: Run Behavior\BuildLiteBehavior [ RunTime:0.000000s ]
INFO: [ app_init ] --END-- [ RunTime:0.000000s ]
INFO: [ app_begin ] --START--
INFO: Run Behavior\ReadHtmlCacheBehavior [ RunTime:0.001000s ]
INFO: [ app_begin ] --END-- [ RunTime:0.001000s ]
SQL: SHOW COLUMNS FROM `data` [ RunTime:0.0070s ]
SQL: SELECT * FROM `data` WHERE ( machine_id=2 ) ORDER BY id desc LIMIT 1   [ RunTime:0.0000s ]
INFO: [ view_parse ] --START--
INFO: [ template_filter ] --START--
INFO: Run Behavior\ContentReplaceBehavior [ RunTime:0.000000s ]
INFO: [ template_filter ] --END-- [ RunTime:0.000000s ]
NOTIC: [8] Undefined variable: username D:\phpStudy\WWW\project1\Application\Runtime\Cache\Home\4c619b7abef6e99f30be44706da11172.php 第 30 行.
NOTIC: [8] Undefined variable: _page D:\phpStudy\WWW\project1\Application\Runtime\Cache\Home\4c619b7abef6e99f30be44706da11172.php 第 76 行.
INFO: Run Behavior\ParseTemplateBehavior [ RunTime:0.011001s ]
INFO: [ view_parse ] --END-- [ RunTime:0.011001s ]
INFO: [ view_filter ] --START--
INFO: Run Behavior\WriteHtmlCacheBehavior [ RunTime:0.001000s ]
INFO: [ view_filter ] --END-- [ RunTime:0.001000s ]
INFO: [ app_end ] --START--
INFO: Run Behavior\ShowPageTraceBehavior [ RunTime:0.000000s ]
INFO: [ app_end ] --END-- [ RunTime:0.000000s ]

[ 2017-05-09T19:25:40+08:00 ] ::1 /index.php/home/index/data/machine_id/2.html
INFO: [ app_init ] --START--
INFO: Run Behavior\BuildLiteBehavior [ RunTime:0.000000s ]
INFO: [ app_init ] --END-- [ RunTime:0.001000s ]
INFO: [ app_begin ] --START--
INFO: Run Behavior\ReadHtmlCacheBehavior [ RunTime:0.001000s ]
INFO: [ app_begin ] --END-- [ RunTime:0.001000s ]
SQL: SHOW COLUMNS FROM `data` [ RunTime:0.0050s ]
SQL: SELECT * FROM `data` WHERE ( machine_id=2 ) ORDER BY id desc LIMIT 1   [ RunTime:0.0000s ]
INFO: [ view_parse ] --START--
INFO: [ template_filter ] --START--
INFO: Run Behavior\ContentReplaceBehavior [ RunTime:0.000000s ]
INFO: [ template_filter ] --END-- [ RunTime:0.000000s ]
NOTIC: [8] Undefined variable: username D:\phpStudy\WWW\project1\Application\Runtime\Cache\Home\4c619b7abef6e99f30be44706da11172.php 第 30 行.
NOTIC: [8] Undefined variable: _page D:\phpStudy\WWW\project1\Application\Runtime\Cache\Home\4c619b7abef6e99f30be44706da11172.php 第 76 行.
INFO: Run Behavior\ParseTemplateBehavior [ RunTime:0.012001s ]
INFO: [ view_parse ] --END-- [ RunTime:0.012001s ]
INFO: [ view_filter ] --START--
INFO: Run Behavior\WriteHtmlCacheBehavior [ RunTime:0.000000s ]
INFO: [ view_filter ] --END-- [ RunTime:0.000000s ]
INFO: [ app_end ] --START--
INFO: Run Behavior\ShowPageTraceBehavior [ RunTime:0.001000s ]
INFO: [ app_end ] --END-- [ RunTime:0.001000s ]

[ 2017-05-09T19:25:41+08:00 ] ::1 /index.php/home/index/data/machine_id/2.html
INFO: [ app_init ] --START--
INFO: Run Behavior\BuildLiteBehavior [ RunTime:0.000000s ]
INFO: [ app_init ] --END-- [ RunTime:0.001000s ]
INFO: [ app_begin ] --START--
INFO: Run Behavior\ReadHtmlCacheBehavior [ RunTime:0.001000s ]
INFO: [ app_begin ] --END-- [ RunTime:0.001000s ]
SQL: SHOW COLUMNS FROM `data` [ RunTime:0.0060s ]
SQL: SELECT * FROM `data` WHERE ( machine_id=2 ) ORDER BY id desc LIMIT 1   [ RunTime:0.0010s ]
INFO: [ view_parse ] --START--
INFO: [ template_filter ] --START--
INFO: Run Behavior\ContentReplaceBehavior [ RunTime:0.000000s ]
INFO: [ template_filter ] --END-- [ RunTime:0.000000s ]
NOTIC: [8] Undefined variable: username D:\phpStudy\WWW\project1\Application\Runtime\Cache\Home\4c619b7abef6e99f30be44706da11172.php 第 30 行.
NOTIC: [8] Undefined variable: _page D:\phpStudy\WWW\project1\Application\Runtime\Cache\Home\4c619b7abef6e99f30be44706da11172.php 第 76 行.
INFO: Run Behavior\ParseTemplateBehavior [ RunTime:0.011001s ]
INFO: [ view_parse ] --END-- [ RunTime:0.011001s ]
INFO: [ view_filter ] --START--
INFO: Run Behavior\WriteHtmlCacheBehavior [ RunTime:0.000000s ]
INFO: [ view_filter ] --END-- [ RunTime:0.000000s ]
INFO: [ app_end ] --START--
INFO: Run Behavior\ShowPageTraceBehavior [ RunTime:0.000000s ]
INFO: [ app_end ] --END-- [ RunTime:0.001000s ]

[ 2017-05-09T19:28:35+08:00 ] ::1 /index.php/Home/Index/index.html
INFO: [ app_init ] --START--
INFO: Run Behavior\BuildLiteBehavior [ RunTime:0.000000s ]
INFO: [ app_init ] --END-- [ RunTime:0.001000s ]
INFO: [ app_begin ] --START--
INFO: Run Behavior\ReadHtmlCacheBehavior [ RunTime:0.001000s ]
INFO: [ app_begin ] --END-- [ RunTime:0.001000s ]
INFO: [ view_parse ] --START--
INFO: [ template_filter ] --START--
INFO: Run Behavior\ContentReplaceBehavior [ RunTime:0.000000s ]
INFO: [ template_filter ] --END-- [ RunTime:0.000000s ]
INFO: Run Behavior\ParseTemplateBehavior [ RunTime:0.007001s ]
INFO: [ view_parse ] --END-- [ RunTime:0.007001s ]
INFO: [ view_filter ] --START--
INFO: Run Behavior\WriteHtmlCacheBehavior [ RunTime:0.000000s ]
INFO: [ view_filter ] --END-- [ RunTime:0.001000s ]
INFO: [ app_end ] --START--
INFO: Run Behavior\ShowPageTraceBehavior [ RunTime:0.001000s ]
INFO: [ app_end ] --END-- [ RunTime:0.001000s ]

[ 2017-05-09T19:29:08+08:00 ] ::1 /index.php/Home/Index/index.html
INFO: [ app_init ] --START--
INFO: Run Behavior\BuildLiteBehavior [ RunTime:0.001000s ]
INFO: [ app_init ] --END-- [ RunTime:0.001000s ]
INFO: [ app_begin ] --START--
INFO: Run Behavior\ReadHtmlCacheBehavior [ RunTime:0.001000s ]
INFO: [ app_begin ] --END-- [ RunTime:0.001000s ]
SQL: SHOW COLUMNS FROM `user` [ RunTime:0.0050s ]
SQL: SELECT `user_password` FROM `user` LIMIT 1   [ RunTime:0.0000s ]

[ 2017-05-09T19:29:08+08:00 ] ::1 /index.php/Home/Index/machine.html
INFO: [ app_init ] --START--
INFO: Run Behavior\BuildLiteBehavior [ RunTime:0.000000s ]
INFO: [ app_init ] --END-- [ RunTime:0.001001s ]
INFO: [ app_begin ] --START--
INFO: Run Behavior\ReadHtmlCacheBehavior [ RunTime:0.000000s ]
INFO: [ app_begin ] --END-- [ RunTime:0.000000s ]
SQL: SHOW COLUMNS FROM `machine` [ RunTime:0.0050s ]
SQL: SELECT * FROM `machine`  [ RunTime:0.0010s ]
INFO: [ view_parse ] --START--
INFO: [ template_filter ] --START--
INFO: Run Behavior\ContentReplaceBehavior [ RunTime:0.000000s ]
INFO: [ template_filter ] --END-- [ RunTime:0.000000s ]
NOTIC: [8] Undefined variable: username D:\phpStudy\WWW\project1\Application\Runtime\Cache\Home\41b192d2d62aef6b11348b355d64ab16.php 第 26 行.
NOTIC: [8] Use of undefined constant status - assumed 'status' D:\phpStudy\WWW\project1\Application\Runtime\Cache\Home\41b192d2d62aef6b11348b355d64ab16.php 第 50 行.
NOTIC: [8] Use of undefined constant id - assumed 'id' D:\phpStudy\WWW\project1\Application\Runtime\Cache\Home\41b192d2d62aef6b11348b355d64ab16.php 第 54 行.
NOTIC: [8] Use of undefined constant status - assumed 'status' D:\phpStudy\WWW\project1\Application\Runtime\Cache\Home\41b192d2d62aef6b11348b355d64ab16.php 第 50 行.
NOTIC: [8] Use of undefined constant id - assumed 'id' D:\phpStudy\WWW\project1\Application\Runtime\Cache\Home\41b192d2d62aef6b11348b355d64ab16.php 第 54 行.
NOTIC: [8] Use of undefined constant status - assumed 'status' D:\phpStudy\WWW\project1\Application\Runtime\Cache\Home\41b192d2d62aef6b11348b355d64ab16.php 第 50 行.
NOTIC: [8] Use of undefined constant id - assumed 'id' D:\phpStudy\WWW\project1\Application\Runtime\Cache\Home\41b192d2d62aef6b11348b355d64ab16.php 第 54 行.
NOTIC: [8] Use of undefined constant status - assumed 'status' D:\phpStudy\WWW\project1\Application\Runtime\Cache\Home\41b192d2d62aef6b11348b355d64ab16.php 第 50 行.
NOTIC: [8] Use of undefined constant id - assumed 'id' D:\phpStudy\WWW\project1\Application\Runtime\Cache\Home\41b192d2d62aef6b11348b355d64ab16.php 第 54 行.
NOTIC: [8] Use of undefined constant status - assumed 'status' D:\phpStudy\WWW\project1\Application\Runtime\Cache\Home\41b192d2d62aef6b11348b355d64ab16.php 第 50 行.
NOTIC: [8] Use of undefined constant id - assumed 'id' D:\phpStudy\WWW\project1\Application\Runtime\Cache\Home\41b192d2d62aef6b11348b355d64ab16.php 第 54 行.
INFO: Run Behavior\ParseTemplateBehavior [ RunTime:0.011000s ]
INFO: [ view_parse ] --END-- [ RunTime:0.011000s ]
INFO: [ view_filter ] --START--
INFO: Run Behavior\WriteHtmlCacheBehavior [ RunTime:0.000000s ]
INFO: [ view_filter ] --END-- [ RunTime:0.000000s ]
INFO: [ app_end ] --START--
INFO: Run Behavior\ShowPageTraceBehavior [ RunTime:0.001000s ]
INFO: [ app_end ] --END-- [ RunTime:0.001000s ]

[ 2017-05-09T19:29:24+08:00 ] ::1 /index.php/Home/Index/history.html
INFO: [ app_init ] --START--
INFO: Run Behavior\BuildLiteBehavior [ RunTime:0.000000s ]
INFO: [ app_init ] --END-- [ RunTime:0.000000s ]
INFO: [ app_begin ] --START--
INFO: Run Behavior\ReadHtmlCacheBehavior [ RunTime:0.003000s ]
INFO: [ app_begin ] --END-- [ RunTime:0.003000s ]
INFO: [ view_parse ] --START--
INFO: [ template_filter ] --START--
INFO: Run Behavior\ContentReplaceBehavior [ RunTime:0.000000s ]
INFO: [ template_filter ] --END-- [ RunTime:0.000000s ]
NOTIC: [8] Undefined variable: username D:\phpStudy\WWW\project1\Application\Runtime\Cache\Home\fc3d0a8a50a7a3bb4adf41426038b291.php 第 26 行.
INFO: Run Behavior\ParseTemplateBehavior [ RunTime:0.008001s ]
INFO: [ view_parse ] --END-- [ RunTime:0.008001s ]
INFO: [ view_filter ] --START--
INFO: Run Behavior\WriteHtmlCacheBehavior [ RunTime:0.001000s ]
INFO: [ view_filter ] --END-- [ RunTime:0.001000s ]
INFO: [ app_end ] --START--
INFO: Run Behavior\ShowPageTraceBehavior [ RunTime:0.000000s ]
INFO: [ app_end ] --END-- [ RunTime:0.000000s ]

[ 2017-05-09T19:29:25+08:00 ] ::1 /index.php/Home/Index/machine.html
INFO: [ app_init ] --START--
INFO: Run Behavior\BuildLiteBehavior [ RunTime:0.000000s ]
INFO: [ app_init ] --END-- [ RunTime:0.000000s ]
INFO: [ app_begin ] --START--
INFO: Run Behavior\ReadHtmlCacheBehavior [ RunTime:0.001000s ]
INFO: [ app_begin ] --END-- [ RunTime:0.001000s ]
SQL: SHOW COLUMNS FROM `machine` [ RunTime:0.0040s ]
SQL: SELECT * FROM `machine`  [ RunTime:0.0000s ]
INFO: [ view_parse ] --START--
INFO: [ template_filter ] --START--
INFO: Run Behavior\ContentReplaceBehavior [ RunTime:0.000000s ]
INFO: [ template_filter ] --END-- [ RunTime:0.000000s ]
NOTIC: [8] Undefined variable: username D:\phpStudy\WWW\project1\Application\Runtime\Cache\Home\41b192d2d62aef6b11348b355d64ab16.php 第 26 行.
NOTIC: [8] Use of undefined constant status - assumed 'status' D:\phpStudy\WWW\project1\Application\Runtime\Cache\Home\41b192d2d62aef6b11348b355d64ab16.php 第 50 行.
NOTIC: [8] Use of undefined constant id - assumed 'id' D:\phpStudy\WWW\project1\Application\Runtime\Cache\Home\41b192d2d62aef6b11348b355d64ab16.php 第 54 行.
NOTIC: [8] Use of undefined constant status - assumed 'status' D:\phpStudy\WWW\project1\Application\Runtime\Cache\Home\41b192d2d62aef6b11348b355d64ab16.php 第 50 行.
NOTIC: [8] Use of undefined constant id - assumed 'id' D:\phpStudy\WWW\project1\Application\Runtime\Cache\Home\41b192d2d62aef6b11348b355d64ab16.php 第 54 行.
NOTIC: [8] Use of undefined constant status - assumed 'status' D:\phpStudy\WWW\project1\Application\Runtime\Cache\Home\41b192d2d62aef6b11348b355d64ab16.php 第 50 行.
NOTIC: [8] Use of undefined constant id - assumed 'id' D:\phpStudy\WWW\project1\Application\Runtime\Cache\Home\41b192d2d62aef6b11348b355d64ab16.php 第 54 行.
NOTIC: [8] Use of undefined constant status - assumed 'status' D:\phpStudy\WWW\project1\Application\Runtime\Cache\Home\41b192d2d62aef6b11348b355d64ab16.php 第 50 行.
NOTIC: [8] Use of undefined constant id - assumed 'id' D:\phpStudy\WWW\project1\Application\Runtime\Cache\Home\41b192d2d62aef6b11348b355d64ab16.php 第 54 行.
NOTIC: [8] Use of undefined constant status - assumed 'status' D:\phpStudy\WWW\project1\Application\Runtime\Cache\Home\41b192d2d62aef6b11348b355d64ab16.php 第 50 行.
NOTIC: [8] Use of undefined constant id - assumed 'id' D:\phpStudy\WWW\project1\Application\Runtime\Cache\Home\41b192d2d62aef6b11348b355d64ab16.php 第 54 行.
INFO: Run Behavior\ParseTemplateBehavior [ RunTime:0.010001s ]
INFO: [ view_parse ] --END-- [ RunTime:0.010001s ]
INFO: [ view_filter ] --START--
INFO: Run Behavior\WriteHtmlCacheBehavior [ RunTime:0.001000s ]
INFO: [ view_filter ] --END-- [ RunTime:0.001000s ]
INFO: [ app_end ] --START--
INFO: Run Behavior\ShowPageTraceBehavior [ RunTime:0.001000s ]
INFO: [ app_end ] --END-- [ RunTime:0.001000s ]

[ 2017-05-09T19:29:32+08:00 ] ::1 /index.php/home/index/data/machine_id/2.html
INFO: [ app_init ] --START--
INFO: Run Behavior\BuildLiteBehavior [ RunTime:0.000000s ]
INFO: [ app_init ] --END-- [ RunTime:0.000000s ]
INFO: [ app_begin ] --START--
INFO: Run Behavior\ReadHtmlCacheBehavior [ RunTime:0.001000s ]
INFO: [ app_begin ] --END-- [ RunTime:0.001000s ]
SQL: SHOW COLUMNS FROM `data` [ RunTime:0.0040s ]
SQL: SELECT * FROM `data` WHERE ( machine_id=2 ) ORDER BY id desc LIMIT 1   [ RunTime:0.0000s ]
INFO: [ view_parse ] --START--
INFO: [ template_filter ] --START--
INFO: Run Behavior\ContentReplaceBehavior [ RunTime:0.000000s ]
INFO: [ template_filter ] --END-- [ RunTime:0.000000s ]
NOTIC: [8] Undefined variable: username D:\phpStudy\WWW\project1\Application\Runtime\Cache\Home\4c619b7abef6e99f30be44706da11172.php 第 30 行.
NOTIC: [8] Undefined variable: _page D:\phpStudy\WWW\project1\Application\Runtime\Cache\Home\4c619b7abef6e99f30be44706da11172.php 第 76 行.
INFO: Run Behavior\ParseTemplateBehavior [ RunTime:0.011000s ]
INFO: [ view_parse ] --END-- [ RunTime:0.011000s ]
INFO: [ view_filter ] --START--
INFO: Run Behavior\WriteHtmlCacheBehavior [ RunTime:0.000000s ]
INFO: [ view_filter ] --END-- [ RunTime:0.000000s ]
INFO: [ app_end ] --START--
INFO: Run Behavior\ShowPageTraceBehavior [ RunTime:0.001000s ]
INFO: [ app_end ] --END-- [ RunTime:0.001000s ]

[ 2017-05-09T19:55:52+08:00 ] ::1 /index.php/Home/Index/machine.html
INFO: [ app_init ] --START--
INFO: Run Behavior\BuildLiteBehavior [ RunTime:0.000000s ]
INFO: [ app_init ] --END-- [ RunTime:0.000000s ]
INFO: [ app_begin ] --START--
INFO: Run Behavior\ReadHtmlCacheBehavior [ RunTime:0.001000s ]
INFO: [ app_begin ] --END-- [ RunTime:0.001000s ]
SQL: SHOW COLUMNS FROM `machine` [ RunTime:0.0060s ]
SQL: SELECT * FROM `machine`  [ RunTime:0.0010s ]
INFO: [ view_parse ] --START--
INFO: [ template_filter ] --START--
INFO: Run Behavior\ContentReplaceBehavior [ RunTime:0.000000s ]
INFO: [ template_filter ] --END-- [ RunTime:0.000000s ]
NOTIC: [8] Undefined variable: username D:\phpStudy\WWW\project1\Application\Runtime\Cache\Home\41b192d2d62aef6b11348b355d64ab16.php 第 26 行.
NOTIC: [8] Use of undefined constant status - assumed 'status' D:\phpStudy\WWW\project1\Application\Runtime\Cache\Home\41b192d2d62aef6b11348b355d64ab16.php 第 50 行.
NOTIC: [8] Use of undefined constant id - assumed 'id' D:\phpStudy\WWW\project1\Application\Runtime\Cache\Home\41b192d2d62aef6b11348b355d64ab16.php 第 54 行.
NOTIC: [8] Use of undefined constant status - assumed 'status' D:\phpStudy\WWW\project1\Application\Runtime\Cache\Home\41b192d2d62aef6b11348b355d64ab16.php 第 50 行.
NOTIC: [8] Use of undefined constant id - assumed 'id' D:\phpStudy\WWW\project1\Application\Runtime\Cache\Home\41b192d2d62aef6b11348b355d64ab16.php 第 54 行.
NOTIC: [8] Use of undefined constant status - assumed 'status' D:\phpStudy\WWW\project1\Application\Runtime\Cache\Home\41b192d2d62aef6b11348b355d64ab16.php 第 50 行.
NOTIC: [8] Use of undefined constant id - assumed 'id' D:\phpStudy\WWW\project1\Application\Runtime\Cache\Home\41b192d2d62aef6b11348b355d64ab16.php 第 54 行.
NOTIC: [8] Use of undefined constant status - assumed 'status' D:\phpStudy\WWW\project1\Application\Runtime\Cache\Home\41b192d2d62aef6b11348b355d64ab16.php 第 50 行.
NOTIC: [8] Use of undefined constant id - assumed 'id' D:\phpStudy\WWW\project1\Application\Runtime\Cache\Home\41b192d2d62aef6b11348b355d64ab16.php 第 54 行.
NOTIC: [8] Use of undefined constant status - assumed 'status' D:\phpStudy\WWW\project1\Application\Runtime\Cache\Home\41b192d2d62aef6b11348b355d64ab16.php 第 50 行.
NOTIC: [8] Use of undefined constant id - assumed 'id' D:\phpStudy\WWW\project1\Application\Runtime\Cache\Home\41b192d2d62aef6b11348b355d64ab16.php 第 54 行.
INFO: Run Behavior\ParseTemplateBehavior [ RunTime:0.012000s ]
INFO: [ view_parse ] --END-- [ RunTime:0.012000s ]
INFO: [ view_filter ] --START--
INFO: Run Behavior\WriteHtmlCacheBehavior [ RunTime:0.001000s ]
INFO: [ view_filter ] --END-- [ RunTime:0.001000s ]
INFO: [ app_end ] --START--
INFO: Run Behavior\ShowPageTraceBehavior [ RunTime:0.001000s ]
INFO: [ app_end ] --END-- [ RunTime:0.001000s ]

[ 2017-05-09T19:56:09+08:00 ] ::1 /index.php/home/index/data/machine_id/2.html
INFO: [ app_init ] --START--
INFO: Run Behavior\BuildLiteBehavior [ RunTime:0.000000s ]
INFO: [ app_init ] --END-- [ RunTime:0.001000s ]
INFO: [ app_begin ] --START--
INFO: Run Behavior\ReadHtmlCacheBehavior [ RunTime:0.000000s ]
INFO: [ app_begin ] --END-- [ RunTime:0.001000s ]
SQL: SHOW COLUMNS FROM `data` [ RunTime:0.0070s ]
SQL: SELECT * FROM `data` WHERE ( machine_id=2 ) ORDER BY id desc LIMIT 1   [ RunTime:0.0010s ]
INFO: [ view_parse ] --START--
INFO: [ template_filter ] --START--
INFO: Run Behavior\ContentReplaceBehavior [ RunTime:0.001000s ]
INFO: [ template_filter ] --END-- [ RunTime:0.001000s ]
NOTIC: [8] Undefined variable: username D:\phpStudy\WWW\project1\Application\Runtime\Cache\Home\4c619b7abef6e99f30be44706da11172.php 第 30 行.
NOTIC: [8] Undefined variable: _page D:\phpStudy\WWW\project1\Application\Runtime\Cache\Home\4c619b7abef6e99f30be44706da11172.php 第 76 行.
INFO: Run Behavior\ParseTemplateBehavior [ RunTime:0.012001s ]
INFO: [ view_parse ] --END-- [ RunTime:0.012001s ]
INFO: [ view_filter ] --START--
INFO: Run Behavior\WriteHtmlCacheBehavior [ RunTime:0.000000s ]
INFO: [ view_filter ] --END-- [ RunTime:0.000000s ]
INFO: [ app_end ] --START--
INFO: Run Behavior\ShowPageTraceBehavior [ RunTime:0.001000s ]
INFO: [ app_end ] --END-- [ RunTime:0.001000s ]

[ 2017-05-09T19:57:40+08:00 ] ::1 /index.php/home/index/data/machine_id/2.html
INFO: [ app_init ] --START--
INFO: Run Behavior\BuildLiteBehavior [ RunTime:0.000000s ]
INFO: [ app_init ] --END-- [ RunTime:0.000000s ]
INFO: [ app_begin ] --START--
INFO: Run Behavior\ReadHtmlCacheBehavior [ RunTime:0.001000s ]
INFO: [ app_begin ] --END-- [ RunTime:0.001000s ]
SQL: SHOW COLUMNS FROM `data` [ RunTime:0.0050s ]
SQL: SELECT * FROM `data` WHERE ( machine_id=2 ) ORDER BY id desc LIMIT 1   [ RunTime:0.0010s ]
INFO: [ view_parse ] --START--
INFO: [ template_filter ] --START--
INFO: Run Behavior\ContentReplaceBehavior [ RunTime:0.000000s ]
INFO: [ template_filter ] --END-- [ RunTime:0.000000s ]
NOTIC: [8] Undefined variable: username D:\phpStudy\WWW\project1\Application\Runtime\Cache\Home\4c619b7abef6e99f30be44706da11172.php 第 30 行.
NOTIC: [8] Undefined variable: _page D:\phpStudy\WWW\project1\Application\Runtime\Cache\Home\4c619b7abef6e99f30be44706da11172.php 第 76 行.
INFO: Run Behavior\ParseTemplateBehavior [ RunTime:0.012000s ]
INFO: [ view_parse ] --END-- [ RunTime:0.012000s ]
INFO: [ view_filter ] --START--
INFO: Run Behavior\WriteHtmlCacheBehavior [ RunTime:0.001000s ]
INFO: [ view_filter ] --END-- [ RunTime:0.001000s ]
INFO: [ app_end ] --START--
INFO: Run Behavior\ShowPageTraceBehavior [ RunTime:0.001000s ]
INFO: [ app_end ] --END-- [ RunTime:0.001000s ]

[ 2017-05-09T19:57:49+08:00 ] ::1 /index.php/home/index/data/machine_id/2.html
INFO: [ app_init ] --START--
INFO: Run Behavior\BuildLiteBehavior [ RunTime:0.000000s ]
INFO: [ app_init ] --END-- [ RunTime:0.001000s ]
INFO: [ app_begin ] --START--
INFO: Run Behavior\ReadHtmlCacheBehavior [ RunTime:0.000000s ]
INFO: [ app_begin ] --END-- [ RunTime:0.000000s ]
SQL: SHOW COLUMNS FROM `data` [ RunTime:0.0050s ]
SQL: SELECT * FROM `data` WHERE ( machine_id=2 ) ORDER BY id desc LIMIT 1   [ RunTime:0.0010s ]
INFO: [ view_parse ] --START--
INFO: [ template_filter ] --START--
INFO: Run Behavior\ContentReplaceBehavior [ RunTime:0.000000s ]
INFO: [ template_filter ] --END-- [ RunTime:0.001000s ]
NOTIC: [8] Undefined variable: username D:\phpStudy\WWW\project1\Application\Runtime\Cache\Home\4c619b7abef6e99f30be44706da11172.php 第 30 行.
NOTIC: [8] Undefined variable: _page D:\phpStudy\WWW\project1\Application\Runtime\Cache\Home\4c619b7abef6e99f30be44706da11172.php 第 76 行.
INFO: Run Behavior\ParseTemplateBehavior [ RunTime:0.014001s ]
INFO: [ view_parse ] --END-- [ RunTime:0.014001s ]
INFO: [ view_filter ] --START--
INFO: Run Behavior\WriteHtmlCacheBehavior [ RunTime:0.000000s ]
INFO: [ view_filter ] --END-- [ RunTime:0.000000s ]
INFO: [ app_end ] --START--
INFO: Run Behavior\ShowPageTraceBehavior [ RunTime:0.000000s ]
INFO: [ app_end ] --END-- [ RunTime:0.000000s ]

[ 2017-05-09T20:03:45+08:00 ] ::1 /index.php/home/index/data/machine_id/2.html
INFO: [ app_init ] --START--
INFO: Run Behavior\BuildLiteBehavior [ RunTime:0.000000s ]
INFO: [ app_init ] --END-- [ RunTime:0.001000s ]
INFO: [ app_begin ] --START--
INFO: Run Behavior\ReadHtmlCacheBehavior [ RunTime:0.001001s ]
INFO: [ app_begin ] --END-- [ RunTime:0.001001s ]
SQL: SHOW COLUMNS FROM `data` [ RunTime:0.0060s ]
SQL: SELECT * FROM `data` WHERE ( machine_id=2 ) ORDER BY id desc LIMIT 1   [ RunTime:0.0000s ]
INFO: [ view_parse ] --START--
INFO: [ template_filter ] --START--
INFO: Run Behavior\ContentReplaceBehavior [ RunTime:0.000000s ]
INFO: [ template_filter ] --END-- [ RunTime:0.000000s ]
NOTIC: [8] Undefined variable: username D:\phpStudy\WWW\project1\Application\Runtime\Cache\Home\4c619b7abef6e99f30be44706da11172.php 第 30 行.
NOTIC: [8] Undefined variable: userdata D:\phpStudy\WWW\project1\Application\Runtime\Cache\Home\4c619b7abef6e99f30be44706da11172.php 第 57 行.
NOTIC: [8] Undefined variable: userdata D:\phpStudy\WWW\project1\Application\Runtime\Cache\Home\4c619b7abef6e99f30be44706da11172.php 第 63 行.
NOTIC: [8] Undefined variable: userdata D:\phpStudy\WWW\project1\Application\Runtime\Cache\Home\4c619b7abef6e99f30be44706da11172.php 第 69 行.
NOTIC: [8] Undefined variable: userdata D:\phpStudy\WWW\project1\Application\Runtime\Cache\Home\4c619b7abef6e99f30be44706da11172.php 第 75 行.
NOTIC: [8] Undefined variable: userdata D:\phpStudy\WWW\project1\Application\Runtime\Cache\Home\4c619b7abef6e99f30be44706da11172.php 第 81 行.
NOTIC: [8] Undefined variable: _page D:\phpStudy\WWW\project1\Application\Runtime\Cache\Home\4c619b7abef6e99f30be44706da11172.php 第 111 行.
INFO: Run Behavior\ParseTemplateBehavior [ RunTime:0.054004s ]
INFO: [ view_parse ] --END-- [ RunTime:0.054004s ]
INFO: [ view_filter ] --START--
INFO: Run Behavior\WriteHtmlCacheBehavior [ RunTime:0.001000s ]
INFO: [ view_filter ] --END-- [ RunTime:0.001000s ]
INFO: [ app_end ] --START--
INFO: Run Behavior\ShowPageTraceBehavior [ RunTime:0.001000s ]
INFO: [ app_end ] --END-- [ RunTime:0.001000s ]

[ 2017-05-09T20:05:16+08:00 ] ::1 /index.php/home/index/data/machine_id/2.html
INFO: [ app_init ] --START--
INFO: Run Behavior\BuildLiteBehavior [ RunTime:0.000000s ]
INFO: [ app_init ] --END-- [ RunTime:0.001001s ]
INFO: [ app_begin ] --START--
INFO: Run Behavior\ReadHtmlCacheBehavior [ RunTime:0.002000s ]
INFO: [ app_begin ] --END-- [ RunTime:0.002000s ]
SQL: SHOW COLUMNS FROM `data` [ RunTime:0.0070s ]
SQL: SELECT * FROM `data` WHERE ( machine_id=2 ) ORDER BY id desc LIMIT 1   [ RunTime:0.0000s ]
INFO: [ view_parse ] --START--
INFO: [ template_filter ] --START--
INFO: Run Behavior\ContentReplaceBehavior [ RunTime:0.000000s ]
INFO: [ template_filter ] --END-- [ RunTime:0.000000s ]
NOTIC: [8] Undefined variable: username D:\phpStudy\WWW\project1\Application\Runtime\Cache\Home\4c619b7abef6e99f30be44706da11172.php 第 30 行.
NOTIC: [8] Undefined variable: userdata D:\phpStudy\WWW\project1\Application\Runtime\Cache\Home\4c619b7abef6e99f30be44706da11172.php 第 57 行.
NOTIC: [8] Undefined variable: userdata D:\phpStudy\WWW\project1\Application\Runtime\Cache\Home\4c619b7abef6e99f30be44706da11172.php 第 63 行.
NOTIC: [8] Undefined variable: userdata D:\phpStudy\WWW\project1\Application\Runtime\Cache\Home\4c619b7abef6e99f30be44706da11172.php 第 69 行.
NOTIC: [8] Undefined variable: userdata D:\phpStudy\WWW\project1\Application\Runtime\Cache\Home\4c619b7abef6e99f30be44706da11172.php 第 75 行.
NOTIC: [8] Undefined variable: userdata D:\phpStudy\WWW\project1\Application\Runtime\Cache\Home\4c619b7abef6e99f30be44706da11172.php 第 81 行.
NOTIC: [8] Undefined variable: _page D:\phpStudy\WWW\project1\Application\Runtime\Cache\Home\4c619b7abef6e99f30be44706da11172.php 第 111 行.
INFO: Run Behavior\ParseTemplateBehavior [ RunTime:0.014001s ]
INFO: [ view_parse ] --END-- [ RunTime:0.014001s ]
INFO: [ view_filter ] --START--
INFO: Run Behavior\WriteHtmlCacheBehavior [ RunTime:0.000000s ]
INFO: [ view_filter ] --END-- [ RunTime:0.000000s ]
INFO: [ app_end ] --START--
INFO: Run Behavior\ShowPageTraceBehavior [ RunTime:0.002000s ]
INFO: [ app_end ] --END-- [ RunTime:0.002000s ]

[ 2017-05-09T20:05:20+08:00 ] ::1 /index.php/home/index/data/machine_id/2.html
INFO: [ app_init ] --START--
INFO: Run Behavior\BuildLiteBehavior [ RunTime:0.000000s ]
INFO: [ app_init ] --END-- [ RunTime:0.001000s ]
INFO: [ app_begin ] --START--
INFO: Run Behavior\ReadHtmlCacheBehavior [ RunTime:0.001000s ]
INFO: [ app_begin ] --END-- [ RunTime:0.001000s ]
SQL: SHOW COLUMNS FROM `data` [ RunTime:0.0050s ]
SQL: SELECT * FROM `data` WHERE ( machine_id=2 ) ORDER BY id desc LIMIT 1   [ RunTime:0.0000s ]
INFO: [ view_parse ] --START--
INFO: [ template_filter ] --START--
INFO: Run Behavior\ContentReplaceBehavior [ RunTime:0.000000s ]
INFO: [ template_filter ] --END-- [ RunTime:0.000000s ]
NOTIC: [8] Undefined variable: username D:\phpStudy\WWW\project1\Application\Runtime\Cache\Home\4c619b7abef6e99f30be44706da11172.php 第 30 行.
NOTIC: [8] Undefined variable: userdata D:\phpStudy\WWW\project1\Application\Runtime\Cache\Home\4c619b7abef6e99f30be44706da11172.php 第 57 行.
NOTIC: [8] Undefined variable: userdata D:\phpStudy\WWW\project1\Application\Runtime\Cache\Home\4c619b7abef6e99f30be44706da11172.php 第 63 行.
NOTIC: [8] Undefined variable: userdata D:\phpStudy\WWW\project1\Application\Runtime\Cache\Home\4c619b7abef6e99f30be44706da11172.php 第 69 行.
NOTIC: [8] Undefined variable: userdata D:\phpStudy\WWW\project1\Application\Runtime\Cache\Home\4c619b7abef6e99f30be44706da11172.php 第 75 行.
NOTIC: [8] Undefined variable: userdata D:\phpStudy\WWW\project1\Application\Runtime\Cache\Home\4c619b7abef6e99f30be44706da11172.php 第 81 行.
NOTIC: [8] Undefined variable: _page D:\phpStudy\WWW\project1\Application\Runtime\Cache\Home\4c619b7abef6e99f30be44706da11172.php 第 111 行.
INFO: Run Behavior\ParseTemplateBehavior [ RunTime:0.012001s ]
INFO: [ view_parse ] --END-- [ RunTime:0.012001s ]
INFO: [ view_filter ] --START--
INFO: Run Behavior\WriteHtmlCacheBehavior [ RunTime:0.001000s ]
INFO: [ view_filter ] --END-- [ RunTime:0.001000s ]
INFO: [ app_end ] --START--
INFO: Run Behavior\ShowPageTraceBehavior [ RunTime:0.001000s ]
INFO: [ app_end ] --END-- [ RunTime:0.001000s ]

[ 2017-05-09T20:05:20+08:00 ] ::1 /index.php/home/index/data/machine_id/2.html
INFO: [ app_init ] --START--
INFO: Run Behavior\BuildLiteBehavior [ RunTime:0.000000s ]
INFO: [ app_init ] --END-- [ RunTime:0.001000s ]
INFO: [ app_begin ] --START--
INFO: Run Behavior\ReadHtmlCacheBehavior [ RunTime:0.001000s ]
INFO: [ app_begin ] --END-- [ RunTime:0.001000s ]
SQL: SHOW COLUMNS FROM `data` [ RunTime:0.0050s ]
SQL: SELECT * FROM `data` WHERE ( machine_id=2 ) ORDER BY id desc LIMIT 1   [ RunTime:0.0000s ]
INFO: [ view_parse ] --START--
INFO: [ template_filter ] --START--
INFO: Run Behavior\ContentReplaceBehavior [ RunTime:0.000000s ]
INFO: [ template_filter ] --END-- [ RunTime:0.000000s ]
NOTIC: [8] Undefined variable: username D:\phpStudy\WWW\project1\Application\Runtime\Cache\Home\4c619b7abef6e99f30be44706da11172.php 第 30 行.
NOTIC: [8] Undefined variable: userdata D:\phpStudy\WWW\project1\Application\Runtime\Cache\Home\4c619b7abef6e99f30be44706da11172.php 第 57 行.
NOTIC: [8] Undefined variable: userdata D:\phpStudy\WWW\project1\Application\Runtime\Cache\Home\4c619b7abef6e99f30be44706da11172.php 第 63 行.
NOTIC: [8] Undefined variable: userdata D:\phpStudy\WWW\project1\Application\Runtime\Cache\Home\4c619b7abef6e99f30be44706da11172.php 第 69 行.
NOTIC: [8] Undefined variable: userdata D:\phpStudy\WWW\project1\Application\Runtime\Cache\Home\4c619b7abef6e99f30be44706da11172.php 第 75 行.
NOTIC: [8] Undefined variable: userdata D:\phpStudy\WWW\project1\Application\Runtime\Cache\Home\4c619b7abef6e99f30be44706da11172.php 第 81 行.
NOTIC: [8] Undefined variable: _page D:\phpStudy\WWW\project1\Application\Runtime\Cache\Home\4c619b7abef6e99f30be44706da11172.php 第 111 行.
INFO: Run Behavior\ParseTemplateBehavior [ RunTime:0.011001s ]
INFO: [ view_parse ] --END-- [ RunTime:0.011001s ]
INFO: [ view_filter ] --START--
INFO: Run Behavior\WriteHtmlCacheBehavior [ RunTime:0.001000s ]
INFO: [ view_filter ] --END-- [ RunTime:0.001000s ]
INFO: [ app_end ] --START--
INFO: Run Behavior\ShowPageTraceBehavior [ RunTime:0.000000s ]
INFO: [ app_end ] --END-- [ RunTime:0.000000s ]

[ 2017-05-09T20:05:54+08:00 ] ::1 /index.php/home/index/data/machine_id/2.html
INFO: [ app_init ] --START--
INFO: Run Behavior\BuildLiteBehavior [ RunTime:0.000000s ]
INFO: [ app_init ] --END-- [ RunTime:0.002000s ]
INFO: [ app_begin ] --START--
INFO: Run Behavior\ReadHtmlCacheBehavior [ RunTime:0.001000s ]
INFO: [ app_begin ] --END-- [ RunTime:0.001000s ]
SQL: SHOW COLUMNS FROM `data` [ RunTime:0.0050s ]
SQL: SELECT * FROM `data` WHERE ( machine_id=2 ) ORDER BY id desc LIMIT 1   [ RunTime:0.0010s ]
INFO: [ view_parse ] --START--
INFO: [ template_filter ] --START--
INFO: Run Behavior\ContentReplaceBehavior [ RunTime:0.000000s ]
INFO: [ template_filter ] --END-- [ RunTime:0.000000s ]
NOTIC: [8] Undefined variable: username D:\phpStudy\WWW\project1\Application\Runtime\Cache\Home\4c619b7abef6e99f30be44706da11172.php 第 30 行.
NOTIC: [8] Undefined variable: userdata D:\phpStudy\WWW\project1\Application\Runtime\Cache\Home\4c619b7abef6e99f30be44706da11172.php 第 57 行.
NOTIC: [8] Undefined variable: userdata D:\phpStudy\WWW\project1\Application\Runtime\Cache\Home\4c619b7abef6e99f30be44706da11172.php 第 63 行.
NOTIC: [8] Undefined variable: userdata D:\phpStudy\WWW\project1\Application\Runtime\Cache\Home\4c619b7abef6e99f30be44706da11172.php 第 69 行.
NOTIC: [8] Undefined variable: userdata D:\phpStudy\WWW\project1\Application\Runtime\Cache\Home\4c619b7abef6e99f30be44706da11172.php 第 75 行.
NOTIC: [8] Undefined variable: userdata D:\phpStudy\WWW\project1\Application\Runtime\Cache\Home\4c619b7abef6e99f30be44706da11172.php 第 81 行.
NOTIC: [8] Undefined variable: _page D:\phpStudy\WWW\project1\Application\Runtime\Cache\Home\4c619b7abef6e99f30be44706da11172.php 第 111 行.
INFO: Run Behavior\ParseTemplateBehavior [ RunTime:0.012001s ]
INFO: [ view_parse ] --END-- [ RunTime:0.012001s ]
INFO: [ view_filter ] --START--
INFO: Run Behavior\WriteHtmlCacheBehavior [ RunTime:0.002000s ]
INFO: [ view_filter ] --END-- [ RunTime:0.002000s ]
INFO: [ app_end ] --START--
INFO: Run Behavior\ShowPageTraceBehavior [ RunTime:0.001000s ]
INFO: [ app_end ] --END-- [ RunTime:0.001000s ]

[ 2017-05-09T20:05:55+08:00 ] ::1 /index.php/home/index/data/machine_id/2.html
INFO: [ app_init ] --START--
INFO: Run Behavior\BuildLiteBehavior [ RunTime:0.000000s ]
INFO: [ app_init ] --END-- [ RunTime:0.000000s ]
INFO: [ app_begin ] --START--
INFO: Run Behavior\ReadHtmlCacheBehavior [ RunTime:0.001000s ]
INFO: [ app_begin ] --END-- [ RunTime:0.001000s ]
SQL: SHOW COLUMNS FROM `data` [ RunTime:0.0040s ]
SQL: SELECT * FROM `data` WHERE ( machine_id=2 ) ORDER BY id desc LIMIT 1   [ RunTime:0.0000s ]
INFO: [ view_parse ] --START--
INFO: [ template_filter ] --START--
INFO: Run Behavior\ContentReplaceBehavior [ RunTime:0.000000s ]
INFO: [ template_filter ] --END-- [ RunTime:0.000000s ]
NOTIC: [8] Undefined variable: username D:\phpStudy\WWW\project1\Application\Runtime\Cache\Home\4c619b7abef6e99f30be44706da11172.php 第 30 行.
NOTIC: [8] Undefined variable: userdata D:\phpStudy\WWW\project1\Application\Runtime\Cache\Home\4c619b7abef6e99f30be44706da11172.php 第 57 行.
NOTIC: [8] Undefined variable: userdata D:\phpStudy\WWW\project1\Application\Runtime\Cache\Home\4c619b7abef6e99f30be44706da11172.php 第 63 行.
NOTIC: [8] Undefined variable: userdata D:\phpStudy\WWW\project1\Application\Runtime\Cache\Home\4c619b7abef6e99f30be44706da11172.php 第 69 行.
NOTIC: [8] Undefined variable: userdata D:\phpStudy\WWW\project1\Application\Runtime\Cache\Home\4c619b7abef6e99f30be44706da11172.php 第 75 行.
NOTIC: [8] Undefined variable: userdata D:\phpStudy\WWW\project1\Application\Runtime\Cache\Home\4c619b7abef6e99f30be44706da11172.php 第 81 行.
NOTIC: [8] Undefined variable: _page D:\phpStudy\WWW\project1\Application\Runtime\Cache\Home\4c619b7abef6e99f30be44706da11172.php 第 111 行.
INFO: Run Behavior\ParseTemplateBehavior [ RunTime:0.012000s ]
INFO: [ view_parse ] --END-- [ RunTime:0.012000s ]
INFO: [ view_filter ] --START--
INFO: Run Behavior\WriteHtmlCacheBehavior [ RunTime:0.000000s ]
INFO: [ view_filter ] --END-- [ RunTime:0.000000s ]
INFO: [ app_end ] --START--
INFO: Run Behavior\ShowPageTraceBehavior [ RunTime:0.001001s ]
INFO: [ app_end ] --END-- [ RunTime:0.001001s ]

[ 2017-05-09T20:06:04+08:00 ] ::1 /index.php/home/index/data/machine_id/2.html
INFO: [ app_init ] --START--
INFO: Run Behavior\BuildLiteBehavior [ RunTime:0.000000s ]
INFO: [ app_init ] --END-- [ RunTime:0.000000s ]
INFO: [ app_begin ] --START--
INFO: Run Behavior\ReadHtmlCacheBehavior [ RunTime:0.001000s ]
INFO: [ app_begin ] --END-- [ RunTime:0.001000s ]
SQL: SHOW COLUMNS FROM `data` [ RunTime:0.0040s ]
SQL: SELECT * FROM `data` WHERE ( machine_id=2 ) ORDER BY id desc LIMIT 1   [ RunTime:0.0000s ]
INFO: [ view_parse ] --START--
INFO: [ template_filter ] --START--
INFO: Run Behavior\ContentReplaceBehavior [ RunTime:0.000000s ]
INFO: [ template_filter ] --END-- [ RunTime:0.000000s ]
NOTIC: [8] Undefined variable: username D:\phpStudy\WWW\project1\Application\Runtime\Cache\Home\4c619b7abef6e99f30be44706da11172.php 第 30 行.
NOTIC: [8] Undefined variable: userdata D:\phpStudy\WWW\project1\Application\Runtime\Cache\Home\4c619b7abef6e99f30be44706da11172.php 第 57 行.
NOTIC: [8] Undefined variable: userdata D:\phpStudy\WWW\project1\Application\Runtime\Cache\Home\4c619b7abef6e99f30be44706da11172.php 第 63 行.
NOTIC: [8] Undefined variable: userdata D:\phpStudy\WWW\project1\Application\Runtime\Cache\Home\4c619b7abef6e99f30be44706da11172.php 第 69 行.
NOTIC: [8] Undefined variable: userdata D:\phpStudy\WWW\project1\Application\Runtime\Cache\Home\4c619b7abef6e99f30be44706da11172.php 第 75 行.
NOTIC: [8] Undefined variable: userdata D:\phpStudy\WWW\project1\Application\Runtime\Cache\Home\4c619b7abef6e99f30be44706da11172.php 第 81 行.
NOTIC: [8] Undefined variable: _page D:\phpStudy\WWW\project1\Application\Runtime\Cache\Home\4c619b7abef6e99f30be44706da11172.php 第 111 行.
INFO: Run Behavior\ParseTemplateBehavior [ RunTime:0.011001s ]
INFO: [ view_parse ] --END-- [ RunTime:0.011001s ]
INFO: [ view_filter ] --START--
INFO: Run Behavior\WriteHtmlCacheBehavior [ RunTime:0.001000s ]
INFO: [ view_filter ] --END-- [ RunTime:0.001000s ]
INFO: [ app_end ] --START--
INFO: Run Behavior\ShowPageTraceBehavior [ RunTime:0.001000s ]
INFO: [ app_end ] --END-- [ RunTime:0.001000s ]

[ 2017-05-09T20:07:58+08:00 ] ::1 /index.php/home/index/data/machine_id/2.html
INFO: [ app_init ] --START--
INFO: Run Behavior\BuildLiteBehavior [ RunTime:0.000000s ]
INFO: [ app_init ] --END-- [ RunTime:0.001000s ]
INFO: [ app_begin ] --START--
INFO: Run Behavior\ReadHtmlCacheBehavior [ RunTime:0.001000s ]
INFO: [ app_begin ] --END-- [ RunTime:0.001000s ]
SQL: SHOW COLUMNS FROM `data` [ RunTime:0.0050s ]
SQL: SELECT * FROM `data` WHERE ( machine_id=2 ) ORDER BY id desc LIMIT 1   [ RunTime:0.0010s ]
INFO: [ view_parse ] --START--
INFO: [ template_filter ] --START--
INFO: Run Behavior\ContentReplaceBehavior [ RunTime:0.001000s ]
INFO: [ template_filter ] --END-- [ RunTime:0.001000s ]
NOTIC: [8] Undefined variable: username D:\phpStudy\WWW\project1\Application\Runtime\Cache\Home\4c619b7abef6e99f30be44706da11172.php 第 30 行.
NOTIC: [8] Undefined variable: userdata D:\phpStudy\WWW\project1\Application\Runtime\Cache\Home\4c619b7abef6e99f30be44706da11172.php 第 57 行.
NOTIC: [8] Undefined variable: userdata D:\phpStudy\WWW\project1\Application\Runtime\Cache\Home\4c619b7abef6e99f30be44706da11172.php 第 63 行.
NOTIC: [8] Undefined variable: userdata D:\phpStudy\WWW\project1\Application\Runtime\Cache\Home\4c619b7abef6e99f30be44706da11172.php 第 69 行.
NOTIC: [8] Undefined variable: userdata D:\phpStudy\WWW\project1\Application\Runtime\Cache\Home\4c619b7abef6e99f30be44706da11172.php 第 75 行.
NOTIC: [8] Undefined variable: userdata D:\phpStudy\WWW\project1\Application\Runtime\Cache\Home\4c619b7abef6e99f30be44706da11172.php 第 81 行.
NOTIC: [8] Undefined variable: userdata D:\phpStudy\WWW\project1\Application\Runtime\Cache\Home\4c619b7abef6e99f30be44706da11172.php 第 87 行.
NOTIC: [8] Undefined variable: _page D:\phpStudy\WWW\project1\Application\Runtime\Cache\Home\4c619b7abef6e99f30be44706da11172.php 第 117 行.
INFO: Run Behavior\ParseTemplateBehavior [ RunTime:0.014000s ]
INFO: [ view_parse ] --END-- [ RunTime:0.014000s ]
INFO: [ view_filter ] --START--
INFO: Run Behavior\WriteHtmlCacheBehavior [ RunTime:0.000000s ]
INFO: [ view_filter ] --END-- [ RunTime:0.000000s ]
INFO: [ app_end ] --START--
INFO: Run Behavior\ShowPageTraceBehavior [ RunTime:0.001001s ]
INFO: [ app_end ] --END-- [ RunTime:0.001001s ]

[ 2017-05-09T20:08:24+08:00 ] ::1 /index.php/home/index/data/machine_id/2.html
INFO: [ app_init ] --START--
INFO: Run Behavior\BuildLiteBehavior [ RunTime:0.000000s ]
INFO: [ app_init ] --END-- [ RunTime:0.001000s ]
INFO: [ app_begin ] --START--
INFO: Run Behavior\ReadHtmlCacheBehavior [ RunTime:0.001000s ]
INFO: [ app_begin ] --END-- [ RunTime:0.001000s ]
SQL: SHOW COLUMNS FROM `data` [ RunTime:0.0040s ]
SQL: SELECT * FROM `data` WHERE ( machine_id=2 ) ORDER BY id desc LIMIT 1   [ RunTime:0.0010s ]
INFO: [ view_parse ] --START--
INFO: [ template_filter ] --START--
INFO: Run Behavior\ContentReplaceBehavior [ RunTime:0.001000s ]
INFO: [ template_filter ] --END-- [ RunTime:0.001000s ]
NOTIC: [8] Undefined variable: username D:\phpStudy\WWW\project1\Application\Runtime\Cache\Home\4c619b7abef6e99f30be44706da11172.php 第 30 行.
NOTIC: [8] Undefined variable: userdata D:\phpStudy\WWW\project1\Application\Runtime\Cache\Home\4c619b7abef6e99f30be44706da11172.php 第 57 行.
NOTIC: [8] Undefined variable: userdata D:\phpStudy\WWW\project1\Application\Runtime\Cache\Home\4c619b7abef6e99f30be44706da11172.php 第 63 行.
NOTIC: [8] Undefined variable: userdata D:\phpStudy\WWW\project1\Application\Runtime\Cache\Home\4c619b7abef6e99f30be44706da11172.php 第 69 行.
NOTIC: [8] Undefined variable: userdata D:\phpStudy\WWW\project1\Application\Runtime\Cache\Home\4c619b7abef6e99f30be44706da11172.php 第 75 行.
NOTIC: [8] Undefined variable: userdata D:\phpStudy\WWW\project1\Application\Runtime\Cache\Home\4c619b7abef6e99f30be44706da11172.php 第 81 行.
NOTIC: [8] Undefined variable: userdata D:\phpStudy\WWW\project1\Application\Runtime\Cache\Home\4c619b7abef6e99f30be44706da11172.php 第 87 行.
NOTIC: [8] Undefined variable: _page D:\phpStudy\WWW\project1\Application\Runtime\Cache\Home\4c619b7abef6e99f30be44706da11172.php 第 117 行.
INFO: Run Behavior\ParseTemplateBehavior [ RunTime:0.014001s ]
INFO: [ view_parse ] --END-- [ RunTime:0.014001s ]
INFO: [ view_filter ] --START--
INFO: Run Behavior\WriteHtmlCacheBehavior [ RunTime:0.001000s ]
INFO: [ view_filter ] --END-- [ RunTime:0.001000s ]
INFO: [ app_end ] --START--
INFO: Run Behavior\ShowPageTraceBehavior [ RunTime:0.001000s ]
INFO: [ app_end ] --END-- [ RunTime:0.001000s ]

[ 2017-05-09T20:08:40+08:00 ] ::1 /index.php/home/index/data/machine_id/2.html
INFO: [ app_init ] --START--
INFO: Run Behavior\BuildLiteBehavior [ RunTime:0.000000s ]
INFO: [ app_init ] --END-- [ RunTime:0.001001s ]
INFO: [ app_begin ] --START--
INFO: Run Behavior\ReadHtmlCacheBehavior [ RunTime:0.000000s ]
INFO: [ app_begin ] --END-- [ RunTime:0.000000s ]
SQL: SHOW COLUMNS FROM `data` [ RunTime:0.0040s ]
SQL: SELECT * FROM `data` WHERE ( machine_id=2 ) ORDER BY id desc LIMIT 1   [ RunTime:0.0000s ]
INFO: [ view_parse ] --START--
INFO: [ template_filter ] --START--
INFO: Run Behavior\ContentReplaceBehavior [ RunTime:0.000000s ]
INFO: [ template_filter ] --END-- [ RunTime:0.000000s ]
NOTIC: [8] Undefined variable: username D:\phpStudy\WWW\project1\Application\Runtime\Cache\Home\4c619b7abef6e99f30be44706da11172.php 第 30 行.
NOTIC: [8] Undefined variable: userdata D:\phpStudy\WWW\project1\Application\Runtime\Cache\Home\4c619b7abef6e99f30be44706da11172.php 第 57 行.
NOTIC: [8] Undefined variable: userdata D:\phpStudy\WWW\project1\Application\Runtime\Cache\Home\4c619b7abef6e99f30be44706da11172.php 第 63 行.
NOTIC: [8] Undefined variable: userdata D:\phpStudy\WWW\project1\Application\Runtime\Cache\Home\4c619b7abef6e99f30be44706da11172.php 第 69 行.
NOTIC: [8] Undefined variable: userdata D:\phpStudy\WWW\project1\Application\Runtime\Cache\Home\4c619b7abef6e99f30be44706da11172.php 第 75 行.
NOTIC: [8] Undefined variable: userdata D:\phpStudy\WWW\project1\Application\Runtime\Cache\Home\4c619b7abef6e99f30be44706da11172.php 第 81 行.
NOTIC: [8] Undefined variable: userdata D:\phpStudy\WWW\project1\Application\Runtime\Cache\Home\4c619b7abef6e99f30be44706da11172.php 第 87 行.
NOTIC: [8] Undefined variable: _page D:\phpStudy\WWW\project1\Application\Runtime\Cache\Home\4c619b7abef6e99f30be44706da11172.php 第 117 行.
INFO: Run Behavior\ParseTemplateBehavior [ RunTime:0.013001s ]
INFO: [ view_parse ] --END-- [ RunTime:0.013001s ]
INFO: [ view_filter ] --START--
INFO: Run Behavior\WriteHtmlCacheBehavior [ RunTime:0.000000s ]
INFO: [ view_filter ] --END-- [ RunTime:0.000000s ]
INFO: [ app_end ] --START--
INFO: Run Behavior\ShowPageTraceBehavior [ RunTime:0.000000s ]
INFO: [ app_end ] --END-- [ RunTime:0.000000s ]

[ 2017-05-09T20:09:22+08:00 ] ::1 /index.php/home/index/data/machine_id/2.html
INFO: [ app_init ] --START--
INFO: Run Behavior\BuildLiteBehavior [ RunTime:0.000000s ]
INFO: [ app_init ] --END-- [ RunTime:0.000000s ]
INFO: [ app_begin ] --START--
INFO: Run Behavior\ReadHtmlCacheBehavior [ RunTime:0.001000s ]
INFO: [ app_begin ] --END-- [ RunTime:0.001000s ]
SQL: SHOW COLUMNS FROM `data` [ RunTime:0.0040s ]
SQL: SELECT * FROM `data` WHERE ( machine_id=2 ) ORDER BY id desc LIMIT 1   [ RunTime:0.0000s ]
INFO: [ view_parse ] --START--
INFO: [ template_filter ] --START--
INFO: Run Behavior\ContentReplaceBehavior [ RunTime:0.000000s ]
INFO: [ template_filter ] --END-- [ RunTime:0.000000s ]
NOTIC: [8] Undefined variable: username D:\phpStudy\WWW\project1\Application\Runtime\Cache\Home\4c619b7abef6e99f30be44706da11172.php 第 30 行.
NOTIC: [8] Undefined variable: userdata D:\phpStudy\WWW\project1\Application\Runtime\Cache\Home\4c619b7abef6e99f30be44706da11172.php 第 57 行.
NOTIC: [8] Undefined variable: userdata D:\phpStudy\WWW\project1\Application\Runtime\Cache\Home\4c619b7abef6e99f30be44706da11172.php 第 63 行.
NOTIC: [8] Undefined variable: userdata D:\phpStudy\WWW\project1\Application\Runtime\Cache\Home\4c619b7abef6e99f30be44706da11172.php 第 69 行.
NOTIC: [8] Undefined variable: userdata D:\phpStudy\WWW\project1\Application\Runtime\Cache\Home\4c619b7abef6e99f30be44706da11172.php 第 75 行.
NOTIC: [8] Undefined variable: userdata D:\phpStudy\WWW\project1\Application\Runtime\Cache\Home\4c619b7abef6e99f30be44706da11172.php 第 81 行.
NOTIC: [8] Undefined variable: userdata D:\phpStudy\WWW\project1\Application\Runtime\Cache\Home\4c619b7abef6e99f30be44706da11172.php 第 87 行.
NOTIC: [8] Undefined variable: _page D:\phpStudy\WWW\project1\Application\Runtime\Cache\Home\4c619b7abef6e99f30be44706da11172.php 第 117 行.
INFO: Run Behavior\ParseTemplateBehavior [ RunTime:0.019001s ]
INFO: [ view_parse ] --END-- [ RunTime:0.019001s ]
INFO: [ view_filter ] --START--
INFO: Run Behavior\WriteHtmlCacheBehavior [ RunTime:0.001000s ]
INFO: [ view_filter ] --END-- [ RunTime:0.001000s ]
INFO: [ app_end ] --START--
INFO: Run Behavior\ShowPageTraceBehavior [ RunTime:0.001000s ]
INFO: [ app_end ] --END-- [ RunTime:0.001000s ]

[ 2017-05-09T20:09:36+08:00 ] ::1 /index.php/home/index/data/machine_id/2.html
INFO: [ app_init ] --START--
INFO: Run Behavior\BuildLiteBehavior [ RunTime:0.000000s ]
INFO: [ app_init ] --END-- [ RunTime:0.001000s ]
INFO: [ app_begin ] --START--
INFO: Run Behavior\ReadHtmlCacheBehavior [ RunTime:0.000000s ]
INFO: [ app_begin ] --END-- [ RunTime:0.001000s ]
SQL: SHOW COLUMNS FROM `data` [ RunTime:0.0040s ]
SQL: SELECT * FROM `data` WHERE ( machine_id=2 ) ORDER BY id desc LIMIT 1   [ RunTime:0.0010s ]
INFO: [ view_parse ] --START--
INFO: [ template_filter ] --START--
INFO: Run Behavior\ContentReplaceBehavior [ RunTime:0.000000s ]
INFO: [ template_filter ] --END-- [ RunTime:0.000000s ]
NOTIC: [8] Undefined variable: username D:\phpStudy\WWW\project1\Application\Runtime\Cache\Home\4c619b7abef6e99f30be44706da11172.php 第 30 行.
NOTIC: [8] Undefined variable: userdata D:\phpStudy\WWW\project1\Application\Runtime\Cache\Home\4c619b7abef6e99f30be44706da11172.php 第 57 行.
NOTIC: [8] Undefined variable: userdata D:\phpStudy\WWW\project1\Application\Runtime\Cache\Home\4c619b7abef6e99f30be44706da11172.php 第 63 行.
NOTIC: [8] Undefined variable: userdata D:\phpStudy\WWW\project1\Application\Runtime\Cache\Home\4c619b7abef6e99f30be44706da11172.php 第 69 行.
NOTIC: [8] Undefined variable: userdata D:\phpStudy\WWW\project1\Application\Runtime\Cache\Home\4c619b7abef6e99f30be44706da11172.php 第 75 行.
NOTIC: [8] Undefined variable: userdata D:\phpStudy\WWW\project1\Application\Runtime\Cache\Home\4c619b7abef6e99f30be44706da11172.php 第 81 行.
NOTIC: [8] Undefined variable: userdata D:\phpStudy\WWW\project1\Application\Runtime\Cache\Home\4c619b7abef6e99f30be44706da11172.php 第 87 行.
NOTIC: [8] Undefined variable: _page D:\phpStudy\WWW\project1\Application\Runtime\Cache\Home\4c619b7abef6e99f30be44706da11172.php 第 117 行.
INFO: Run Behavior\ParseTemplateBehavior [ RunTime:0.012000s ]
INFO: [ view_parse ] --END-- [ RunTime:0.012000s ]
INFO: [ view_filter ] --START--
INFO: Run Behavior\WriteHtmlCacheBehavior [ RunTime:0.000000s ]
INFO: [ view_filter ] --END-- [ RunTime:0.000000s ]
INFO: [ app_end ] --START--
INFO: Run Behavior\ShowPageTraceBehavior [ RunTime:0.000000s ]
INFO: [ app_end ] --END-- [ RunTime:0.001000s ]

[ 2017-05-09T20:10:52+08:00 ] ::1 /index.php/home/index/data/machine_id/2.html
INFO: [ app_init ] --START--
INFO: Run Behavior\BuildLiteBehavior [ RunTime:0.000000s ]
INFO: [ app_init ] --END-- [ RunTime:0.001000s ]
INFO: [ app_begin ] --START--
INFO: Run Behavior\ReadHtmlCacheBehavior [ RunTime:0.002000s ]
INFO: [ app_begin ] --END-- [ RunTime:0.002000s ]
SQL: SHOW COLUMNS FROM `data` [ RunTime:0.0040s ]
SQL: SELECT * FROM `data` WHERE ( machine_id=2 ) ORDER BY id desc LIMIT 1   [ RunTime:0.0000s ]
INFO: [ view_parse ] --START--
INFO: [ template_filter ] --START--
INFO: Run Behavior\ContentReplaceBehavior [ RunTime:0.000000s ]
INFO: [ template_filter ] --END-- [ RunTime:0.000000s ]
NOTIC: [8] Undefined variable: username D:\phpStudy\WWW\project1\Application\Runtime\Cache\Home\4c619b7abef6e99f30be44706da11172.php 第 30 行.
NOTIC: [8] Undefined variable: userdata D:\phpStudy\WWW\project1\Application\Runtime\Cache\Home\4c619b7abef6e99f30be44706da11172.php 第 57 行.
NOTIC: [8] Undefined variable: userdata D:\phpStudy\WWW\project1\Application\Runtime\Cache\Home\4c619b7abef6e99f30be44706da11172.php 第 63 行.
NOTIC: [8] Undefined variable: userdata D:\phpStudy\WWW\project1\Application\Runtime\Cache\Home\4c619b7abef6e99f30be44706da11172.php 第 69 行.
NOTIC: [8] Undefined variable: userdata D:\phpStudy\WWW\project1\Application\Runtime\Cache\Home\4c619b7abef6e99f30be44706da11172.php 第 75 行.
NOTIC: [8] Undefined variable: userdata D:\phpStudy\WWW\project1\Application\Runtime\Cache\Home\4c619b7abef6e99f30be44706da11172.php 第 81 行.
NOTIC: [8] Undefined variable: userdata D:\phpStudy\WWW\project1\Application\Runtime\Cache\Home\4c619b7abef6e99f30be44706da11172.php 第 87 行.
NOTIC: [8] Undefined variable: _page D:\phpStudy\WWW\project1\Application\Runtime\Cache\Home\4c619b7abef6e99f30be44706da11172.php 第 115 行.
INFO: Run Behavior\ParseTemplateBehavior [ RunTime:0.013001s ]
INFO: [ view_parse ] --END-- [ RunTime:0.013001s ]
INFO: [ view_filter ] --START--
INFO: Run Behavior\WriteHtmlCacheBehavior [ RunTime:0.001000s ]
INFO: [ view_filter ] --END-- [ RunTime:0.001000s ]
INFO: [ app_end ] --START--
INFO: Run Behavior\ShowPageTraceBehavior [ RunTime:0.001000s ]
INFO: [ app_end ] --END-- [ RunTime:0.001000s ]

[ 2017-05-09T20:24:17+08:00 ] ::1 /index.php/home/index/data/machine_id/2.html
INFO: [ app_init ] --START--
INFO: Run Behavior\BuildLiteBehavior [ RunTime:0.001001s ]
INFO: [ app_init ] --END-- [ RunTime:0.066004s ]
INFO: [ app_begin ] --START--
INFO: Run Behavior\ReadHtmlCacheBehavior [ RunTime:0.041002s ]
INFO: [ app_begin ] --END-- [ RunTime:0.041002s ]
SQL: SHOW COLUMNS FROM `data` [ RunTime:0.0060s ]
SQL: SELECT * FROM `data` WHERE ( machine_id=2 ) ORDER BY id desc LIMIT 1   [ RunTime:0.0010s ]
INFO: [ view_parse ] --START--
INFO: [ template_filter ] --START--
INFO: Run Behavior\ContentReplaceBehavior [ RunTime:0.000000s ]
INFO: [ template_filter ] --END-- [ RunTime:0.000000s ]
NOTIC: [8] Undefined variable: username D:\phpStudy\WWW\project1\Application\Runtime\Cache\Home\4c619b7abef6e99f30be44706da11172.php 第 30 行.
NOTIC: [8] Undefined variable: userdata D:\phpStudy\WWW\project1\Application\Runtime\Cache\Home\4c619b7abef6e99f30be44706da11172.php 第 57 行.
NOTIC: [8] Undefined variable: userdata D:\phpStudy\WWW\project1\Application\Runtime\Cache\Home\4c619b7abef6e99f30be44706da11172.php 第 63 行.
NOTIC: [8] Undefined variable: userdata D:\phpStudy\WWW\project1\Application\Runtime\Cache\Home\4c619b7abef6e99f30be44706da11172.php 第 69 行.
NOTIC: [8] Undefined variable: userdata D:\phpStudy\WWW\project1\Application\Runtime\Cache\Home\4c619b7abef6e99f30be44706da11172.php 第 75 行.
NOTIC: [8] Undefined variable: userdata D:\phpStudy\WWW\project1\Application\Runtime\Cache\Home\4c619b7abef6e99f30be44706da11172.php 第 81 行.
NOTIC: [8] Undefined variable: userdata D:\phpStudy\WWW\project1\Application\Runtime\Cache\Home\4c619b7abef6e99f30be44706da11172.php 第 87 行.
NOTIC: [8] Undefined variable: _page D:\phpStudy\WWW\project1\Application\Runtime\Cache\Home\4c619b7abef6e99f30be44706da11172.php 第 117 行.
INFO: Run Behavior\ParseTemplateBehavior [ RunTime:0.084005s ]
INFO: [ view_parse ] --END-- [ RunTime:0.084005s ]
INFO: [ view_filter ] --START--
INFO: Run Behavior\WriteHtmlCacheBehavior [ RunTime:0.006000s ]
INFO: [ view_filter ] --END-- [ RunTime:0.006000s ]
INFO: [ app_end ] --START--
INFO: Run Behavior\ShowPageTraceBehavior [ RunTime:0.020002s ]
INFO: [ app_end ] --END-- [ RunTime:0.020002s ]

[ 2017-05-09T20:24:40+08:00 ] ::1 /index.php/home/index/data/machine_id/2.html
INFO: [ app_init ] --START--
INFO: Run Behavior\BuildLiteBehavior [ RunTime:0.000000s ]
INFO: [ app_init ] --END-- [ RunTime:0.001000s ]
INFO: [ app_begin ] --START--
INFO: Run Behavior\ReadHtmlCacheBehavior [ RunTime:0.001000s ]
INFO: [ app_begin ] --END-- [ RunTime:0.001000s ]
SQL: SHOW COLUMNS FROM `data` [ RunTime:0.0070s ]
SQL: SELECT * FROM `data` WHERE ( machine_id=2 ) ORDER BY id desc LIMIT 1   [ RunTime:0.0000s ]
INFO: [ view_parse ] --START--
INFO: [ template_filter ] --START--
INFO: Run Behavior\ContentReplaceBehavior [ RunTime:0.001000s ]
INFO: [ template_filter ] --END-- [ RunTime:0.001000s ]
NOTIC: [8] Undefined variable: username D:\phpStudy\WWW\project1\Application\Runtime\Cache\Home\4c619b7abef6e99f30be44706da11172.php 第 30 行.
NOTIC: [8] Undefined variable: userdata D:\phpStudy\WWW\project1\Application\Runtime\Cache\Home\4c619b7abef6e99f30be44706da11172.php 第 57 行.
NOTIC: [8] Undefined variable: userdata D:\phpStudy\WWW\project1\Application\Runtime\Cache\Home\4c619b7abef6e99f30be44706da11172.php 第 63 行.
NOTIC: [8] Undefined variable: userdata D:\phpStudy\WWW\project1\Application\Runtime\Cache\Home\4c619b7abef6e99f30be44706da11172.php 第 69 行.
NOTIC: [8] Undefined variable: userdata D:\phpStudy\WWW\project1\Application\Runtime\Cache\Home\4c619b7abef6e99f30be44706da11172.php 第 75 行.
NOTIC: [8] Undefined variable: userdata D:\phpStudy\WWW\project1\Application\Runtime\Cache\Home\4c619b7abef6e99f30be44706da11172.php 第 81 行.
NOTIC: [8] Undefined variable: userdata D:\phpStudy\WWW\project1\Application\Runtime\Cache\Home\4c619b7abef6e99f30be44706da11172.php 第 87 行.
NOTIC: [8] Undefined variable: _page D:\phpStudy\WWW\project1\Application\Runtime\Cache\Home\4c619b7abef6e99f30be44706da11172.php 第 117 行.
INFO: Run Behavior\ParseTemplateBehavior [ RunTime:0.017001s ]
INFO: [ view_parse ] --END-- [ RunTime:0.017001s ]
INFO: [ view_filter ] --START--
INFO: Run Behavior\WriteHtmlCacheBehavior [ RunTime:0.000000s ]
INFO: [ view_filter ] --END-- [ RunTime:0.001000s ]
INFO: [ app_end ] --START--
INFO: Run Behavior\ShowPageTraceBehavior [ RunTime:0.001000s ]
INFO: [ app_end ] --END-- [ RunTime:0.001000s ]

[ 2017-05-09T20:25:47+08:00 ] ::1 /index.php/home/index/data/machine_id/2.html
INFO: [ app_init ] --START--
INFO: Run Behavior\BuildLiteBehavior [ RunTime:0.000000s ]
INFO: [ app_init ] --END-- [ RunTime:0.001000s ]
INFO: [ app_begin ] --START--
INFO: Run Behavior\ReadHtmlCacheBehavior [ RunTime:0.001000s ]
INFO: [ app_begin ] --END-- [ RunTime:0.001000s ]
SQL: SHOW COLUMNS FROM `data` [ RunTime:0.0060s ]
SQL: SELECT * FROM `data` WHERE ( machine_id=2 ) ORDER BY id desc LIMIT 1   [ RunTime:0.0000s ]
INFO: [ view_parse ] --START--
INFO: [ template_filter ] --START--
INFO: Run Behavior\ContentReplaceBehavior [ RunTime:0.000000s ]
INFO: [ template_filter ] --END-- [ RunTime:0.000000s ]
NOTIC: [8] Undefined variable: username D:\phpStudy\WWW\project1\Application\Runtime\Cache\Home\4c619b7abef6e99f30be44706da11172.php 第 30 行.
NOTIC: [8] Undefined variable: userdata D:\phpStudy\WWW\project1\Application\Runtime\Cache\Home\4c619b7abef6e99f30be44706da11172.php 第 57 行.
NOTIC: [8] Undefined variable: userdata D:\phpStudy\WWW\project1\Application\Runtime\Cache\Home\4c619b7abef6e99f30be44706da11172.php 第 63 行.
NOTIC: [8] Undefined variable: userdata D:\phpStudy\WWW\project1\Application\Runtime\Cache\Home\4c619b7abef6e99f30be44706da11172.php 第 69 行.
NOTIC: [8] Undefined variable: userdata D:\phpStudy\WWW\project1\Application\Runtime\Cache\Home\4c619b7abef6e99f30be44706da11172.php 第 75 行.
NOTIC: [8] Undefined variable: userdata D:\phpStudy\WWW\project1\Application\Runtime\Cache\Home\4c619b7abef6e99f30be44706da11172.php 第 81 行.
NOTIC: [8] Undefined variable: userdata D:\phpStudy\WWW\project1\Application\Runtime\Cache\Home\4c619b7abef6e99f30be44706da11172.php 第 87 行.
NOTIC: [8] Undefined variable: _page D:\phpStudy\WWW\project1\Application\Runtime\Cache\Home\4c619b7abef6e99f30be44706da11172.php 第 117 行.
INFO: Run Behavior\ParseTemplateBehavior [ RunTime:0.014001s ]
INFO: [ view_parse ] --END-- [ RunTime:0.014001s ]
INFO: [ view_filter ] --START--
INFO: Run Behavior\WriteHtmlCacheBehavior [ RunTime:0.000000s ]
INFO: [ view_filter ] --END-- [ RunTime:0.000000s ]
INFO: [ app_end ] --START--
INFO: Run Behavior\ShowPageTraceBehavior [ RunTime:0.001000s ]
INFO: [ app_end ] --END-- [ RunTime:0.001000s ]

[ 2017-05-09T20:26:14+08:00 ] ::1 /index.php/home/index/data/machine_id/2.html
INFO: [ app_init ] --START--
INFO: Run Behavior\BuildLiteBehavior [ RunTime:0.000000s ]
INFO: [ app_init ] --END-- [ RunTime:0.000000s ]
INFO: [ app_begin ] --START--
INFO: Run Behavior\ReadHtmlCacheBehavior [ RunTime:0.001000s ]
INFO: [ app_begin ] --END-- [ RunTime:0.001000s ]
SQL: SHOW COLUMNS FROM `data` [ RunTime:0.0040s ]
SQL: SELECT * FROM `data` WHERE ( machine_id=2 ) ORDER BY id desc LIMIT 1   [ RunTime:0.0010s ]
INFO: [ view_parse ] --START--
INFO: [ template_filter ] --START--
INFO: Run Behavior\ContentReplaceBehavior [ RunTime:0.000000s ]
INFO: [ template_filter ] --END-- [ RunTime:0.000000s ]
NOTIC: [8] Undefined variable: username D:\phpStudy\WWW\project1\Application\Runtime\Cache\Home\4c619b7abef6e99f30be44706da11172.php 第 30 行.
NOTIC: [8] Undefined variable: userdata D:\phpStudy\WWW\project1\Application\Runtime\Cache\Home\4c619b7abef6e99f30be44706da11172.php 第 57 行.
NOTIC: [8] Undefined variable: userdata D:\phpStudy\WWW\project1\Application\Runtime\Cache\Home\4c619b7abef6e99f30be44706da11172.php 第 63 行.
NOTIC: [8] Undefined variable: userdata D:\phpStudy\WWW\project1\Application\Runtime\Cache\Home\4c619b7abef6e99f30be44706da11172.php 第 69 行.
NOTIC: [8] Undefined variable: userdata D:\phpStudy\WWW\project1\Application\Runtime\Cache\Home\4c619b7abef6e99f30be44706da11172.php 第 75 行.
NOTIC: [8] Undefined variable: userdata D:\phpStudy\WWW\project1\Application\Runtime\Cache\Home\4c619b7abef6e99f30be44706da11172.php 第 81 行.
NOTIC: [8] Undefined variable: userdata D:\phpStudy\WWW\project1\Application\Runtime\Cache\Home\4c619b7abef6e99f30be44706da11172.php 第 87 行.
NOTIC: [8] Undefined variable: _page D:\phpStudy\WWW\project1\Application\Runtime\Cache\Home\4c619b7abef6e99f30be44706da11172.php 第 117 行.
INFO: Run Behavior\ParseTemplateBehavior [ RunTime:0.012001s ]
INFO: [ view_parse ] --END-- [ RunTime:0.012001s ]
INFO: [ view_filter ] --START--
INFO: Run Behavior\WriteHtmlCacheBehavior [ RunTime:0.001000s ]
INFO: [ view_filter ] --END-- [ RunTime:0.001000s ]
INFO: [ app_end ] --START--
INFO: Run Behavior\ShowPageTraceBehavior [ RunTime:0.001000s ]
INFO: [ app_end ] --END-- [ RunTime:0.001000s ]

