[ 2017-06-02T19:19:34+08:00 ] 192.168.1.101 /
INFO: [ app_init ] --START--
INFO: Run Behavior\BuildLiteBehavior [ RunTime:0.000000s ]
INFO: [ app_init ] --END-- [ RunTime:0.018001s ]
INFO: [ app_begin ] --START--
INFO: Run Behavior\ReadHtmlCacheBehavior [ RunTime:0.009001s ]
INFO: [ app_begin ] --END-- [ RunTime:0.009001s ]
INFO: [ view_parse ] --START--
INFO: [ template_filter ] --START--
INFO: Run Behavior\ContentReplaceBehavior [ RunTime:0.000000s ]
INFO: [ template_filter ] --END-- [ RunTime:0.000000s ]
INFO: Run Behavior\ParseTemplateBehavior [ RunTime:0.075004s ]
INFO: [ view_parse ] --END-- [ RunTime:0.076004s ]
INFO: [ view_filter ] --START--
INFO: Run Behavior\WriteHtmlCacheBehavior [ RunTime:0.025002s ]
INFO: [ view_filter ] --END-- [ RunTime:0.025002s ]
INFO: [ app_end ] --START--
INFO: Run Behavior\ShowPageTraceBehavior [ RunTime:0.012001s ]
INFO: [ app_end ] --END-- [ RunTime:0.013001s ]

[ 2017-06-02T19:19:45+08:00 ] 192.168.1.101 /
INFO: [ app_init ] --START--
INFO: Run Behavior\BuildLiteBehavior [ RunTime:0.000000s ]
INFO: [ app_init ] --END-- [ RunTime:0.001000s ]
INFO: [ app_begin ] --START--
INFO: Run Behavior\ReadHtmlCacheBehavior [ RunTime:0.001000s ]
INFO: [ app_begin ] --END-- [ RunTime:0.001000s ]
SQL: SHOW COLUMNS FROM `user` [ RunTime:0.0440s ]
SQL: SELECT `user_password` FROM `user` WHERE `user_name` = 'admin' LIMIT 1   [ RunTime:0.0010s ]

[ 2017-06-02T19:19:46+08:00 ] 192.168.1.101 /index.php/Home/Index/machine.html
INFO: [ app_init ] --START--
INFO: Run Behavior\BuildLiteBehavior [ RunTime:0.000000s ]
INFO: [ app_init ] --END-- [ RunTime:0.001000s ]
INFO: [ app_begin ] --START--
INFO: Run Behavior\ReadHtmlCacheBehavior [ RunTime:0.002000s ]
INFO: [ app_begin ] --END-- [ RunTime:0.002000s ]
SQL: SHOW COLUMNS FROM `machine` [ RunTime:0.0140s ]
SQL: SELECT * FROM `machine`  [ RunTime:0.0010s ]
INFO: [ view_parse ] --START--
INFO: [ template_filter ] --START--
INFO: Run Behavior\ContentReplaceBehavior [ RunTime:0.000000s ]
INFO: [ template_filter ] --END-- [ RunTime:0.000000s ]
NOTIC: [8] Use of undefined constant admin - assumed 'admin' D:\phpStudy\WWW\project1\Application\Runtime\Cache\Home\41b192d2d62aef6b11348b355d64ab16.php 第 25 行.
NOTIC: [8] Undefined variable: username D:\phpStudy\WWW\project1\Application\Runtime\Cache\Home\41b192d2d62aef6b11348b355d64ab16.php 第 32 行.
NOTIC: [8] Use of undefined constant id - assumed 'id' D:\phpStudy\WWW\project1\Application\Runtime\Cache\Home\41b192d2d62aef6b11348b355d64ab16.php 第 60 行.
NOTIC: [8] Use of undefined constant id - assumed 'id' D:\phpStudy\WWW\project1\Application\Runtime\Cache\Home\41b192d2d62aef6b11348b355d64ab16.php 第 60 行.
NOTIC: [8] Use of undefined constant id - assumed 'id' D:\phpStudy\WWW\project1\Application\Runtime\Cache\Home\41b192d2d62aef6b11348b355d64ab16.php 第 60 行.
NOTIC: [8] Use of undefined constant id - assumed 'id' D:\phpStudy\WWW\project1\Application\Runtime\Cache\Home\41b192d2d62aef6b11348b355d64ab16.php 第 60 行.
NOTIC: [8] Use of undefined constant id - assumed 'id' D:\phpStudy\WWW\project1\Application\Runtime\Cache\Home\41b192d2d62aef6b11348b355d64ab16.php 第 60 行.
INFO: Run Behavior\ParseTemplateBehavior [ RunTime:0.066004s ]
INFO: [ view_parse ] --END-- [ RunTime:0.066004s ]
INFO: [ view_filter ] --START--
INFO: Run Behavior\WriteHtmlCacheBehavior [ RunTime:0.001000s ]
INFO: [ view_filter ] --END-- [ RunTime:0.001000s ]
INFO: [ app_end ] --START--
INFO: Run Behavior\ShowPageTraceBehavior [ RunTime:0.001000s ]
INFO: [ app_end ] --END-- [ RunTime:0.001000s ]

[ 2017-06-02T19:19:57+08:00 ] 192.168.1.101 /index.php/home/index/data/machine_id/1.html
INFO: [ app_init ] --START--
INFO: Run Behavior\BuildLiteBehavior [ RunTime:0.000000s ]
INFO: [ app_init ] --END-- [ RunTime:0.000000s ]
INFO: [ app_begin ] --START--
INFO: Run Behavior\ReadHtmlCacheBehavior [ RunTime:0.001000s ]
INFO: [ app_begin ] --END-- [ RunTime:0.002000s ]
SQL: SHOW COLUMNS FROM `data` [ RunTime:0.0580s ]
SQL: SELECT * FROM `data` WHERE ( machine_id=1 ) ORDER BY id desc LIMIT 1   [ RunTime:0.0010s ]
INFO: [ view_parse ] --START--
INFO: [ template_filter ] --START--
INFO: Run Behavior\ContentReplaceBehavior [ RunTime:0.000000s ]
INFO: [ template_filter ] --END-- [ RunTime:0.000000s ]
NOTIC: [8] Use of undefined constant admin - assumed 'admin' D:\phpStudy\WWW\project1\Application\Runtime\Cache\Home\4c619b7abef6e99f30be44706da11172.php 第 43 行.
NOTIC: [8] Undefined variable: username D:\phpStudy\WWW\project1\Application\Runtime\Cache\Home\4c619b7abef6e99f30be44706da11172.php 第 50 行.
NOTIC: [8] Undefined variable: _page D:\phpStudy\WWW\project1\Application\Runtime\Cache\Home\4c619b7abef6e99f30be44706da11172.php 第 225 行.
INFO: Run Behavior\ParseTemplateBehavior [ RunTime:0.031001s ]
INFO: [ view_parse ] --END-- [ RunTime:0.031001s ]
INFO: [ view_filter ] --START--
INFO: Run Behavior\WriteHtmlCacheBehavior [ RunTime:0.001001s ]
INFO: [ view_filter ] --END-- [ RunTime:0.001001s ]
INFO: [ app_end ] --START--
INFO: Run Behavior\ShowPageTraceBehavior [ RunTime:0.001000s ]
INFO: [ app_end ] --END-- [ RunTime:0.002000s ]

[ 2017-06-02T19:20:00+08:00 ] 192.168.1.101 /index.php/home/index/data/machine_id/2.html
INFO: [ app_init ] --START--
INFO: Run Behavior\BuildLiteBehavior [ RunTime:0.000000s ]
INFO: [ app_init ] --END-- [ RunTime:0.001000s ]
INFO: [ app_begin ] --START--
INFO: Run Behavior\ReadHtmlCacheBehavior [ RunTime:0.001000s ]
INFO: [ app_begin ] --END-- [ RunTime:0.001000s ]
SQL: SHOW COLUMNS FROM `data` [ RunTime:0.0040s ]
SQL: SELECT * FROM `data` WHERE ( machine_id=2 ) ORDER BY id desc LIMIT 1   [ RunTime:0.0000s ]
INFO: [ view_parse ] --START--
INFO: [ template_filter ] --START--
INFO: Run Behavior\ContentReplaceBehavior [ RunTime:0.000000s ]
INFO: [ template_filter ] --END-- [ RunTime:0.000000s ]
NOTIC: [8] Use of undefined constant admin - assumed 'admin' D:\phpStudy\WWW\project1\Application\Runtime\Cache\Home\4c619b7abef6e99f30be44706da11172.php 第 43 行.
NOTIC: [8] Undefined variable: username D:\phpStudy\WWW\project1\Application\Runtime\Cache\Home\4c619b7abef6e99f30be44706da11172.php 第 50 行.
NOTIC: [8] Undefined variable: _page D:\phpStudy\WWW\project1\Application\Runtime\Cache\Home\4c619b7abef6e99f30be44706da11172.php 第 225 行.
INFO: Run Behavior\ParseTemplateBehavior [ RunTime:0.014001s ]
INFO: [ view_parse ] --END-- [ RunTime:0.015001s ]
INFO: [ view_filter ] --START--
INFO: Run Behavior\WriteHtmlCacheBehavior [ RunTime:0.000000s ]
INFO: [ view_filter ] --END-- [ RunTime:0.000000s ]
INFO: [ app_end ] --START--
INFO: Run Behavior\ShowPageTraceBehavior [ RunTime:0.001000s ]
INFO: [ app_end ] --END-- [ RunTime:0.001000s ]

[ 2017-06-02T19:20:02+08:00 ] 192.168.1.101 /index.php/home/index/data/machine_id/3.html
INFO: [ app_init ] --START--
INFO: Run Behavior\BuildLiteBehavior [ RunTime:0.000000s ]
INFO: [ app_init ] --END-- [ RunTime:0.000000s ]
INFO: [ app_begin ] --START--
INFO: Run Behavior\ReadHtmlCacheBehavior [ RunTime:0.000000s ]
INFO: [ app_begin ] --END-- [ RunTime:0.001000s ]
SQL: SHOW COLUMNS FROM `data` [ RunTime:0.0040s ]
SQL: SELECT * FROM `data` WHERE ( machine_id=3 ) ORDER BY id desc LIMIT 1   [ RunTime:0.0000s ]
INFO: [ view_parse ] --START--
INFO: [ template_filter ] --START--
INFO: Run Behavior\ContentReplaceBehavior [ RunTime:0.001000s ]
INFO: [ template_filter ] --END-- [ RunTime:0.001000s ]
NOTIC: [8] Use of undefined constant admin - assumed 'admin' D:\phpStudy\WWW\project1\Application\Runtime\Cache\Home\4c619b7abef6e99f30be44706da11172.php 第 43 行.
NOTIC: [8] Undefined variable: username D:\phpStudy\WWW\project1\Application\Runtime\Cache\Home\4c619b7abef6e99f30be44706da11172.php 第 50 行.
NOTIC: [8] Undefined variable: _page D:\phpStudy\WWW\project1\Application\Runtime\Cache\Home\4c619b7abef6e99f30be44706da11172.php 第 225 行.
INFO: Run Behavior\ParseTemplateBehavior [ RunTime:0.015001s ]
INFO: [ view_parse ] --END-- [ RunTime:0.015001s ]
INFO: [ view_filter ] --START--
INFO: Run Behavior\WriteHtmlCacheBehavior [ RunTime:0.001000s ]
INFO: [ view_filter ] --END-- [ RunTime:0.001000s ]
INFO: [ app_end ] --START--
INFO: Run Behavior\ShowPageTraceBehavior [ RunTime:0.001000s ]
INFO: [ app_end ] --END-- [ RunTime:0.001000s ]

[ 2017-06-02T19:37:30+08:00 ] 192.168.1.101 /index.php/Home/Index/machine.html
INFO: [ app_init ] --START--
INFO: Run Behavior\BuildLiteBehavior [ RunTime:0.000000s ]
INFO: [ app_init ] --END-- [ RunTime:0.001000s ]
INFO: [ app_begin ] --START--
INFO: Run Behavior\ReadHtmlCacheBehavior [ RunTime:0.001000s ]
INFO: [ app_begin ] --END-- [ RunTime:0.001000s ]
SQL: SHOW COLUMNS FROM `machine` [ RunTime:0.0040s ]
SQL: SELECT * FROM `machine`  [ RunTime:0.0000s ]
INFO: [ view_parse ] --START--
INFO: [ template_filter ] --START--
INFO: Run Behavior\ContentReplaceBehavior [ RunTime:0.000000s ]
INFO: [ template_filter ] --END-- [ RunTime:0.000000s ]
NOTIC: [8] Use of undefined constant admin - assumed 'admin' D:\phpStudy\WWW\project1\Application\Runtime\Cache\Home\41b192d2d62aef6b11348b355d64ab16.php 第 25 行.
NOTIC: [8] Undefined variable: username D:\phpStudy\WWW\project1\Application\Runtime\Cache\Home\41b192d2d62aef6b11348b355d64ab16.php 第 32 行.
NOTIC: [8] Use of undefined constant id - assumed 'id' D:\phpStudy\WWW\project1\Application\Runtime\Cache\Home\41b192d2d62aef6b11348b355d64ab16.php 第 61 行.
NOTIC: [8] Use of undefined constant id - assumed 'id' D:\phpStudy\WWW\project1\Application\Runtime\Cache\Home\41b192d2d62aef6b11348b355d64ab16.php 第 61 行.
NOTIC: [8] Use of undefined constant id - assumed 'id' D:\phpStudy\WWW\project1\Application\Runtime\Cache\Home\41b192d2d62aef6b11348b355d64ab16.php 第 61 行.
INFO: Run Behavior\ParseTemplateBehavior [ RunTime:0.020001s ]
INFO: [ view_parse ] --END-- [ RunTime:0.020001s ]
INFO: [ view_filter ] --START--
INFO: Run Behavior\WriteHtmlCacheBehavior [ RunTime:0.000000s ]
INFO: [ view_filter ] --END-- [ RunTime:0.000000s ]
INFO: [ app_end ] --START--
INFO: Run Behavior\ShowPageTraceBehavior [ RunTime:0.001000s ]
INFO: [ app_end ] --END-- [ RunTime:0.001000s ]

[ 2017-06-02T19:37:31+08:00 ] 192.168.1.101 /index.php/Home/Index/machine.html
INFO: [ app_init ] --START--
INFO: Run Behavior\BuildLiteBehavior [ RunTime:0.000000s ]
INFO: [ app_init ] --END-- [ RunTime:0.001000s ]
INFO: [ app_begin ] --START--
INFO: Run Behavior\ReadHtmlCacheBehavior [ RunTime:0.002000s ]
INFO: [ app_begin ] --END-- [ RunTime:0.002000s ]
SQL: SHOW COLUMNS FROM `machine` [ RunTime:0.0040s ]
SQL: SELECT * FROM `machine`  [ RunTime:0.0000s ]
INFO: [ view_parse ] --START--
INFO: [ template_filter ] --START--
INFO: Run Behavior\ContentReplaceBehavior [ RunTime:0.000000s ]
INFO: [ template_filter ] --END-- [ RunTime:0.000000s ]
NOTIC: [8] Use of undefined constant admin - assumed 'admin' D:\phpStudy\WWW\project1\Application\Runtime\Cache\Home\41b192d2d62aef6b11348b355d64ab16.php 第 25 行.
NOTIC: [8] Undefined variable: username D:\phpStudy\WWW\project1\Application\Runtime\Cache\Home\41b192d2d62aef6b11348b355d64ab16.php 第 32 行.
NOTIC: [8] Use of undefined constant id - assumed 'id' D:\phpStudy\WWW\project1\Application\Runtime\Cache\Home\41b192d2d62aef6b11348b355d64ab16.php 第 61 行.
NOTIC: [8] Use of undefined constant id - assumed 'id' D:\phpStudy\WWW\project1\Application\Runtime\Cache\Home\41b192d2d62aef6b11348b355d64ab16.php 第 61 行.
NOTIC: [8] Use of undefined constant id - assumed 'id' D:\phpStudy\WWW\project1\Application\Runtime\Cache\Home\41b192d2d62aef6b11348b355d64ab16.php 第 61 行.
INFO: Run Behavior\ParseTemplateBehavior [ RunTime:0.011001s ]
INFO: [ view_parse ] --END-- [ RunTime:0.011001s ]
INFO: [ view_filter ] --START--
INFO: Run Behavior\WriteHtmlCacheBehavior [ RunTime:0.001000s ]
INFO: [ view_filter ] --END-- [ RunTime:0.001000s ]
INFO: [ app_end ] --START--
INFO: Run Behavior\ShowPageTraceBehavior [ RunTime:0.000000s ]
INFO: [ app_end ] --END-- [ RunTime:0.000000s ]

[ 2017-06-02T19:37:31+08:00 ] 127.0.0.1 /
INFO: [ app_init ] --START--
INFO: Run Behavior\BuildLiteBehavior [ RunTime:0.000000s ]
INFO: [ app_init ] --END-- [ RunTime:0.001001s ]
INFO: [ app_begin ] --START--
INFO: Run Behavior\ReadHtmlCacheBehavior [ RunTime:0.002000s ]
INFO: [ app_begin ] --END-- [ RunTime:0.002000s ]
INFO: [ view_parse ] --START--
INFO: [ template_filter ] --START--
INFO: Run Behavior\ContentReplaceBehavior [ RunTime:0.000000s ]
INFO: [ template_filter ] --END-- [ RunTime:0.000000s ]
INFO: Run Behavior\ParseTemplateBehavior [ RunTime:0.022001s ]
INFO: [ view_parse ] --END-- [ RunTime:0.022001s ]
INFO: [ view_filter ] --START--
INFO: Run Behavior\WriteHtmlCacheBehavior [ RunTime:0.000000s ]
INFO: [ view_filter ] --END-- [ RunTime:0.000000s ]
INFO: [ app_end ] --START--
INFO: Run Behavior\ShowPageTraceBehavior [ RunTime:0.001000s ]
INFO: [ app_end ] --END-- [ RunTime:0.001000s ]

[ 2017-06-02T19:37:31+08:00 ] 127.0.0.1 /
INFO: [ app_init ] --START--
INFO: Run Behavior\BuildLiteBehavior [ RunTime:0.000000s ]
INFO: [ app_init ] --END-- [ RunTime:0.001001s ]
INFO: [ app_begin ] --START--
INFO: Run Behavior\ReadHtmlCacheBehavior [ RunTime:0.000000s ]
INFO: [ app_begin ] --END-- [ RunTime:0.000000s ]
INFO: [ view_parse ] --START--
INFO: [ template_filter ] --START--
INFO: Run Behavior\ContentReplaceBehavior [ RunTime:0.001000s ]
INFO: [ template_filter ] --END-- [ RunTime:0.001000s ]
INFO: Run Behavior\ParseTemplateBehavior [ RunTime:0.007000s ]
INFO: [ view_parse ] --END-- [ RunTime:0.007000s ]
INFO: [ view_filter ] --START--
INFO: Run Behavior\WriteHtmlCacheBehavior [ RunTime:0.000000s ]
INFO: [ view_filter ] --END-- [ RunTime:0.000000s ]
INFO: [ app_end ] --START--
INFO: Run Behavior\ShowPageTraceBehavior [ RunTime:0.001000s ]
INFO: [ app_end ] --END-- [ RunTime:0.001000s ]

[ 2017-06-02T19:37:32+08:00 ] 127.0.0.1 /
INFO: [ app_init ] --START--
INFO: Run Behavior\BuildLiteBehavior [ RunTime:0.000000s ]
INFO: [ app_init ] --END-- [ RunTime:0.001000s ]
INFO: [ app_begin ] --START--
INFO: Run Behavior\ReadHtmlCacheBehavior [ RunTime:0.000000s ]
INFO: [ app_begin ] --END-- [ RunTime:0.000000s ]
INFO: [ view_parse ] --START--
INFO: [ template_filter ] --START--
INFO: Run Behavior\ContentReplaceBehavior [ RunTime:0.000000s ]
INFO: [ template_filter ] --END-- [ RunTime:0.000000s ]
INFO: Run Behavior\ParseTemplateBehavior [ RunTime:0.007001s ]
INFO: [ view_parse ] --END-- [ RunTime:0.007001s ]
INFO: [ view_filter ] --START--
INFO: Run Behavior\WriteHtmlCacheBehavior [ RunTime:0.000000s ]
INFO: [ view_filter ] --END-- [ RunTime:0.000000s ]
INFO: [ app_end ] --START--
INFO: Run Behavior\ShowPageTraceBehavior [ RunTime:0.000000s ]
INFO: [ app_end ] --END-- [ RunTime:0.001000s ]

[ 2017-06-02T19:37:32+08:00 ] 127.0.0.1 /
INFO: [ app_init ] --START--
INFO: Run Behavior\BuildLiteBehavior [ RunTime:0.000000s ]
INFO: [ app_init ] --END-- [ RunTime:0.000000s ]
INFO: [ app_begin ] --START--
INFO: Run Behavior\ReadHtmlCacheBehavior [ RunTime:0.001000s ]
INFO: [ app_begin ] --END-- [ RunTime:0.001000s ]
INFO: [ view_parse ] --START--
INFO: [ template_filter ] --START--
INFO: Run Behavior\ContentReplaceBehavior [ RunTime:0.000000s ]
INFO: [ template_filter ] --END-- [ RunTime:0.000000s ]
INFO: Run Behavior\ParseTemplateBehavior [ RunTime:0.007001s ]
INFO: [ view_parse ] --END-- [ RunTime:0.007001s ]
INFO: [ view_filter ] --START--
INFO: Run Behavior\WriteHtmlCacheBehavior [ RunTime:0.000000s ]
INFO: [ view_filter ] --END-- [ RunTime:0.000000s ]
INFO: [ app_end ] --START--
INFO: Run Behavior\ShowPageTraceBehavior [ RunTime:0.001000s ]
INFO: [ app_end ] --END-- [ RunTime:0.001000s ]

[ 2017-06-02T19:37:32+08:00 ] 192.168.1.104 /index.php
INFO: [ app_init ] --START--
INFO: Run Behavior\BuildLiteBehavior [ RunTime:0.000000s ]
INFO: [ app_init ] --END-- [ RunTime:0.001000s ]
INFO: [ app_begin ] --START--
INFO: Run Behavior\ReadHtmlCacheBehavior [ RunTime:0.001000s ]
INFO: [ app_begin ] --END-- [ RunTime:0.001000s ]
INFO: [ view_parse ] --START--
INFO: [ template_filter ] --START--
INFO: Run Behavior\ContentReplaceBehavior [ RunTime:0.000000s ]
INFO: [ template_filter ] --END-- [ RunTime:0.000000s ]
INFO: Run Behavior\ParseTemplateBehavior [ RunTime:0.011001s ]
INFO: [ view_parse ] --END-- [ RunTime:0.011001s ]
INFO: [ view_filter ] --START--
INFO: Run Behavior\WriteHtmlCacheBehavior [ RunTime:0.001000s ]
INFO: [ view_filter ] --END-- [ RunTime:0.001000s ]
INFO: [ app_end ] --START--
INFO: Run Behavior\ShowPageTraceBehavior [ RunTime:0.001000s ]
INFO: [ app_end ] --END-- [ RunTime:0.001000s ]

[ 2017-06-02T19:37:34+08:00 ] 192.168.1.101 /index.php/home/index/data/machine_id/2.html
INFO: [ app_init ] --START--
INFO: Run Behavior\BuildLiteBehavior [ RunTime:0.000000s ]
INFO: [ app_init ] --END-- [ RunTime:0.001000s ]
INFO: [ app_begin ] --START--
INFO: Run Behavior\ReadHtmlCacheBehavior [ RunTime:0.001000s ]
INFO: [ app_begin ] --END-- [ RunTime:0.001000s ]
SQL: SHOW COLUMNS FROM `data` [ RunTime:0.0050s ]
SQL: SELECT * FROM `data` WHERE ( machine_id=2 ) ORDER BY id desc LIMIT 1   [ RunTime:0.0000s ]
INFO: [ view_parse ] --START--
INFO: [ template_filter ] --START--
INFO: Run Behavior\ContentReplaceBehavior [ RunTime:0.000000s ]
INFO: [ template_filter ] --END-- [ RunTime:0.000000s ]
NOTIC: [8] Use of undefined constant admin - assumed 'admin' D:\phpStudy\WWW\project1\Application\Runtime\Cache\Home\4c619b7abef6e99f30be44706da11172.php 第 43 行.
NOTIC: [8] Undefined variable: username D:\phpStudy\WWW\project1\Application\Runtime\Cache\Home\4c619b7abef6e99f30be44706da11172.php 第 50 行.
NOTIC: [8] Undefined variable: _page D:\phpStudy\WWW\project1\Application\Runtime\Cache\Home\4c619b7abef6e99f30be44706da11172.php 第 225 行.
INFO: Run Behavior\ParseTemplateBehavior [ RunTime:0.052003s ]
INFO: [ view_parse ] --END-- [ RunTime:0.052003s ]
INFO: [ view_filter ] --START--
INFO: Run Behavior\WriteHtmlCacheBehavior [ RunTime:0.000000s ]
INFO: [ view_filter ] --END-- [ RunTime:0.000000s ]
INFO: [ app_end ] --START--
INFO: Run Behavior\ShowPageTraceBehavior [ RunTime:0.001000s ]
INFO: [ app_end ] --END-- [ RunTime:0.001000s ]

[ 2017-06-02T19:37:39+08:00 ] 192.168.1.101 /index.php/home/index/data/machine_id/4.html
INFO: [ app_init ] --START--
INFO: Run Behavior\BuildLiteBehavior [ RunTime:0.000000s ]
INFO: [ app_init ] --END-- [ RunTime:0.000000s ]
INFO: [ app_begin ] --START--
INFO: Run Behavior\ReadHtmlCacheBehavior [ RunTime:0.001000s ]
INFO: [ app_begin ] --END-- [ RunTime:0.001000s ]
SQL: SHOW COLUMNS FROM `data` [ RunTime:0.0040s ]
SQL: SELECT * FROM `data` WHERE ( machine_id=4 ) ORDER BY id desc LIMIT 1   [ RunTime:0.0000s ]
INFO: [ view_parse ] --START--
INFO: [ template_filter ] --START--
INFO: Run Behavior\ContentReplaceBehavior [ RunTime:0.000000s ]
INFO: [ template_filter ] --END-- [ RunTime:0.000000s ]
NOTIC: [8] Use of undefined constant admin - assumed 'admin' D:\phpStudy\WWW\project1\Application\Runtime\Cache\Home\4c619b7abef6e99f30be44706da11172.php 第 43 行.
NOTIC: [8] Undefined variable: username D:\phpStudy\WWW\project1\Application\Runtime\Cache\Home\4c619b7abef6e99f30be44706da11172.php 第 50 行.
NOTIC: [8] Undefined variable: _page D:\phpStudy\WWW\project1\Application\Runtime\Cache\Home\4c619b7abef6e99f30be44706da11172.php 第 225 行.
INFO: Run Behavior\ParseTemplateBehavior [ RunTime:0.015001s ]
INFO: [ view_parse ] --END-- [ RunTime:0.015001s ]
INFO: [ view_filter ] --START--
INFO: Run Behavior\WriteHtmlCacheBehavior [ RunTime:0.000000s ]
INFO: [ view_filter ] --END-- [ RunTime:0.000000s ]
INFO: [ app_end ] --START--
INFO: Run Behavior\ShowPageTraceBehavior [ RunTime:0.001000s ]
INFO: [ app_end ] --END-- [ RunTime:0.001000s ]

[ 2017-06-02T19:37:49+08:00 ] 192.168.1.101 /index.php/home/index/data/machine_id/2.html
INFO: [ app_init ] --START--
INFO: Run Behavior\BuildLiteBehavior [ RunTime:0.000000s ]
INFO: [ app_init ] --END-- [ RunTime:0.001000s ]
INFO: [ app_begin ] --START--
INFO: Run Behavior\ReadHtmlCacheBehavior [ RunTime:0.001000s ]
INFO: [ app_begin ] --END-- [ RunTime:0.001000s ]
SQL: SHOW COLUMNS FROM `data` [ RunTime:0.0040s ]
SQL: SELECT * FROM `data` WHERE ( machine_id=2 ) ORDER BY id desc LIMIT 1   [ RunTime:0.0000s ]
INFO: [ view_parse ] --START--
INFO: [ template_filter ] --START--
INFO: Run Behavior\ContentReplaceBehavior [ RunTime:0.000000s ]
INFO: [ template_filter ] --END-- [ RunTime:0.000000s ]
NOTIC: [8] Use of undefined constant admin - assumed 'admin' D:\phpStudy\WWW\project1\Application\Runtime\Cache\Home\4c619b7abef6e99f30be44706da11172.php 第 43 行.
NOTIC: [8] Undefined variable: username D:\phpStudy\WWW\project1\Application\Runtime\Cache\Home\4c619b7abef6e99f30be44706da11172.php 第 50 行.
NOTIC: [8] Undefined variable: _page D:\phpStudy\WWW\project1\Application\Runtime\Cache\Home\4c619b7abef6e99f30be44706da11172.php 第 225 行.
INFO: Run Behavior\ParseTemplateBehavior [ RunTime:0.014001s ]
INFO: [ view_parse ] --END-- [ RunTime:0.014001s ]
INFO: [ view_filter ] --START--
INFO: Run Behavior\WriteHtmlCacheBehavior [ RunTime:0.000000s ]
INFO: [ view_filter ] --END-- [ RunTime:0.001000s ]
INFO: [ app_end ] --START--
INFO: Run Behavior\ShowPageTraceBehavior [ RunTime:0.001000s ]
INFO: [ app_end ] --END-- [ RunTime:0.001000s ]

[ 2017-06-02T19:37:57+08:00 ] 192.168.1.101 /
INFO: [ app_init ] --START--
INFO: Run Behavior\BuildLiteBehavior [ RunTime:0.001000s ]
INFO: [ app_init ] --END-- [ RunTime:0.001000s ]
INFO: [ app_begin ] --START--
INFO: Run Behavior\ReadHtmlCacheBehavior [ RunTime:0.002000s ]
INFO: [ app_begin ] --END-- [ RunTime:0.002000s ]
SQL: SHOW COLUMNS FROM `user` [ RunTime:0.0040s ]
SQL: SELECT `user_password` FROM `user` WHERE `user_name` = 'admin' LIMIT 1   [ RunTime:0.0000s ]

[ 2017-06-02T19:37:57+08:00 ] 192.168.1.101 /index.php/Home/Index/machine.html
INFO: [ app_init ] --START--
INFO: Run Behavior\BuildLiteBehavior [ RunTime:0.000000s ]
INFO: [ app_init ] --END-- [ RunTime:0.001000s ]
INFO: [ app_begin ] --START--
INFO: Run Behavior\ReadHtmlCacheBehavior [ RunTime:0.001000s ]
INFO: [ app_begin ] --END-- [ RunTime:0.001000s ]
SQL: SHOW COLUMNS FROM `machine` [ RunTime:0.0040s ]
SQL: SELECT * FROM `machine`  [ RunTime:0.0010s ]
INFO: [ view_parse ] --START--
INFO: [ template_filter ] --START--
INFO: Run Behavior\ContentReplaceBehavior [ RunTime:0.000000s ]
INFO: [ template_filter ] --END-- [ RunTime:0.000000s ]
NOTIC: [8] Use of undefined constant admin - assumed 'admin' D:\phpStudy\WWW\project1\Application\Runtime\Cache\Home\41b192d2d62aef6b11348b355d64ab16.php 第 25 行.
NOTIC: [8] Undefined variable: username D:\phpStudy\WWW\project1\Application\Runtime\Cache\Home\41b192d2d62aef6b11348b355d64ab16.php 第 32 行.
NOTIC: [8] Use of undefined constant id - assumed 'id' D:\phpStudy\WWW\project1\Application\Runtime\Cache\Home\41b192d2d62aef6b11348b355d64ab16.php 第 61 行.
NOTIC: [8] Use of undefined constant id - assumed 'id' D:\phpStudy\WWW\project1\Application\Runtime\Cache\Home\41b192d2d62aef6b11348b355d64ab16.php 第 61 行.
NOTIC: [8] Use of undefined constant id - assumed 'id' D:\phpStudy\WWW\project1\Application\Runtime\Cache\Home\41b192d2d62aef6b11348b355d64ab16.php 第 61 行.
INFO: Run Behavior\ParseTemplateBehavior [ RunTime:0.011000s ]
INFO: [ view_parse ] --END-- [ RunTime:0.011000s ]
INFO: [ view_filter ] --START--
INFO: Run Behavior\WriteHtmlCacheBehavior [ RunTime:0.000000s ]
INFO: [ view_filter ] --END-- [ RunTime:0.000000s ]
INFO: [ app_end ] --START--
INFO: Run Behavior\ShowPageTraceBehavior [ RunTime:0.001000s ]
INFO: [ app_end ] --END-- [ RunTime:0.001000s ]

[ 2017-06-02T19:38:56+08:00 ] 192.168.1.101 /index.php/Home/Index/machine.html
INFO: [ app_init ] --START--
INFO: Run Behavior\BuildLiteBehavior [ RunTime:0.000000s ]
INFO: [ app_init ] --END-- [ RunTime:0.002000s ]
INFO: [ app_begin ] --START--
INFO: Run Behavior\ReadHtmlCacheBehavior [ RunTime:0.013001s ]
INFO: [ app_begin ] --END-- [ RunTime:0.013001s ]
SQL: SHOW COLUMNS FROM `machine` [ RunTime:0.0070s ]
SQL: SELECT * FROM `machine`  [ RunTime:0.0010s ]
INFO: [ view_parse ] --START--
INFO: [ template_filter ] --START--
INFO: Run Behavior\ContentReplaceBehavior [ RunTime:0.000000s ]
INFO: [ template_filter ] --END-- [ RunTime:0.000000s ]
NOTIC: [8] Use of undefined constant admin - assumed 'admin' D:\phpStudy\WWW\project1\Application\Runtime\Cache\Home\41b192d2d62aef6b11348b355d64ab16.php 第 25 行.
NOTIC: [8] Undefined variable: username D:\phpStudy\WWW\project1\Application\Runtime\Cache\Home\41b192d2d62aef6b11348b355d64ab16.php 第 32 行.
NOTIC: [8] Use of undefined constant id - assumed 'id' D:\phpStudy\WWW\project1\Application\Runtime\Cache\Home\41b192d2d62aef6b11348b355d64ab16.php 第 61 行.
NOTIC: [8] Use of undefined constant id - assumed 'id' D:\phpStudy\WWW\project1\Application\Runtime\Cache\Home\41b192d2d62aef6b11348b355d64ab16.php 第 61 行.
NOTIC: [8] Use of undefined constant id - assumed 'id' D:\phpStudy\WWW\project1\Application\Runtime\Cache\Home\41b192d2d62aef6b11348b355d64ab16.php 第 61 行.
NOTIC: [8] Use of undefined constant id - assumed 'id' D:\phpStudy\WWW\project1\Application\Runtime\Cache\Home\41b192d2d62aef6b11348b355d64ab16.php 第 61 行.
NOTIC: [8] Use of undefined constant id - assumed 'id' D:\phpStudy\WWW\project1\Application\Runtime\Cache\Home\41b192d2d62aef6b11348b355d64ab16.php 第 61 行.
INFO: Run Behavior\ParseTemplateBehavior [ RunTime:0.054003s ]
INFO: [ view_parse ] --END-- [ RunTime:0.054003s ]
INFO: [ view_filter ] --START--
INFO: Run Behavior\WriteHtmlCacheBehavior [ RunTime:0.004000s ]
INFO: [ view_filter ] --END-- [ RunTime:0.004000s ]
INFO: [ app_end ] --START--
INFO: Run Behavior\ShowPageTraceBehavior [ RunTime:0.013001s ]
INFO: [ app_end ] --END-- [ RunTime:0.013001s ]

[ 2017-06-02T19:39:21+08:00 ] 192.168.1.101 /index.php/Home/Index/machine.html
INFO: [ app_init ] --START--
INFO: Run Behavior\BuildLiteBehavior [ RunTime:0.000000s ]
INFO: [ app_init ] --END-- [ RunTime:0.001000s ]
INFO: [ app_begin ] --START--
INFO: Run Behavior\ReadHtmlCacheBehavior [ RunTime:0.000000s ]
INFO: [ app_begin ] --END-- [ RunTime:0.000000s ]
SQL: SHOW COLUMNS FROM `machine` [ RunTime:0.0040s ]
SQL: SELECT * FROM `machine`  [ RunTime:0.0010s ]
INFO: [ view_parse ] --START--
INFO: [ template_filter ] --START--
INFO: Run Behavior\ContentReplaceBehavior [ RunTime:0.000000s ]
INFO: [ template_filter ] --END-- [ RunTime:0.000000s ]
NOTIC: [8] Use of undefined constant admin - assumed 'admin' D:\phpStudy\WWW\project1\Application\Runtime\Cache\Home\41b192d2d62aef6b11348b355d64ab16.php 第 25 行.
NOTIC: [8] Undefined variable: username D:\phpStudy\WWW\project1\Application\Runtime\Cache\Home\41b192d2d62aef6b11348b355d64ab16.php 第 32 行.
INFO: Run Behavior\ParseTemplateBehavior [ RunTime:0.011000s ]
INFO: [ view_parse ] --END-- [ RunTime:0.011000s ]
INFO: [ view_filter ] --START--
INFO: Run Behavior\WriteHtmlCacheBehavior [ RunTime:0.001000s ]
INFO: [ view_filter ] --END-- [ RunTime:0.001000s ]
INFO: [ app_end ] --START--
INFO: Run Behavior\ShowPageTraceBehavior [ RunTime:0.001000s ]
INFO: [ app_end ] --END-- [ RunTime:0.001000s ]

