[ 2017-06-24T21:27:26+08:00 ] ::1 /project1/
INFO: [ app_init ] --START--
INFO: Run Behavior\BuildLiteBehavior [ RunTime:0.000000s ]
INFO: [ app_init ] --END-- [ RunTime:0.020001s ]
INFO: [ app_begin ] --START--
INFO: Run Behavior\ReadHtmlCacheBehavior [ RunTime:0.001000s ]
INFO: [ app_begin ] --END-- [ RunTime:0.002000s ]
INFO: [ view_parse ] --START--
INFO: [ template_filter ] --START--
INFO: Run Behavior\ContentReplaceBehavior [ RunTime:0.001000s ]
INFO: [ template_filter ] --END-- [ RunTime:0.001000s ]
INFO: Run Behavior\ParseTemplateBehavior [ RunTime:0.013000s ]
INFO: [ view_parse ] --END-- [ RunTime:0.014001s ]
INFO: [ view_filter ] --START--
INFO: Run Behavior\WriteHtmlCacheBehavior [ RunTime:0.000000s ]
INFO: [ view_filter ] --END-- [ RunTime:0.000000s ]
INFO: [ app_end ] --START--
INFO: Run Behavior\ShowPageTraceBehavior [ RunTime:0.001000s ]
INFO: [ app_end ] --END-- [ RunTime:0.001000s ]

[ 2017-06-24T21:27:31+08:00 ] ::1 /project1/
INFO: [ app_init ] --START--
INFO: Run Behavior\BuildLiteBehavior [ RunTime:0.000000s ]
INFO: [ app_init ] --END-- [ RunTime:0.001000s ]
INFO: [ app_begin ] --START--
INFO: Run Behavior\ReadHtmlCacheBehavior [ RunTime:0.002000s ]
INFO: [ app_begin ] --END-- [ RunTime:0.002000s ]
SQL: SHOW COLUMNS FROM `user` [ RunTime:0.0390s ]
SQL: SELECT `user_password` FROM `user` WHERE `user_name` = 'admin' LIMIT 1   [ RunTime:0.0000s ]

[ 2017-06-24T21:27:31+08:00 ] ::1 /project1/index.php/Home/Index/machine.html
INFO: [ app_init ] --START--
INFO: Run Behavior\BuildLiteBehavior [ RunTime:0.000000s ]
INFO: [ app_init ] --END-- [ RunTime:0.001000s ]
INFO: [ app_begin ] --START--
INFO: Run Behavior\ReadHtmlCacheBehavior [ RunTime:0.000000s ]
INFO: [ app_begin ] --END-- [ RunTime:0.000000s ]
SQL: SHOW COLUMNS FROM `machine` [ RunTime:0.0160s ]
SQL: SELECT * FROM `machine`  [ RunTime:0.0010s ]
INFO: [ view_parse ] --START--
INFO: [ template_filter ] --START--
INFO: Run Behavior\ContentReplaceBehavior [ RunTime:0.000000s ]
INFO: [ template_filter ] --END-- [ RunTime:0.000000s ]
NOTIC: [8] Use of undefined constant admin - assumed 'admin' D:\phpStudy\WWW\project1\Application\Runtime\Cache\Home\41b192d2d62aef6b11348b355d64ab16.php 第 25 行.
NOTIC: [8] Undefined variable: username D:\phpStudy\WWW\project1\Application\Runtime\Cache\Home\41b192d2d62aef6b11348b355d64ab16.php 第 32 行.
INFO: Run Behavior\ParseTemplateBehavior [ RunTime:0.038002s ]
INFO: [ view_parse ] --END-- [ RunTime:0.038002s ]
INFO: [ view_filter ] --START--
INFO: Run Behavior\WriteHtmlCacheBehavior [ RunTime:0.001000s ]
INFO: [ view_filter ] --END-- [ RunTime:0.001000s ]
INFO: [ app_end ] --START--
INFO: Run Behavior\ShowPageTraceBehavior [ RunTime:0.001000s ]
INFO: [ app_end ] --END-- [ RunTime:0.001000s ]

[ 2017-06-24T21:28:06+08:00 ] ::1 /project1/index.php/Home/Index/machine.html
INFO: [ app_init ] --START--
INFO: Run Behavior\BuildLiteBehavior [ RunTime:0.000000s ]
INFO: [ app_init ] --END-- [ RunTime:0.001000s ]
INFO: [ app_begin ] --START--
INFO: Run Behavior\ReadHtmlCacheBehavior [ RunTime:0.001000s ]
INFO: [ app_begin ] --END-- [ RunTime:0.001000s ]
SQL: SHOW COLUMNS FROM `machine` [ RunTime:0.0050s ]
SQL: SELECT * FROM `machine`  [ RunTime:0.0000s ]
INFO: [ view_parse ] --START--
INFO: [ template_filter ] --START--
INFO: Run Behavior\ContentReplaceBehavior [ RunTime:0.000000s ]
INFO: [ template_filter ] --END-- [ RunTime:0.001000s ]
NOTIC: [8] Use of undefined constant admin - assumed 'admin' D:\phpStudy\WWW\project1\Application\Runtime\Cache\Home\41b192d2d62aef6b11348b355d64ab16.php 第 25 行.
NOTIC: [8] Undefined variable: username D:\phpStudy\WWW\project1\Application\Runtime\Cache\Home\41b192d2d62aef6b11348b355d64ab16.php 第 32 行.
INFO: Run Behavior\ParseTemplateBehavior [ RunTime:0.014001s ]
INFO: [ view_parse ] --END-- [ RunTime:0.014001s ]
INFO: [ view_filter ] --START--
INFO: Run Behavior\WriteHtmlCacheBehavior [ RunTime:0.000000s ]
INFO: [ view_filter ] --END-- [ RunTime:0.000000s ]
INFO: [ app_end ] --START--
INFO: Run Behavior\ShowPageTraceBehavior [ RunTime:0.001000s ]
INFO: [ app_end ] --END-- [ RunTime:0.001000s ]

[ 2017-06-24T21:28:08+08:00 ] ::1 /project1/index.php/Home/Index/machine.html
INFO: [ app_init ] --START--
INFO: Run Behavior\BuildLiteBehavior [ RunTime:0.000000s ]
INFO: [ app_init ] --END-- [ RunTime:0.000000s ]
INFO: [ app_begin ] --START--
INFO: Run Behavior\ReadHtmlCacheBehavior [ RunTime:0.001000s ]
INFO: [ app_begin ] --END-- [ RunTime:0.001000s ]
SQL: SHOW COLUMNS FROM `machine` [ RunTime:0.0040s ]
SQL: SELECT * FROM `machine`  [ RunTime:0.0000s ]
INFO: [ view_parse ] --START--
INFO: [ template_filter ] --START--
INFO: Run Behavior\ContentReplaceBehavior [ RunTime:0.000000s ]
INFO: [ template_filter ] --END-- [ RunTime:0.000000s ]
NOTIC: [8] Use of undefined constant admin - assumed 'admin' D:\phpStudy\WWW\project1\Application\Runtime\Cache\Home\41b192d2d62aef6b11348b355d64ab16.php 第 25 行.
NOTIC: [8] Undefined variable: username D:\phpStudy\WWW\project1\Application\Runtime\Cache\Home\41b192d2d62aef6b11348b355d64ab16.php 第 32 行.
INFO: Run Behavior\ParseTemplateBehavior [ RunTime:0.012001s ]
INFO: [ view_parse ] --END-- [ RunTime:0.012001s ]
INFO: [ view_filter ] --START--
INFO: Run Behavior\WriteHtmlCacheBehavior [ RunTime:0.000000s ]
INFO: [ view_filter ] --END-- [ RunTime:0.000000s ]
INFO: [ app_end ] --START--
INFO: Run Behavior\ShowPageTraceBehavior [ RunTime:0.001000s ]
INFO: [ app_end ] --END-- [ RunTime:0.001000s ]

[ 2017-06-24T21:28:08+08:00 ] ::1 /project1/index.php/Home/Index/machine.html
INFO: [ app_init ] --START--
INFO: Run Behavior\BuildLiteBehavior [ RunTime:0.000000s ]
INFO: [ app_init ] --END-- [ RunTime:0.000000s ]
INFO: [ app_begin ] --START--
INFO: Run Behavior\ReadHtmlCacheBehavior [ RunTime:0.001000s ]
INFO: [ app_begin ] --END-- [ RunTime:0.001000s ]
SQL: SHOW COLUMNS FROM `machine` [ RunTime:0.0050s ]
SQL: SELECT * FROM `machine`  [ RunTime:0.0000s ]
INFO: [ view_parse ] --START--
INFO: [ template_filter ] --START--
INFO: Run Behavior\ContentReplaceBehavior [ RunTime:0.000000s ]
INFO: [ template_filter ] --END-- [ RunTime:0.000000s ]
NOTIC: [8] Use of undefined constant admin - assumed 'admin' D:\phpStudy\WWW\project1\Application\Runtime\Cache\Home\41b192d2d62aef6b11348b355d64ab16.php 第 25 行.
NOTIC: [8] Undefined variable: username D:\phpStudy\WWW\project1\Application\Runtime\Cache\Home\41b192d2d62aef6b11348b355d64ab16.php 第 32 行.
INFO: Run Behavior\ParseTemplateBehavior [ RunTime:0.011001s ]
INFO: [ view_parse ] --END-- [ RunTime:0.011001s ]
INFO: [ view_filter ] --START--
INFO: Run Behavior\WriteHtmlCacheBehavior [ RunTime:0.000000s ]
INFO: [ view_filter ] --END-- [ RunTime:0.000000s ]
INFO: [ app_end ] --START--
INFO: Run Behavior\ShowPageTraceBehavior [ RunTime:0.001000s ]
INFO: [ app_end ] --END-- [ RunTime:0.001000s ]

[ 2017-06-24T21:28:16+08:00 ] ::1 /project1/index.php/Home/Index/machine.html
INFO: [ app_init ] --START--
INFO: Run Behavior\BuildLiteBehavior [ RunTime:0.000000s ]
INFO: [ app_init ] --END-- [ RunTime:0.000000s ]
INFO: [ app_begin ] --START--
INFO: Run Behavior\ReadHtmlCacheBehavior [ RunTime:0.001000s ]
INFO: [ app_begin ] --END-- [ RunTime:0.001000s ]
SQL: SHOW COLUMNS FROM `machine` [ RunTime:0.0050s ]
SQL: SELECT * FROM `machine`  [ RunTime:0.0000s ]
INFO: [ view_parse ] --START--
INFO: [ template_filter ] --START--
INFO: Run Behavior\ContentReplaceBehavior [ RunTime:0.000000s ]
INFO: [ template_filter ] --END-- [ RunTime:0.000000s ]
NOTIC: [8] Use of undefined constant admin - assumed 'admin' D:\phpStudy\WWW\project1\Application\Runtime\Cache\Home\41b192d2d62aef6b11348b355d64ab16.php 第 25 行.
NOTIC: [8] Undefined variable: username D:\phpStudy\WWW\project1\Application\Runtime\Cache\Home\41b192d2d62aef6b11348b355d64ab16.php 第 32 行.
NOTIC: [8] Use of undefined constant id - assumed 'id' D:\phpStudy\WWW\project1\Application\Runtime\Cache\Home\41b192d2d62aef6b11348b355d64ab16.php 第 61 行.
INFO: Run Behavior\ParseTemplateBehavior [ RunTime:0.016001s ]
INFO: [ view_parse ] --END-- [ RunTime:0.016001s ]
INFO: [ view_filter ] --START--
INFO: Run Behavior\WriteHtmlCacheBehavior [ RunTime:0.000000s ]
INFO: [ view_filter ] --END-- [ RunTime:0.001000s ]
INFO: [ app_end ] --START--
INFO: Run Behavior\ShowPageTraceBehavior [ RunTime:0.001000s ]
INFO: [ app_end ] --END-- [ RunTime:0.001000s ]

[ 2017-06-24T21:28:17+08:00 ] ::1 /project1/index.php/home/index/data/machine_id/2.html
INFO: [ app_init ] --START--
INFO: Run Behavior\BuildLiteBehavior [ RunTime:0.000000s ]
INFO: [ app_init ] --END-- [ RunTime:0.001000s ]
INFO: [ app_begin ] --START--
INFO: Run Behavior\ReadHtmlCacheBehavior [ RunTime:0.000000s ]
INFO: [ app_begin ] --END-- [ RunTime:0.000000s ]
INFO: [ view_parse ] --START--
INFO: [ template_filter ] --START--
INFO: Run Behavior\ContentReplaceBehavior [ RunTime:0.000000s ]
INFO: [ template_filter ] --END-- [ RunTime:0.000000s ]
NOTIC: [8] Use of undefined constant admin - assumed 'admin' D:\phpStudy\WWW\project1\Application\Runtime\Cache\Home\4c619b7abef6e99f30be44706da11172.php 第 43 行.
NOTIC: [8] Undefined variable: username D:\phpStudy\WWW\project1\Application\Runtime\Cache\Home\4c619b7abef6e99f30be44706da11172.php 第 50 行.
NOTIC: [8] Undefined variable: data D:\phpStudy\WWW\project1\Application\Runtime\Cache\Home\4c619b7abef6e99f30be44706da11172.php 第 178 行.
NOTIC: [8] Undefined variable: data D:\phpStudy\WWW\project1\Application\Runtime\Cache\Home\4c619b7abef6e99f30be44706da11172.php 第 179 行.
NOTIC: [8] Undefined variable: data D:\phpStudy\WWW\project1\Application\Runtime\Cache\Home\4c619b7abef6e99f30be44706da11172.php 第 180 行.
NOTIC: [8] Undefined variable: data D:\phpStudy\WWW\project1\Application\Runtime\Cache\Home\4c619b7abef6e99f30be44706da11172.php 第 181 行.
NOTIC: [8] Undefined variable: data D:\phpStudy\WWW\project1\Application\Runtime\Cache\Home\4c619b7abef6e99f30be44706da11172.php 第 192 行.
NOTIC: [8] Undefined variable: data D:\phpStudy\WWW\project1\Application\Runtime\Cache\Home\4c619b7abef6e99f30be44706da11172.php 第 195 行.
NOTIC: [8] Undefined variable: data D:\phpStudy\WWW\project1\Application\Runtime\Cache\Home\4c619b7abef6e99f30be44706da11172.php 第 199 行.
NOTIC: [8] Undefined variable: data D:\phpStudy\WWW\project1\Application\Runtime\Cache\Home\4c619b7abef6e99f30be44706da11172.php 第 205 行.
NOTIC: [8] Undefined variable: _page D:\phpStudy\WWW\project1\Application\Runtime\Cache\Home\4c619b7abef6e99f30be44706da11172.php 第 225 行.
INFO: Run Behavior\ParseTemplateBehavior [ RunTime:0.018001s ]
INFO: [ view_parse ] --END-- [ RunTime:0.018001s ]
INFO: [ view_filter ] --START--
INFO: Run Behavior\WriteHtmlCacheBehavior [ RunTime:0.001000s ]
INFO: [ view_filter ] --END-- [ RunTime:0.002000s ]
INFO: [ app_end ] --START--
INFO: Run Behavior\ShowPageTraceBehavior [ RunTime:0.008001s ]
INFO: [ app_end ] --END-- [ RunTime:0.008001s ]

[ 2017-06-24T21:29:42+08:00 ] ::1 /project1/index.php/home/index/data/machine_id/2.html
INFO: [ app_init ] --START--
INFO: Run Behavior\BuildLiteBehavior [ RunTime:0.000000s ]
INFO: [ app_init ] --END-- [ RunTime:0.000000s ]
INFO: [ app_begin ] --START--
INFO: Run Behavior\ReadHtmlCacheBehavior [ RunTime:0.001000s ]
INFO: [ app_begin ] --END-- [ RunTime:0.001000s ]
INFO: [ view_parse ] --START--
INFO: [ template_filter ] --START--
INFO: Run Behavior\ContentReplaceBehavior [ RunTime:0.000000s ]
INFO: [ template_filter ] --END-- [ RunTime:0.001000s ]
NOTIC: [8] Use of undefined constant admin - assumed 'admin' D:\phpStudy\WWW\project1\Application\Runtime\Cache\Home\4c619b7abef6e99f30be44706da11172.php 第 43 行.
NOTIC: [8] Undefined variable: username D:\phpStudy\WWW\project1\Application\Runtime\Cache\Home\4c619b7abef6e99f30be44706da11172.php 第 50 行.
NOTIC: [8] Undefined variable: data D:\phpStudy\WWW\project1\Application\Runtime\Cache\Home\4c619b7abef6e99f30be44706da11172.php 第 178 行.
NOTIC: [8] Undefined variable: data D:\phpStudy\WWW\project1\Application\Runtime\Cache\Home\4c619b7abef6e99f30be44706da11172.php 第 179 行.
NOTIC: [8] Undefined variable: data D:\phpStudy\WWW\project1\Application\Runtime\Cache\Home\4c619b7abef6e99f30be44706da11172.php 第 180 行.
NOTIC: [8] Undefined variable: data D:\phpStudy\WWW\project1\Application\Runtime\Cache\Home\4c619b7abef6e99f30be44706da11172.php 第 181 行.
NOTIC: [8] Undefined variable: data D:\phpStudy\WWW\project1\Application\Runtime\Cache\Home\4c619b7abef6e99f30be44706da11172.php 第 193 行.
NOTIC: [8] Undefined variable: data D:\phpStudy\WWW\project1\Application\Runtime\Cache\Home\4c619b7abef6e99f30be44706da11172.php 第 196 行.
NOTIC: [8] Undefined variable: data D:\phpStudy\WWW\project1\Application\Runtime\Cache\Home\4c619b7abef6e99f30be44706da11172.php 第 200 行.
NOTIC: [8] Undefined variable: data D:\phpStudy\WWW\project1\Application\Runtime\Cache\Home\4c619b7abef6e99f30be44706da11172.php 第 206 行.
NOTIC: [8] Undefined variable: _page D:\phpStudy\WWW\project1\Application\Runtime\Cache\Home\4c619b7abef6e99f30be44706da11172.php 第 226 行.
INFO: Run Behavior\ParseTemplateBehavior [ RunTime:0.016001s ]
INFO: [ view_parse ] --END-- [ RunTime:0.016001s ]
INFO: [ view_filter ] --START--
INFO: Run Behavior\WriteHtmlCacheBehavior [ RunTime:0.001000s ]
INFO: [ view_filter ] --END-- [ RunTime:0.001000s ]
INFO: [ app_end ] --START--
INFO: Run Behavior\ShowPageTraceBehavior [ RunTime:0.001000s ]
INFO: [ app_end ] --END-- [ RunTime:0.001000s ]

[ 2017-06-24T21:30:02+08:00 ] ::1 /project1/index.php/home/index/data/machine_id/2.html
INFO: [ app_init ] --START--
INFO: Run Behavior\BuildLiteBehavior [ RunTime:0.000000s ]
INFO: [ app_init ] --END-- [ RunTime:0.000000s ]
INFO: [ app_begin ] --START--
INFO: Run Behavior\ReadHtmlCacheBehavior [ RunTime:0.001000s ]
INFO: [ app_begin ] --END-- [ RunTime:0.001000s ]
INFO: [ view_parse ] --START--
INFO: [ template_filter ] --START--
INFO: Run Behavior\ContentReplaceBehavior [ RunTime:0.000000s ]
INFO: [ template_filter ] --END-- [ RunTime:0.000000s ]
NOTIC: [8] Use of undefined constant admin - assumed 'admin' D:\phpStudy\WWW\project1\Application\Runtime\Cache\Home\4c619b7abef6e99f30be44706da11172.php 第 43 行.
NOTIC: [8] Undefined variable: username D:\phpStudy\WWW\project1\Application\Runtime\Cache\Home\4c619b7abef6e99f30be44706da11172.php 第 50 行.
NOTIC: [8] Undefined variable: data D:\phpStudy\WWW\project1\Application\Runtime\Cache\Home\4c619b7abef6e99f30be44706da11172.php 第 178 行.
NOTIC: [8] Undefined variable: data D:\phpStudy\WWW\project1\Application\Runtime\Cache\Home\4c619b7abef6e99f30be44706da11172.php 第 179 行.
NOTIC: [8] Undefined variable: data D:\phpStudy\WWW\project1\Application\Runtime\Cache\Home\4c619b7abef6e99f30be44706da11172.php 第 180 行.
NOTIC: [8] Undefined variable: data D:\phpStudy\WWW\project1\Application\Runtime\Cache\Home\4c619b7abef6e99f30be44706da11172.php 第 181 行.
NOTIC: [8] Undefined variable: data D:\phpStudy\WWW\project1\Application\Runtime\Cache\Home\4c619b7abef6e99f30be44706da11172.php 第 193 行.
NOTIC: [8] Undefined variable: data D:\phpStudy\WWW\project1\Application\Runtime\Cache\Home\4c619b7abef6e99f30be44706da11172.php 第 196 行.
NOTIC: [8] Undefined variable: data D:\phpStudy\WWW\project1\Application\Runtime\Cache\Home\4c619b7abef6e99f30be44706da11172.php 第 200 行.
NOTIC: [8] Undefined variable: data D:\phpStudy\WWW\project1\Application\Runtime\Cache\Home\4c619b7abef6e99f30be44706da11172.php 第 206 行.
NOTIC: [8] Undefined variable: _page D:\phpStudy\WWW\project1\Application\Runtime\Cache\Home\4c619b7abef6e99f30be44706da11172.php 第 226 行.
INFO: Run Behavior\ParseTemplateBehavior [ RunTime:0.021001s ]
INFO: [ view_parse ] --END-- [ RunTime:0.021001s ]
INFO: [ view_filter ] --START--
INFO: Run Behavior\WriteHtmlCacheBehavior [ RunTime:0.001000s ]
INFO: [ view_filter ] --END-- [ RunTime:0.001000s ]
INFO: [ app_end ] --START--
INFO: Run Behavior\ShowPageTraceBehavior [ RunTime:0.001000s ]
INFO: [ app_end ] --END-- [ RunTime:0.001000s ]

[ 2017-06-24T21:32:00+08:00 ] ::1 /project1/index.php/home/index/data/machine_id/2.html
INFO: [ app_init ] --START--
INFO: Run Behavior\BuildLiteBehavior [ RunTime:0.000000s ]
INFO: [ app_init ] --END-- [ RunTime:0.000000s ]
INFO: [ app_begin ] --START--
INFO: Run Behavior\ReadHtmlCacheBehavior [ RunTime:0.000000s ]
INFO: [ app_begin ] --END-- [ RunTime:0.000000s ]
INFO: [ view_parse ] --START--
INFO: [ template_filter ] --START--
INFO: Run Behavior\ContentReplaceBehavior [ RunTime:0.000000s ]
INFO: [ template_filter ] --END-- [ RunTime:0.000000s ]
NOTIC: [8] Use of undefined constant admin - assumed 'admin' D:\phpStudy\WWW\project1\Application\Runtime\Cache\Home\4c619b7abef6e99f30be44706da11172.php 第 43 行.
NOTIC: [8] Undefined variable: username D:\phpStudy\WWW\project1\Application\Runtime\Cache\Home\4c619b7abef6e99f30be44706da11172.php 第 50 行.
NOTIC: [8] Undefined variable: data D:\phpStudy\WWW\project1\Application\Runtime\Cache\Home\4c619b7abef6e99f30be44706da11172.php 第 178 行.
NOTIC: [8] Undefined variable: data D:\phpStudy\WWW\project1\Application\Runtime\Cache\Home\4c619b7abef6e99f30be44706da11172.php 第 179 行.
NOTIC: [8] Undefined variable: data D:\phpStudy\WWW\project1\Application\Runtime\Cache\Home\4c619b7abef6e99f30be44706da11172.php 第 180 行.
NOTIC: [8] Undefined variable: data D:\phpStudy\WWW\project1\Application\Runtime\Cache\Home\4c619b7abef6e99f30be44706da11172.php 第 181 行.
NOTIC: [8] Undefined variable: data D:\phpStudy\WWW\project1\Application\Runtime\Cache\Home\4c619b7abef6e99f30be44706da11172.php 第 193 行.
NOTIC: [8] Undefined variable: data D:\phpStudy\WWW\project1\Application\Runtime\Cache\Home\4c619b7abef6e99f30be44706da11172.php 第 196 行.
NOTIC: [8] Undefined variable: data D:\phpStudy\WWW\project1\Application\Runtime\Cache\Home\4c619b7abef6e99f30be44706da11172.php 第 200 行.
NOTIC: [8] Undefined variable: data D:\phpStudy\WWW\project1\Application\Runtime\Cache\Home\4c619b7abef6e99f30be44706da11172.php 第 206 行.
NOTIC: [8] Undefined variable: _page D:\phpStudy\WWW\project1\Application\Runtime\Cache\Home\4c619b7abef6e99f30be44706da11172.php 第 226 行.
INFO: Run Behavior\ParseTemplateBehavior [ RunTime:0.015001s ]
INFO: [ view_parse ] --END-- [ RunTime:0.015001s ]
INFO: [ view_filter ] --START--
INFO: Run Behavior\WriteHtmlCacheBehavior [ RunTime:0.000000s ]
INFO: [ view_filter ] --END-- [ RunTime:0.000000s ]
INFO: [ app_end ] --START--
INFO: Run Behavior\ShowPageTraceBehavior [ RunTime:0.001000s ]
INFO: [ app_end ] --END-- [ RunTime:0.001000s ]

[ 2017-06-24T21:52:35+08:00 ] ::1 /project1/index.php/home/index/data/machine_id/2.html
INFO: [ app_init ] --START--
INFO: Run Behavior\BuildLiteBehavior [ RunTime:0.000000s ]
INFO: [ app_init ] --END-- [ RunTime:0.000000s ]
INFO: [ app_begin ] --START--
INFO: Run Behavior\ReadHtmlCacheBehavior [ RunTime:0.001001s ]
INFO: [ app_begin ] --END-- [ RunTime:0.001001s ]
INFO: [ view_parse ] --START--
INFO: [ template_filter ] --START--
INFO: Run Behavior\ContentReplaceBehavior [ RunTime:0.000000s ]
INFO: [ template_filter ] --END-- [ RunTime:0.000000s ]
NOTIC: [8] Use of undefined constant admin - assumed 'admin' D:\phpStudy\WWW\project1\Application\Runtime\Cache\Home\4c619b7abef6e99f30be44706da11172.php 第 43 行.
NOTIC: [8] Undefined variable: username D:\phpStudy\WWW\project1\Application\Runtime\Cache\Home\4c619b7abef6e99f30be44706da11172.php 第 50 行.
NOTIC: [8] Undefined variable: data D:\phpStudy\WWW\project1\Application\Runtime\Cache\Home\4c619b7abef6e99f30be44706da11172.php 第 178 行.
NOTIC: [8] Undefined variable: data D:\phpStudy\WWW\project1\Application\Runtime\Cache\Home\4c619b7abef6e99f30be44706da11172.php 第 179 行.
NOTIC: [8] Undefined variable: data D:\phpStudy\WWW\project1\Application\Runtime\Cache\Home\4c619b7abef6e99f30be44706da11172.php 第 180 行.
NOTIC: [8] Undefined variable: data D:\phpStudy\WWW\project1\Application\Runtime\Cache\Home\4c619b7abef6e99f30be44706da11172.php 第 181 行.
NOTIC: [8] Undefined variable: data D:\phpStudy\WWW\project1\Application\Runtime\Cache\Home\4c619b7abef6e99f30be44706da11172.php 第 193 行.
NOTIC: [8] Undefined variable: data D:\phpStudy\WWW\project1\Application\Runtime\Cache\Home\4c619b7abef6e99f30be44706da11172.php 第 196 行.
NOTIC: [8] Undefined variable: data D:\phpStudy\WWW\project1\Application\Runtime\Cache\Home\4c619b7abef6e99f30be44706da11172.php 第 200 行.
NOTIC: [8] Undefined variable: data D:\phpStudy\WWW\project1\Application\Runtime\Cache\Home\4c619b7abef6e99f30be44706da11172.php 第 206 行.
NOTIC: [8] Undefined variable: _page D:\phpStudy\WWW\project1\Application\Runtime\Cache\Home\4c619b7abef6e99f30be44706da11172.php 第 226 行.
INFO: Run Behavior\ParseTemplateBehavior [ RunTime:0.018001s ]
INFO: [ view_parse ] --END-- [ RunTime:0.018001s ]
INFO: [ view_filter ] --START--
INFO: Run Behavior\WriteHtmlCacheBehavior [ RunTime:0.000000s ]
INFO: [ view_filter ] --END-- [ RunTime:0.001000s ]
INFO: [ app_end ] --START--
INFO: Run Behavior\ShowPageTraceBehavior [ RunTime:0.001000s ]
INFO: [ app_end ] --END-- [ RunTime:0.001000s ]

[ 2017-06-24T21:52:35+08:00 ] ::1 /project1/index.php/Home/Index/getdata.html
INFO: [ app_init ] --START--
INFO: Run Behavior\BuildLiteBehavior [ RunTime:0.000000s ]
INFO: [ app_init ] --END-- [ RunTime:0.000000s ]
INFO: [ app_begin ] --START--
INFO: Run Behavior\ReadHtmlCacheBehavior [ RunTime:0.001000s ]
INFO: [ app_begin ] --END-- [ RunTime:0.001000s ]
SQL: SHOW COLUMNS FROM `data` [ RunTime:0.0070s ]
ERR: 1064:You have an error in your SQL syntax; check the manual that corresponds to your MySQL server version for the right syntax to use near ') ORDER BY id desc LIMIT 1' at line 1
 [ SQL语句 ] : SELECT * FROM `data` WHERE ( machine_id= ) ORDER BY id desc LIMIT 1  
ERR: 1064:You have an error in your SQL syntax; check the manual that corresponds to your MySQL server version for the right syntax to use near ') ORDER BY id desc LIMIT 1' at line 1
 [ SQL语句 ] : SELECT * FROM `data` WHERE ( machine_id= ) ORDER BY id desc LIMIT 1  

[ 2017-06-24T21:52:36+08:00 ] 127.0.0.1 /project1/index.php
INFO: [ app_init ] --START--
INFO: Run Behavior\BuildLiteBehavior [ RunTime:0.000000s ]
INFO: [ app_init ] --END-- [ RunTime:0.001001s ]
INFO: [ app_begin ] --START--
INFO: Run Behavior\ReadHtmlCacheBehavior [ RunTime:0.001000s ]
INFO: [ app_begin ] --END-- [ RunTime:0.001000s ]
INFO: [ view_parse ] --START--
INFO: [ template_filter ] --START--
INFO: Run Behavior\ContentReplaceBehavior [ RunTime:0.000000s ]
INFO: [ template_filter ] --END-- [ RunTime:0.000000s ]
INFO: Run Behavior\ParseTemplateBehavior [ RunTime:0.011000s ]
INFO: [ view_parse ] --END-- [ RunTime:0.011000s ]
INFO: [ view_filter ] --START--
INFO: Run Behavior\WriteHtmlCacheBehavior [ RunTime:0.001000s ]
INFO: [ view_filter ] --END-- [ RunTime:0.001000s ]
INFO: [ app_end ] --START--
INFO: Run Behavior\ShowPageTraceBehavior [ RunTime:0.001000s ]
INFO: [ app_end ] --END-- [ RunTime:0.001000s ]

[ 2017-06-24T21:52:37+08:00 ] ::1 /project1/index.php/home/index/data/machine_id/2.html
INFO: [ app_init ] --START--
INFO: Run Behavior\BuildLiteBehavior [ RunTime:0.000000s ]
INFO: [ app_init ] --END-- [ RunTime:0.000000s ]
INFO: [ app_begin ] --START--
INFO: Run Behavior\ReadHtmlCacheBehavior [ RunTime:0.000000s ]
INFO: [ app_begin ] --END-- [ RunTime:0.000000s ]
INFO: [ view_parse ] --START--
INFO: [ template_filter ] --START--
INFO: Run Behavior\ContentReplaceBehavior [ RunTime:0.000000s ]
INFO: [ template_filter ] --END-- [ RunTime:0.000000s ]
NOTIC: [8] Use of undefined constant admin - assumed 'admin' D:\phpStudy\WWW\project1\Application\Runtime\Cache\Home\4c619b7abef6e99f30be44706da11172.php 第 43 行.
NOTIC: [8] Undefined variable: username D:\phpStudy\WWW\project1\Application\Runtime\Cache\Home\4c619b7abef6e99f30be44706da11172.php 第 50 行.
NOTIC: [8] Undefined variable: data D:\phpStudy\WWW\project1\Application\Runtime\Cache\Home\4c619b7abef6e99f30be44706da11172.php 第 178 行.
NOTIC: [8] Undefined variable: data D:\phpStudy\WWW\project1\Application\Runtime\Cache\Home\4c619b7abef6e99f30be44706da11172.php 第 179 行.
NOTIC: [8] Undefined variable: data D:\phpStudy\WWW\project1\Application\Runtime\Cache\Home\4c619b7abef6e99f30be44706da11172.php 第 180 行.
NOTIC: [8] Undefined variable: data D:\phpStudy\WWW\project1\Application\Runtime\Cache\Home\4c619b7abef6e99f30be44706da11172.php 第 181 行.
NOTIC: [8] Undefined variable: data D:\phpStudy\WWW\project1\Application\Runtime\Cache\Home\4c619b7abef6e99f30be44706da11172.php 第 193 行.
NOTIC: [8] Undefined variable: data D:\phpStudy\WWW\project1\Application\Runtime\Cache\Home\4c619b7abef6e99f30be44706da11172.php 第 196 行.
NOTIC: [8] Undefined variable: data D:\phpStudy\WWW\project1\Application\Runtime\Cache\Home\4c619b7abef6e99f30be44706da11172.php 第 200 行.
NOTIC: [8] Undefined variable: data D:\phpStudy\WWW\project1\Application\Runtime\Cache\Home\4c619b7abef6e99f30be44706da11172.php 第 206 行.
NOTIC: [8] Undefined variable: _page D:\phpStudy\WWW\project1\Application\Runtime\Cache\Home\4c619b7abef6e99f30be44706da11172.php 第 226 行.
INFO: Run Behavior\ParseTemplateBehavior [ RunTime:0.019001s ]
INFO: [ view_parse ] --END-- [ RunTime:0.019001s ]
INFO: [ view_filter ] --START--
INFO: Run Behavior\WriteHtmlCacheBehavior [ RunTime:0.001000s ]
INFO: [ view_filter ] --END-- [ RunTime:0.001000s ]
INFO: [ app_end ] --START--
INFO: Run Behavior\ShowPageTraceBehavior [ RunTime:0.002000s ]
INFO: [ app_end ] --END-- [ RunTime:0.002000s ]

[ 2017-06-24T21:52:37+08:00 ] ::1 /project1/index.php/Home/Index/getdata.html
INFO: [ app_init ] --START--
INFO: Run Behavior\BuildLiteBehavior [ RunTime:0.000000s ]
INFO: [ app_init ] --END-- [ RunTime:0.000000s ]
INFO: [ app_begin ] --START--
INFO: Run Behavior\ReadHtmlCacheBehavior [ RunTime:0.001000s ]
INFO: [ app_begin ] --END-- [ RunTime:0.001000s ]
SQL: SHOW COLUMNS FROM `data` [ RunTime:0.0060s ]
ERR: 1064:You have an error in your SQL syntax; check the manual that corresponds to your MySQL server version for the right syntax to use near ') ORDER BY id desc LIMIT 1' at line 1
 [ SQL语句 ] : SELECT * FROM `data` WHERE ( machine_id= ) ORDER BY id desc LIMIT 1  
ERR: 1064:You have an error in your SQL syntax; check the manual that corresponds to your MySQL server version for the right syntax to use near ') ORDER BY id desc LIMIT 1' at line 1
 [ SQL语句 ] : SELECT * FROM `data` WHERE ( machine_id= ) ORDER BY id desc LIMIT 1  

[ 2017-06-24T21:52:39+08:00 ] ::1 /project1/index.php/home/index/data/machine_id/2.html
INFO: [ app_init ] --START--
INFO: Run Behavior\BuildLiteBehavior [ RunTime:0.000000s ]
INFO: [ app_init ] --END-- [ RunTime:0.000000s ]
INFO: [ app_begin ] --START--
INFO: Run Behavior\ReadHtmlCacheBehavior [ RunTime:0.001000s ]
INFO: [ app_begin ] --END-- [ RunTime:0.001000s ]
INFO: [ view_parse ] --START--
INFO: [ template_filter ] --START--
INFO: Run Behavior\ContentReplaceBehavior [ RunTime:0.001000s ]
INFO: [ template_filter ] --END-- [ RunTime:0.001000s ]
NOTIC: [8] Use of undefined constant admin - assumed 'admin' D:\phpStudy\WWW\project1\Application\Runtime\Cache\Home\4c619b7abef6e99f30be44706da11172.php 第 43 行.
NOTIC: [8] Undefined variable: username D:\phpStudy\WWW\project1\Application\Runtime\Cache\Home\4c619b7abef6e99f30be44706da11172.php 第 50 行.
NOTIC: [8] Undefined variable: data D:\phpStudy\WWW\project1\Application\Runtime\Cache\Home\4c619b7abef6e99f30be44706da11172.php 第 178 行.
NOTIC: [8] Undefined variable: data D:\phpStudy\WWW\project1\Application\Runtime\Cache\Home\4c619b7abef6e99f30be44706da11172.php 第 179 行.
NOTIC: [8] Undefined variable: data D:\phpStudy\WWW\project1\Application\Runtime\Cache\Home\4c619b7abef6e99f30be44706da11172.php 第 180 行.
NOTIC: [8] Undefined variable: data D:\phpStudy\WWW\project1\Application\Runtime\Cache\Home\4c619b7abef6e99f30be44706da11172.php 第 181 行.
NOTIC: [8] Undefined variable: data D:\phpStudy\WWW\project1\Application\Runtime\Cache\Home\4c619b7abef6e99f30be44706da11172.php 第 193 行.
NOTIC: [8] Undefined variable: data D:\phpStudy\WWW\project1\Application\Runtime\Cache\Home\4c619b7abef6e99f30be44706da11172.php 第 196 行.
NOTIC: [8] Undefined variable: data D:\phpStudy\WWW\project1\Application\Runtime\Cache\Home\4c619b7abef6e99f30be44706da11172.php 第 200 行.
NOTIC: [8] Undefined variable: data D:\phpStudy\WWW\project1\Application\Runtime\Cache\Home\4c619b7abef6e99f30be44706da11172.php 第 206 行.
NOTIC: [8] Undefined variable: _page D:\phpStudy\WWW\project1\Application\Runtime\Cache\Home\4c619b7abef6e99f30be44706da11172.php 第 226 行.
INFO: Run Behavior\ParseTemplateBehavior [ RunTime:0.016001s ]
INFO: [ view_parse ] --END-- [ RunTime:0.016001s ]
INFO: [ view_filter ] --START--
INFO: Run Behavior\WriteHtmlCacheBehavior [ RunTime:0.000000s ]
INFO: [ view_filter ] --END-- [ RunTime:0.000000s ]
INFO: [ app_end ] --START--
INFO: Run Behavior\ShowPageTraceBehavior [ RunTime:0.001000s ]
INFO: [ app_end ] --END-- [ RunTime:0.001000s ]

[ 2017-06-24T21:52:39+08:00 ] ::1 /project1/index.php/Home/Index/getdata.html
INFO: [ app_init ] --START--
INFO: Run Behavior\BuildLiteBehavior [ RunTime:0.000000s ]
INFO: [ app_init ] --END-- [ RunTime:0.001000s ]
INFO: [ app_begin ] --START--
INFO: Run Behavior\ReadHtmlCacheBehavior [ RunTime:0.001000s ]
INFO: [ app_begin ] --END-- [ RunTime:0.001000s ]
SQL: SHOW COLUMNS FROM `data` [ RunTime:0.0090s ]
ERR: 1064:You have an error in your SQL syntax; check the manual that corresponds to your MySQL server version for the right syntax to use near ') ORDER BY id desc LIMIT 1' at line 1
 [ SQL语句 ] : SELECT * FROM `data` WHERE ( machine_id= ) ORDER BY id desc LIMIT 1  
ERR: 1064:You have an error in your SQL syntax; check the manual that corresponds to your MySQL server version for the right syntax to use near ') ORDER BY id desc LIMIT 1' at line 1
 [ SQL语句 ] : SELECT * FROM `data` WHERE ( machine_id= ) ORDER BY id desc LIMIT 1  

[ 2017-06-24T21:52:41+08:00 ] ::1 /project1/index.php/home/index/data/machine_id/2.html
INFO: [ app_init ] --START--
INFO: Run Behavior\BuildLiteBehavior [ RunTime:0.000000s ]
INFO: [ app_init ] --END-- [ RunTime:0.000000s ]
INFO: [ app_begin ] --START--
INFO: Run Behavior\ReadHtmlCacheBehavior [ RunTime:0.001001s ]
INFO: [ app_begin ] --END-- [ RunTime:0.001001s ]
INFO: [ view_parse ] --START--
INFO: [ template_filter ] --START--
INFO: Run Behavior\ContentReplaceBehavior [ RunTime:0.000000s ]
INFO: [ template_filter ] --END-- [ RunTime:0.000000s ]
NOTIC: [8] Use of undefined constant admin - assumed 'admin' D:\phpStudy\WWW\project1\Application\Runtime\Cache\Home\4c619b7abef6e99f30be44706da11172.php 第 43 行.
NOTIC: [8] Undefined variable: username D:\phpStudy\WWW\project1\Application\Runtime\Cache\Home\4c619b7abef6e99f30be44706da11172.php 第 50 行.
NOTIC: [8] Undefined variable: data D:\phpStudy\WWW\project1\Application\Runtime\Cache\Home\4c619b7abef6e99f30be44706da11172.php 第 178 行.
NOTIC: [8] Undefined variable: data D:\phpStudy\WWW\project1\Application\Runtime\Cache\Home\4c619b7abef6e99f30be44706da11172.php 第 179 行.
NOTIC: [8] Undefined variable: data D:\phpStudy\WWW\project1\Application\Runtime\Cache\Home\4c619b7abef6e99f30be44706da11172.php 第 180 行.
NOTIC: [8] Undefined variable: data D:\phpStudy\WWW\project1\Application\Runtime\Cache\Home\4c619b7abef6e99f30be44706da11172.php 第 181 行.
NOTIC: [8] Undefined variable: data D:\phpStudy\WWW\project1\Application\Runtime\Cache\Home\4c619b7abef6e99f30be44706da11172.php 第 193 行.
NOTIC: [8] Undefined variable: data D:\phpStudy\WWW\project1\Application\Runtime\Cache\Home\4c619b7abef6e99f30be44706da11172.php 第 196 行.
NOTIC: [8] Undefined variable: data D:\phpStudy\WWW\project1\Application\Runtime\Cache\Home\4c619b7abef6e99f30be44706da11172.php 第 200 行.
NOTIC: [8] Undefined variable: data D:\phpStudy\WWW\project1\Application\Runtime\Cache\Home\4c619b7abef6e99f30be44706da11172.php 第 206 行.
NOTIC: [8] Undefined variable: _page D:\phpStudy\WWW\project1\Application\Runtime\Cache\Home\4c619b7abef6e99f30be44706da11172.php 第 226 行.
INFO: Run Behavior\ParseTemplateBehavior [ RunTime:0.016001s ]
INFO: [ view_parse ] --END-- [ RunTime:0.016001s ]
INFO: [ view_filter ] --START--
INFO: Run Behavior\WriteHtmlCacheBehavior [ RunTime:0.000000s ]
INFO: [ view_filter ] --END-- [ RunTime:0.001000s ]
INFO: [ app_end ] --START--
INFO: Run Behavior\ShowPageTraceBehavior [ RunTime:0.001000s ]
INFO: [ app_end ] --END-- [ RunTime:0.001000s ]

[ 2017-06-24T21:52:41+08:00 ] ::1 /project1/index.php/Home/Index/getdata.html
INFO: [ app_init ] --START--
INFO: Run Behavior\BuildLiteBehavior [ RunTime:0.000000s ]
INFO: [ app_init ] --END-- [ RunTime:0.001000s ]
INFO: [ app_begin ] --START--
INFO: Run Behavior\ReadHtmlCacheBehavior [ RunTime:0.000000s ]
INFO: [ app_begin ] --END-- [ RunTime:0.001000s ]
SQL: SHOW COLUMNS FROM `data` [ RunTime:0.0060s ]
ERR: 1064:You have an error in your SQL syntax; check the manual that corresponds to your MySQL server version for the right syntax to use near ') ORDER BY id desc LIMIT 1' at line 1
 [ SQL语句 ] : SELECT * FROM `data` WHERE ( machine_id= ) ORDER BY id desc LIMIT 1  
ERR: 1064:You have an error in your SQL syntax; check the manual that corresponds to your MySQL server version for the right syntax to use near ') ORDER BY id desc LIMIT 1' at line 1
 [ SQL语句 ] : SELECT * FROM `data` WHERE ( machine_id= ) ORDER BY id desc LIMIT 1  

[ 2017-06-24T21:52:44+08:00 ] ::1 /project1/index.php/home/index/data/machine_id/2.html
INFO: [ app_init ] --START--
INFO: Run Behavior\BuildLiteBehavior [ RunTime:0.000000s ]
INFO: [ app_init ] --END-- [ RunTime:0.001000s ]
INFO: [ app_begin ] --START--
INFO: Run Behavior\ReadHtmlCacheBehavior [ RunTime:0.000000s ]
INFO: [ app_begin ] --END-- [ RunTime:0.000000s ]
INFO: [ view_parse ] --START--
INFO: [ template_filter ] --START--
INFO: Run Behavior\ContentReplaceBehavior [ RunTime:0.001000s ]
INFO: [ template_filter ] --END-- [ RunTime:0.001000s ]
NOTIC: [8] Use of undefined constant admin - assumed 'admin' D:\phpStudy\WWW\project1\Application\Runtime\Cache\Home\4c619b7abef6e99f30be44706da11172.php 第 43 行.
NOTIC: [8] Undefined variable: username D:\phpStudy\WWW\project1\Application\Runtime\Cache\Home\4c619b7abef6e99f30be44706da11172.php 第 50 行.
NOTIC: [8] Undefined variable: data D:\phpStudy\WWW\project1\Application\Runtime\Cache\Home\4c619b7abef6e99f30be44706da11172.php 第 178 行.
NOTIC: [8] Undefined variable: data D:\phpStudy\WWW\project1\Application\Runtime\Cache\Home\4c619b7abef6e99f30be44706da11172.php 第 179 行.
NOTIC: [8] Undefined variable: data D:\phpStudy\WWW\project1\Application\Runtime\Cache\Home\4c619b7abef6e99f30be44706da11172.php 第 180 行.
NOTIC: [8] Undefined variable: data D:\phpStudy\WWW\project1\Application\Runtime\Cache\Home\4c619b7abef6e99f30be44706da11172.php 第 181 行.
NOTIC: [8] Undefined variable: data D:\phpStudy\WWW\project1\Application\Runtime\Cache\Home\4c619b7abef6e99f30be44706da11172.php 第 193 行.
NOTIC: [8] Undefined variable: data D:\phpStudy\WWW\project1\Application\Runtime\Cache\Home\4c619b7abef6e99f30be44706da11172.php 第 196 行.
NOTIC: [8] Undefined variable: data D:\phpStudy\WWW\project1\Application\Runtime\Cache\Home\4c619b7abef6e99f30be44706da11172.php 第 200 行.
NOTIC: [8] Undefined variable: data D:\phpStudy\WWW\project1\Application\Runtime\Cache\Home\4c619b7abef6e99f30be44706da11172.php 第 206 行.
NOTIC: [8] Undefined variable: _page D:\phpStudy\WWW\project1\Application\Runtime\Cache\Home\4c619b7abef6e99f30be44706da11172.php 第 226 行.
INFO: Run Behavior\ParseTemplateBehavior [ RunTime:0.015000s ]
INFO: [ view_parse ] --END-- [ RunTime:0.015000s ]
INFO: [ view_filter ] --START--
INFO: Run Behavior\WriteHtmlCacheBehavior [ RunTime:0.000000s ]
INFO: [ view_filter ] --END-- [ RunTime:0.000000s ]
INFO: [ app_end ] --START--
INFO: Run Behavior\ShowPageTraceBehavior [ RunTime:0.000000s ]
INFO: [ app_end ] --END-- [ RunTime:0.001001s ]

[ 2017-06-24T21:52:44+08:00 ] ::1 /project1/index.php/Home/Index/getdata.html
INFO: [ app_init ] --START--
INFO: Run Behavior\BuildLiteBehavior [ RunTime:0.000000s ]
INFO: [ app_init ] --END-- [ RunTime:0.001000s ]
INFO: [ app_begin ] --START--
INFO: Run Behavior\ReadHtmlCacheBehavior [ RunTime:0.000000s ]
INFO: [ app_begin ] --END-- [ RunTime:0.000000s ]
SQL: SHOW COLUMNS FROM `data` [ RunTime:0.0070s ]
ERR: 1064:You have an error in your SQL syntax; check the manual that corresponds to your MySQL server version for the right syntax to use near ') ORDER BY id desc LIMIT 1' at line 1
 [ SQL语句 ] : SELECT * FROM `data` WHERE ( machine_id= ) ORDER BY id desc LIMIT 1  
ERR: 1064:You have an error in your SQL syntax; check the manual that corresponds to your MySQL server version for the right syntax to use near ') ORDER BY id desc LIMIT 1' at line 1
 [ SQL语句 ] : SELECT * FROM `data` WHERE ( machine_id= ) ORDER BY id desc LIMIT 1  

[ 2017-06-24T21:53:00+08:00 ] ::1 /project1/index.php/home/index/data/machine_id/2.html
INFO: [ app_init ] --START--
INFO: Run Behavior\BuildLiteBehavior [ RunTime:0.000000s ]
INFO: [ app_init ] --END-- [ RunTime:0.000000s ]
INFO: [ app_begin ] --START--
INFO: Run Behavior\ReadHtmlCacheBehavior [ RunTime:0.001000s ]
INFO: [ app_begin ] --END-- [ RunTime:0.002000s ]
INFO: [ view_parse ] --START--
INFO: [ template_filter ] --START--
INFO: Run Behavior\ContentReplaceBehavior [ RunTime:0.000000s ]
INFO: [ template_filter ] --END-- [ RunTime:0.000000s ]
NOTIC: [8] Use of undefined constant admin - assumed 'admin' D:\phpStudy\WWW\project1\Application\Runtime\Cache\Home\4c619b7abef6e99f30be44706da11172.php 第 43 行.
NOTIC: [8] Undefined variable: username D:\phpStudy\WWW\project1\Application\Runtime\Cache\Home\4c619b7abef6e99f30be44706da11172.php 第 50 行.
NOTIC: [8] Undefined variable: data D:\phpStudy\WWW\project1\Application\Runtime\Cache\Home\4c619b7abef6e99f30be44706da11172.php 第 178 行.
NOTIC: [8] Undefined variable: data D:\phpStudy\WWW\project1\Application\Runtime\Cache\Home\4c619b7abef6e99f30be44706da11172.php 第 179 行.
NOTIC: [8] Undefined variable: data D:\phpStudy\WWW\project1\Application\Runtime\Cache\Home\4c619b7abef6e99f30be44706da11172.php 第 180 行.
NOTIC: [8] Undefined variable: data D:\phpStudy\WWW\project1\Application\Runtime\Cache\Home\4c619b7abef6e99f30be44706da11172.php 第 181 行.
NOTIC: [8] Undefined variable: data D:\phpStudy\WWW\project1\Application\Runtime\Cache\Home\4c619b7abef6e99f30be44706da11172.php 第 193 行.
NOTIC: [8] Undefined variable: data D:\phpStudy\WWW\project1\Application\Runtime\Cache\Home\4c619b7abef6e99f30be44706da11172.php 第 196 行.
NOTIC: [8] Undefined variable: data D:\phpStudy\WWW\project1\Application\Runtime\Cache\Home\4c619b7abef6e99f30be44706da11172.php 第 200 行.
NOTIC: [8] Undefined variable: data D:\phpStudy\WWW\project1\Application\Runtime\Cache\Home\4c619b7abef6e99f30be44706da11172.php 第 206 行.
NOTIC: [8] Undefined variable: _page D:\phpStudy\WWW\project1\Application\Runtime\Cache\Home\4c619b7abef6e99f30be44706da11172.php 第 226 行.
INFO: Run Behavior\ParseTemplateBehavior [ RunTime:0.020001s ]
INFO: [ view_parse ] --END-- [ RunTime:0.020001s ]
INFO: [ view_filter ] --START--
INFO: Run Behavior\WriteHtmlCacheBehavior [ RunTime:0.001000s ]
INFO: [ view_filter ] --END-- [ RunTime:0.001000s ]
INFO: [ app_end ] --START--
INFO: Run Behavior\ShowPageTraceBehavior [ RunTime:0.002000s ]
INFO: [ app_end ] --END-- [ RunTime:0.002000s ]

[ 2017-06-24T21:53:00+08:00 ] ::1 /project1/index.php/Home/Index/getdata.html
INFO: [ app_init ] --START--
INFO: Run Behavior\BuildLiteBehavior [ RunTime:0.000000s ]
INFO: [ app_init ] --END-- [ RunTime:0.001000s ]
INFO: [ app_begin ] --START--
INFO: Run Behavior\ReadHtmlCacheBehavior [ RunTime:0.000000s ]
INFO: [ app_begin ] --END-- [ RunTime:0.000000s ]
SQL: SHOW COLUMNS FROM `data` [ RunTime:0.0060s ]
ERR: 1064:You have an error in your SQL syntax; check the manual that corresponds to your MySQL server version for the right syntax to use near ') ORDER BY id desc LIMIT 1' at line 1
 [ SQL语句 ] : SELECT * FROM `data` WHERE ( machine_id= ) ORDER BY id desc LIMIT 1  
ERR: 1064:You have an error in your SQL syntax; check the manual that corresponds to your MySQL server version for the right syntax to use near ') ORDER BY id desc LIMIT 1' at line 1
 [ SQL语句 ] : SELECT * FROM `data` WHERE ( machine_id= ) ORDER BY id desc LIMIT 1  

[ 2017-06-24T21:53:01+08:00 ] ::1 /project1/index.php/home/index/data/machine_id/2.html
INFO: [ app_init ] --START--
INFO: Run Behavior\BuildLiteBehavior [ RunTime:0.000000s ]
INFO: [ app_init ] --END-- [ RunTime:0.000000s ]
INFO: [ app_begin ] --START--
INFO: Run Behavior\ReadHtmlCacheBehavior [ RunTime:0.001000s ]
INFO: [ app_begin ] --END-- [ RunTime:0.001000s ]
INFO: [ view_parse ] --START--
INFO: [ template_filter ] --START--
INFO: Run Behavior\ContentReplaceBehavior [ RunTime:0.001000s ]
INFO: [ template_filter ] --END-- [ RunTime:0.001000s ]
NOTIC: [8] Use of undefined constant admin - assumed 'admin' D:\phpStudy\WWW\project1\Application\Runtime\Cache\Home\4c619b7abef6e99f30be44706da11172.php 第 43 行.
NOTIC: [8] Undefined variable: username D:\phpStudy\WWW\project1\Application\Runtime\Cache\Home\4c619b7abef6e99f30be44706da11172.php 第 50 行.
NOTIC: [8] Undefined variable: data D:\phpStudy\WWW\project1\Application\Runtime\Cache\Home\4c619b7abef6e99f30be44706da11172.php 第 178 行.
NOTIC: [8] Undefined variable: data D:\phpStudy\WWW\project1\Application\Runtime\Cache\Home\4c619b7abef6e99f30be44706da11172.php 第 179 行.
NOTIC: [8] Undefined variable: data D:\phpStudy\WWW\project1\Application\Runtime\Cache\Home\4c619b7abef6e99f30be44706da11172.php 第 180 行.
NOTIC: [8] Undefined variable: data D:\phpStudy\WWW\project1\Application\Runtime\Cache\Home\4c619b7abef6e99f30be44706da11172.php 第 181 行.
NOTIC: [8] Undefined variable: data D:\phpStudy\WWW\project1\Application\Runtime\Cache\Home\4c619b7abef6e99f30be44706da11172.php 第 193 行.
NOTIC: [8] Undefined variable: data D:\phpStudy\WWW\project1\Application\Runtime\Cache\Home\4c619b7abef6e99f30be44706da11172.php 第 196 行.
NOTIC: [8] Undefined variable: data D:\phpStudy\WWW\project1\Application\Runtime\Cache\Home\4c619b7abef6e99f30be44706da11172.php 第 200 行.
NOTIC: [8] Undefined variable: data D:\phpStudy\WWW\project1\Application\Runtime\Cache\Home\4c619b7abef6e99f30be44706da11172.php 第 206 行.
NOTIC: [8] Undefined variable: _page D:\phpStudy\WWW\project1\Application\Runtime\Cache\Home\4c619b7abef6e99f30be44706da11172.php 第 226 行.
INFO: Run Behavior\ParseTemplateBehavior [ RunTime:0.016001s ]
INFO: [ view_parse ] --END-- [ RunTime:0.016001s ]
INFO: [ view_filter ] --START--
INFO: Run Behavior\WriteHtmlCacheBehavior [ RunTime:0.000000s ]
INFO: [ view_filter ] --END-- [ RunTime:0.000000s ]
INFO: [ app_end ] --START--
INFO: Run Behavior\ShowPageTraceBehavior [ RunTime:0.001000s ]
INFO: [ app_end ] --END-- [ RunTime:0.001000s ]

[ 2017-06-24T21:53:01+08:00 ] ::1 /project1/index.php/Home/Index/getdata.html
INFO: [ app_init ] --START--
INFO: Run Behavior\BuildLiteBehavior [ RunTime:0.000000s ]
INFO: [ app_init ] --END-- [ RunTime:0.000000s ]
INFO: [ app_begin ] --START--
INFO: Run Behavior\ReadHtmlCacheBehavior [ RunTime:0.001000s ]
INFO: [ app_begin ] --END-- [ RunTime:0.001000s ]
SQL: SHOW COLUMNS FROM `data` [ RunTime:0.0380s ]
ERR: 1064:You have an error in your SQL syntax; check the manual that corresponds to your MySQL server version for the right syntax to use near ') ORDER BY id desc LIMIT 1' at line 1
 [ SQL语句 ] : SELECT * FROM `data` WHERE ( machine_id= ) ORDER BY id desc LIMIT 1  
ERR: 1064:You have an error in your SQL syntax; check the manual that corresponds to your MySQL server version for the right syntax to use near ') ORDER BY id desc LIMIT 1' at line 1
 [ SQL语句 ] : SELECT * FROM `data` WHERE ( machine_id= ) ORDER BY id desc LIMIT 1  

[ 2017-06-24T21:53:02+08:00 ] ::1 /project1/index.php/home/index/data/machine_id/2.html
INFO: [ app_init ] --START--
INFO: Run Behavior\BuildLiteBehavior [ RunTime:0.001000s ]
INFO: [ app_init ] --END-- [ RunTime:0.001000s ]
INFO: [ app_begin ] --START--
INFO: Run Behavior\ReadHtmlCacheBehavior [ RunTime:0.000000s ]
INFO: [ app_begin ] --END-- [ RunTime:0.000000s ]
INFO: [ view_parse ] --START--
INFO: [ template_filter ] --START--
INFO: Run Behavior\ContentReplaceBehavior [ RunTime:0.000000s ]
INFO: [ template_filter ] --END-- [ RunTime:0.000000s ]
NOTIC: [8] Use of undefined constant admin - assumed 'admin' D:\phpStudy\WWW\project1\Application\Runtime\Cache\Home\4c619b7abef6e99f30be44706da11172.php 第 43 行.
NOTIC: [8] Undefined variable: username D:\phpStudy\WWW\project1\Application\Runtime\Cache\Home\4c619b7abef6e99f30be44706da11172.php 第 50 行.
NOTIC: [8] Undefined variable: data D:\phpStudy\WWW\project1\Application\Runtime\Cache\Home\4c619b7abef6e99f30be44706da11172.php 第 178 行.
NOTIC: [8] Undefined variable: data D:\phpStudy\WWW\project1\Application\Runtime\Cache\Home\4c619b7abef6e99f30be44706da11172.php 第 179 行.
NOTIC: [8] Undefined variable: data D:\phpStudy\WWW\project1\Application\Runtime\Cache\Home\4c619b7abef6e99f30be44706da11172.php 第 180 行.
NOTIC: [8] Undefined variable: data D:\phpStudy\WWW\project1\Application\Runtime\Cache\Home\4c619b7abef6e99f30be44706da11172.php 第 181 行.
NOTIC: [8] Undefined variable: data D:\phpStudy\WWW\project1\Application\Runtime\Cache\Home\4c619b7abef6e99f30be44706da11172.php 第 193 行.
NOTIC: [8] Undefined variable: data D:\phpStudy\WWW\project1\Application\Runtime\Cache\Home\4c619b7abef6e99f30be44706da11172.php 第 196 行.
NOTIC: [8] Undefined variable: data D:\phpStudy\WWW\project1\Application\Runtime\Cache\Home\4c619b7abef6e99f30be44706da11172.php 第 200 行.
NOTIC: [8] Undefined variable: data D:\phpStudy\WWW\project1\Application\Runtime\Cache\Home\4c619b7abef6e99f30be44706da11172.php 第 206 行.
NOTIC: [8] Undefined variable: _page D:\phpStudy\WWW\project1\Application\Runtime\Cache\Home\4c619b7abef6e99f30be44706da11172.php 第 226 行.
INFO: Run Behavior\ParseTemplateBehavior [ RunTime:0.016001s ]
INFO: [ view_parse ] --END-- [ RunTime:0.016001s ]
INFO: [ view_filter ] --START--
INFO: Run Behavior\WriteHtmlCacheBehavior [ RunTime:0.001000s ]
INFO: [ view_filter ] --END-- [ RunTime:0.001000s ]
INFO: [ app_end ] --START--
INFO: Run Behavior\ShowPageTraceBehavior [ RunTime:0.001000s ]
INFO: [ app_end ] --END-- [ RunTime:0.001000s ]

[ 2017-06-24T21:53:02+08:00 ] ::1 /project1/index.php/Home/Index/getdata.html
INFO: [ app_init ] --START--
INFO: Run Behavior\BuildLiteBehavior [ RunTime:0.000000s ]
INFO: [ app_init ] --END-- [ RunTime:0.001000s ]
INFO: [ app_begin ] --START--
INFO: Run Behavior\ReadHtmlCacheBehavior [ RunTime:0.001000s ]
INFO: [ app_begin ] --END-- [ RunTime:0.002000s ]
SQL: SHOW COLUMNS FROM `data` [ RunTime:0.0070s ]
ERR: 1064:You have an error in your SQL syntax; check the manual that corresponds to your MySQL server version for the right syntax to use near ') ORDER BY id desc LIMIT 1' at line 1
 [ SQL语句 ] : SELECT * FROM `data` WHERE ( machine_id= ) ORDER BY id desc LIMIT 1  
ERR: 1064:You have an error in your SQL syntax; check the manual that corresponds to your MySQL server version for the right syntax to use near ') ORDER BY id desc LIMIT 1' at line 1
 [ SQL语句 ] : SELECT * FROM `data` WHERE ( machine_id= ) ORDER BY id desc LIMIT 1  

[ 2017-06-24T21:53:04+08:00 ] ::1 /project1/index.php/home/index/data/machine_id/2.html
INFO: [ app_init ] --START--
INFO: Run Behavior\BuildLiteBehavior [ RunTime:0.000000s ]
INFO: [ app_init ] --END-- [ RunTime:0.001000s ]
INFO: [ app_begin ] --START--
INFO: Run Behavior\ReadHtmlCacheBehavior [ RunTime:0.001000s ]
INFO: [ app_begin ] --END-- [ RunTime:0.001000s ]
INFO: [ view_parse ] --START--
INFO: [ template_filter ] --START--
INFO: Run Behavior\ContentReplaceBehavior [ RunTime:0.000000s ]
INFO: [ template_filter ] --END-- [ RunTime:0.000000s ]
NOTIC: [8] Use of undefined constant admin - assumed 'admin' D:\phpStudy\WWW\project1\Application\Runtime\Cache\Home\4c619b7abef6e99f30be44706da11172.php 第 43 行.
NOTIC: [8] Undefined variable: username D:\phpStudy\WWW\project1\Application\Runtime\Cache\Home\4c619b7abef6e99f30be44706da11172.php 第 50 行.
NOTIC: [8] Undefined variable: data D:\phpStudy\WWW\project1\Application\Runtime\Cache\Home\4c619b7abef6e99f30be44706da11172.php 第 178 行.
NOTIC: [8] Undefined variable: data D:\phpStudy\WWW\project1\Application\Runtime\Cache\Home\4c619b7abef6e99f30be44706da11172.php 第 179 行.
NOTIC: [8] Undefined variable: data D:\phpStudy\WWW\project1\Application\Runtime\Cache\Home\4c619b7abef6e99f30be44706da11172.php 第 180 行.
NOTIC: [8] Undefined variable: data D:\phpStudy\WWW\project1\Application\Runtime\Cache\Home\4c619b7abef6e99f30be44706da11172.php 第 181 行.
NOTIC: [8] Undefined variable: data D:\phpStudy\WWW\project1\Application\Runtime\Cache\Home\4c619b7abef6e99f30be44706da11172.php 第 193 行.
NOTIC: [8] Undefined variable: data D:\phpStudy\WWW\project1\Application\Runtime\Cache\Home\4c619b7abef6e99f30be44706da11172.php 第 196 行.
NOTIC: [8] Undefined variable: data D:\phpStudy\WWW\project1\Application\Runtime\Cache\Home\4c619b7abef6e99f30be44706da11172.php 第 200 行.
NOTIC: [8] Undefined variable: data D:\phpStudy\WWW\project1\Application\Runtime\Cache\Home\4c619b7abef6e99f30be44706da11172.php 第 206 行.
NOTIC: [8] Undefined variable: _page D:\phpStudy\WWW\project1\Application\Runtime\Cache\Home\4c619b7abef6e99f30be44706da11172.php 第 226 行.
INFO: Run Behavior\ParseTemplateBehavior [ RunTime:0.017000s ]
INFO: [ view_parse ] --END-- [ RunTime:0.017000s ]
INFO: [ view_filter ] --START--
INFO: Run Behavior\WriteHtmlCacheBehavior [ RunTime:0.000000s ]
INFO: [ view_filter ] --END-- [ RunTime:0.000000s ]
INFO: [ app_end ] --START--
INFO: Run Behavior\ShowPageTraceBehavior [ RunTime:0.001001s ]
INFO: [ app_end ] --END-- [ RunTime:0.001001s ]

[ 2017-06-24T21:53:04+08:00 ] ::1 /project1/index.php/Home/Index/getdata.html
INFO: [ app_init ] --START--
INFO: Run Behavior\BuildLiteBehavior [ RunTime:0.000000s ]
INFO: [ app_init ] --END-- [ RunTime:0.000000s ]
INFO: [ app_begin ] --START--
INFO: Run Behavior\ReadHtmlCacheBehavior [ RunTime:0.000000s ]
INFO: [ app_begin ] --END-- [ RunTime:0.000000s ]
SQL: SHOW COLUMNS FROM `data` [ RunTime:0.0130s ]
ERR: 1064:You have an error in your SQL syntax; check the manual that corresponds to your MySQL server version for the right syntax to use near ') ORDER BY id desc LIMIT 1' at line 1
 [ SQL语句 ] : SELECT * FROM `data` WHERE ( machine_id= ) ORDER BY id desc LIMIT 1  
ERR: 1064:You have an error in your SQL syntax; check the manual that corresponds to your MySQL server version for the right syntax to use near ') ORDER BY id desc LIMIT 1' at line 1
 [ SQL语句 ] : SELECT * FROM `data` WHERE ( machine_id= ) ORDER BY id desc LIMIT 1  

[ 2017-06-24T21:54:16+08:00 ] ::1 /project1/index.php/home/index/data/machine_id/2.html
INFO: [ app_init ] --START--
INFO: Run Behavior\BuildLiteBehavior [ RunTime:0.001000s ]
INFO: [ app_init ] --END-- [ RunTime:0.001000s ]
INFO: [ app_begin ] --START--
INFO: Run Behavior\ReadHtmlCacheBehavior [ RunTime:0.001000s ]
INFO: [ app_begin ] --END-- [ RunTime:0.001000s ]
INFO: [ view_parse ] --START--
INFO: [ template_filter ] --START--
INFO: Run Behavior\ContentReplaceBehavior [ RunTime:0.000000s ]
INFO: [ template_filter ] --END-- [ RunTime:0.000000s ]
NOTIC: [8] Use of undefined constant admin - assumed 'admin' D:\phpStudy\WWW\project1\Application\Runtime\Cache\Home\4c619b7abef6e99f30be44706da11172.php 第 43 行.
NOTIC: [8] Undefined variable: username D:\phpStudy\WWW\project1\Application\Runtime\Cache\Home\4c619b7abef6e99f30be44706da11172.php 第 50 行.
NOTIC: [8] Undefined variable: data D:\phpStudy\WWW\project1\Application\Runtime\Cache\Home\4c619b7abef6e99f30be44706da11172.php 第 178 行.
NOTIC: [8] Undefined variable: data D:\phpStudy\WWW\project1\Application\Runtime\Cache\Home\4c619b7abef6e99f30be44706da11172.php 第 179 行.
NOTIC: [8] Undefined variable: data D:\phpStudy\WWW\project1\Application\Runtime\Cache\Home\4c619b7abef6e99f30be44706da11172.php 第 180 行.
NOTIC: [8] Undefined variable: data D:\phpStudy\WWW\project1\Application\Runtime\Cache\Home\4c619b7abef6e99f30be44706da11172.php 第 181 行.
NOTIC: [8] Undefined variable: data D:\phpStudy\WWW\project1\Application\Runtime\Cache\Home\4c619b7abef6e99f30be44706da11172.php 第 200 行.
NOTIC: [8] Undefined variable: data D:\phpStudy\WWW\project1\Application\Runtime\Cache\Home\4c619b7abef6e99f30be44706da11172.php 第 206 行.
NOTIC: [8] Undefined variable: _page D:\phpStudy\WWW\project1\Application\Runtime\Cache\Home\4c619b7abef6e99f30be44706da11172.php 第 226 行.
INFO: Run Behavior\ParseTemplateBehavior [ RunTime:0.015001s ]
INFO: [ view_parse ] --END-- [ RunTime:0.016001s ]
INFO: [ view_filter ] --START--
INFO: Run Behavior\WriteHtmlCacheBehavior [ RunTime:0.000000s ]
INFO: [ view_filter ] --END-- [ RunTime:0.000000s ]
INFO: [ app_end ] --START--
INFO: Run Behavior\ShowPageTraceBehavior [ RunTime:0.001000s ]
INFO: [ app_end ] --END-- [ RunTime:0.001000s ]

[ 2017-06-24T21:54:17+08:00 ] ::1 /project1/index.php/Home/Index/getdata.html
INFO: [ app_init ] --START--
INFO: Run Behavior\BuildLiteBehavior [ RunTime:0.000000s ]
INFO: [ app_init ] --END-- [ RunTime:0.001000s ]
INFO: [ app_begin ] --START--
INFO: Run Behavior\ReadHtmlCacheBehavior [ RunTime:0.001001s ]
INFO: [ app_begin ] --END-- [ RunTime:0.001001s ]
SQL: SHOW COLUMNS FROM `data` [ RunTime:0.0070s ]
ERR: 1064:You have an error in your SQL syntax; check the manual that corresponds to your MySQL server version for the right syntax to use near ') ORDER BY id desc LIMIT 1' at line 1
 [ SQL语句 ] : SELECT * FROM `data` WHERE ( machine_id= ) ORDER BY id desc LIMIT 1  
ERR: 1064:You have an error in your SQL syntax; check the manual that corresponds to your MySQL server version for the right syntax to use near ') ORDER BY id desc LIMIT 1' at line 1
 [ SQL语句 ] : SELECT * FROM `data` WHERE ( machine_id= ) ORDER BY id desc LIMIT 1  

[ 2017-06-24T21:54:17+08:00 ] ::1 /project1/index.php/home/index/data/machine_id/2.html
INFO: [ app_init ] --START--
INFO: Run Behavior\BuildLiteBehavior [ RunTime:0.000000s ]
INFO: [ app_init ] --END-- [ RunTime:0.000000s ]
INFO: [ app_begin ] --START--
INFO: Run Behavior\ReadHtmlCacheBehavior [ RunTime:0.001000s ]
INFO: [ app_begin ] --END-- [ RunTime:0.001000s ]
INFO: [ view_parse ] --START--
INFO: [ template_filter ] --START--
INFO: Run Behavior\ContentReplaceBehavior [ RunTime:0.000000s ]
INFO: [ template_filter ] --END-- [ RunTime:0.000000s ]
NOTIC: [8] Use of undefined constant admin - assumed 'admin' D:\phpStudy\WWW\project1\Application\Runtime\Cache\Home\4c619b7abef6e99f30be44706da11172.php 第 43 行.
NOTIC: [8] Undefined variable: username D:\phpStudy\WWW\project1\Application\Runtime\Cache\Home\4c619b7abef6e99f30be44706da11172.php 第 50 行.
NOTIC: [8] Undefined variable: data D:\phpStudy\WWW\project1\Application\Runtime\Cache\Home\4c619b7abef6e99f30be44706da11172.php 第 178 行.
NOTIC: [8] Undefined variable: data D:\phpStudy\WWW\project1\Application\Runtime\Cache\Home\4c619b7abef6e99f30be44706da11172.php 第 179 行.
NOTIC: [8] Undefined variable: data D:\phpStudy\WWW\project1\Application\Runtime\Cache\Home\4c619b7abef6e99f30be44706da11172.php 第 180 行.
NOTIC: [8] Undefined variable: data D:\phpStudy\WWW\project1\Application\Runtime\Cache\Home\4c619b7abef6e99f30be44706da11172.php 第 181 行.
NOTIC: [8] Undefined variable: data D:\phpStudy\WWW\project1\Application\Runtime\Cache\Home\4c619b7abef6e99f30be44706da11172.php 第 200 行.
NOTIC: [8] Undefined variable: data D:\phpStudy\WWW\project1\Application\Runtime\Cache\Home\4c619b7abef6e99f30be44706da11172.php 第 206 行.
NOTIC: [8] Undefined variable: _page D:\phpStudy\WWW\project1\Application\Runtime\Cache\Home\4c619b7abef6e99f30be44706da11172.php 第 226 行.
INFO: Run Behavior\ParseTemplateBehavior [ RunTime:0.015001s ]
INFO: [ view_parse ] --END-- [ RunTime:0.015001s ]
INFO: [ view_filter ] --START--
INFO: Run Behavior\WriteHtmlCacheBehavior [ RunTime:0.000000s ]
INFO: [ view_filter ] --END-- [ RunTime:0.000000s ]
INFO: [ app_end ] --START--
INFO: Run Behavior\ShowPageTraceBehavior [ RunTime:0.001000s ]
INFO: [ app_end ] --END-- [ RunTime:0.001000s ]

[ 2017-06-24T21:54:17+08:00 ] ::1 /project1/index.php/Home/Index/getdata.html
INFO: [ app_init ] --START--
INFO: Run Behavior\BuildLiteBehavior [ RunTime:0.000000s ]
INFO: [ app_init ] --END-- [ RunTime:0.000000s ]
INFO: [ app_begin ] --START--
INFO: Run Behavior\ReadHtmlCacheBehavior [ RunTime:0.001000s ]
INFO: [ app_begin ] --END-- [ RunTime:0.002000s ]
SQL: SHOW COLUMNS FROM `data` [ RunTime:0.0110s ]
ERR: 1064:You have an error in your SQL syntax; check the manual that corresponds to your MySQL server version for the right syntax to use near ') ORDER BY id desc LIMIT 1' at line 1
 [ SQL语句 ] : SELECT * FROM `data` WHERE ( machine_id= ) ORDER BY id desc LIMIT 1  
ERR: 1064:You have an error in your SQL syntax; check the manual that corresponds to your MySQL server version for the right syntax to use near ') ORDER BY id desc LIMIT 1' at line 1
 [ SQL语句 ] : SELECT * FROM `data` WHERE ( machine_id= ) ORDER BY id desc LIMIT 1  

[ 2017-06-24T21:54:19+08:00 ] ::1 /project1/index.php/home/index/data/machine_id/2.html
INFO: [ app_init ] --START--
INFO: Run Behavior\BuildLiteBehavior [ RunTime:0.000000s ]
INFO: [ app_init ] --END-- [ RunTime:0.001000s ]
INFO: [ app_begin ] --START--
INFO: Run Behavior\ReadHtmlCacheBehavior [ RunTime:0.001000s ]
INFO: [ app_begin ] --END-- [ RunTime:0.001000s ]
INFO: [ view_parse ] --START--
INFO: [ template_filter ] --START--
INFO: Run Behavior\ContentReplaceBehavior [ RunTime:0.001000s ]
INFO: [ template_filter ] --END-- [ RunTime:0.001000s ]
NOTIC: [8] Use of undefined constant admin - assumed 'admin' D:\phpStudy\WWW\project1\Application\Runtime\Cache\Home\4c619b7abef6e99f30be44706da11172.php 第 43 行.
NOTIC: [8] Undefined variable: username D:\phpStudy\WWW\project1\Application\Runtime\Cache\Home\4c619b7abef6e99f30be44706da11172.php 第 50 行.
NOTIC: [8] Undefined variable: data D:\phpStudy\WWW\project1\Application\Runtime\Cache\Home\4c619b7abef6e99f30be44706da11172.php 第 178 行.
NOTIC: [8] Undefined variable: data D:\phpStudy\WWW\project1\Application\Runtime\Cache\Home\4c619b7abef6e99f30be44706da11172.php 第 179 行.
NOTIC: [8] Undefined variable: data D:\phpStudy\WWW\project1\Application\Runtime\Cache\Home\4c619b7abef6e99f30be44706da11172.php 第 180 行.
NOTIC: [8] Undefined variable: data D:\phpStudy\WWW\project1\Application\Runtime\Cache\Home\4c619b7abef6e99f30be44706da11172.php 第 181 行.
NOTIC: [8] Undefined variable: data D:\phpStudy\WWW\project1\Application\Runtime\Cache\Home\4c619b7abef6e99f30be44706da11172.php 第 200 行.
NOTIC: [8] Undefined variable: data D:\phpStudy\WWW\project1\Application\Runtime\Cache\Home\4c619b7abef6e99f30be44706da11172.php 第 206 行.
NOTIC: [8] Undefined variable: _page D:\phpStudy\WWW\project1\Application\Runtime\Cache\Home\4c619b7abef6e99f30be44706da11172.php 第 226 行.
INFO: Run Behavior\ParseTemplateBehavior [ RunTime:0.017001s ]
INFO: [ view_parse ] --END-- [ RunTime:0.017001s ]
INFO: [ view_filter ] --START--
INFO: Run Behavior\WriteHtmlCacheBehavior [ RunTime:0.000000s ]
INFO: [ view_filter ] --END-- [ RunTime:0.000000s ]
INFO: [ app_end ] --START--
INFO: Run Behavior\ShowPageTraceBehavior [ RunTime:0.001000s ]
INFO: [ app_end ] --END-- [ RunTime:0.001000s ]

[ 2017-06-24T21:54:20+08:00 ] ::1 /project1/index.php/Home/Index/getdata.html
INFO: [ app_init ] --START--
INFO: Run Behavior\BuildLiteBehavior [ RunTime:0.000000s ]
INFO: [ app_init ] --END-- [ RunTime:0.000000s ]
INFO: [ app_begin ] --START--
INFO: Run Behavior\ReadHtmlCacheBehavior [ RunTime:0.001000s ]
INFO: [ app_begin ] --END-- [ RunTime:0.002000s ]
SQL: SHOW COLUMNS FROM `data` [ RunTime:0.0090s ]
ERR: 1064:You have an error in your SQL syntax; check the manual that corresponds to your MySQL server version for the right syntax to use near ') ORDER BY id desc LIMIT 1' at line 1
 [ SQL语句 ] : SELECT * FROM `data` WHERE ( machine_id= ) ORDER BY id desc LIMIT 1  
ERR: 1064:You have an error in your SQL syntax; check the manual that corresponds to your MySQL server version for the right syntax to use near ') ORDER BY id desc LIMIT 1' at line 1
 [ SQL语句 ] : SELECT * FROM `data` WHERE ( machine_id= ) ORDER BY id desc LIMIT 1  

